2021-07-08 12:35:25.0271 [] Start process instances... 
2021-07-08 12:35:55.1986 [] ... done 
Type any key to stop2021-07-08 12:35:55.2917 [] Invoke REST call... 
2021-07-08 12:35:55.3354 [] Invoke REST call... 
2021-07-08 12:35:55.3354 [] Invoke REST call... 
2021-07-08 12:35:55.3354 [] Invoke REST call... 
2021-07-08 12:35:55.3354 [] Invoke REST call... 
2021-07-08 12:35:55.3354 [] Invoke REST call... 
2021-07-08 12:35:55.3354 [] Invoke REST call... 
2021-07-08 12:35:55.3354 [] Invoke REST call... 
2021-07-08 12:35:55.3354 [] Invoke REST call... 
2021-07-08 12:35:55.3354 [] Invoke REST call... 
2021-07-08 12:35:55.3354 [] Invoke REST call... 
2021-07-08 12:35:55.3354 [] Invoke REST call... 
2021-07-08 12:35:55.3354 [] Invoke REST call... 
2021-07-08 12:35:55.3354 [] Invoke REST call... 
2021-07-08 12:35:55.3354 [] Invoke REST call... 
2021-07-08 12:35:55.3354 [] Invoke REST call... 
2021-07-08 12:35:55.3354 [] Invoke REST call... 
2021-07-08 12:35:55.3354 [] Invoke REST call... 
2021-07-08 12:35:55.3354 [] Invoke REST call... 
2021-07-08 12:35:55.3354 [] Invoke REST call... 
2021-07-08 12:35:55.3354 [] Invoke REST call... 
2021-07-08 12:35:55.3354 [] Invoke REST call... 
2021-07-08 12:35:55.3354 [] Invoke REST call... 
2021-07-08 12:35:55.3354 [] Invoke REST call... 
2021-07-08 12:35:55.3354 [] Invoke REST call... 
2021-07-08 12:35:55.3354 [] Invoke REST call... 
2021-07-08 12:35:55.3354 [] Invoke REST call... 
2021-07-08 12:35:55.3354 [] Invoke REST call... 
2021-07-08 12:35:55.3354 [] Invoke REST call... 
2021-07-08 12:35:55.3354 [] Invoke REST call... 
2021-07-08 12:35:55.3354 [] Invoke REST call... 
2021-07-08 12:35:55.3354 [] Invoke REST call... 
2021-07-08 12:35:55.3812 [] Invoke REST call... 
2021-07-08 12:35:55.3812 [] Invoke REST call... 
2021-07-08 12:35:55.3812 [] Invoke REST call... 
2021-07-08 12:35:55.3812 [] Invoke REST call... 
2021-07-08 12:35:55.3812 [] Invoke REST call... 
2021-07-08 12:35:55.3812 [] Invoke REST call... 
2021-07-08 12:35:55.3812 [] Invoke REST call... 
2021-07-08 12:35:55.3812 [] Invoke REST call... 
2021-07-08 12:35:55.3812 [] Invoke REST call... 
2021-07-08 12:35:55.3812 [] Invoke REST call... 
2021-07-08 12:35:55.3812 [] Invoke REST call... 
2021-07-08 12:35:55.3812 [] Invoke REST call... 
2021-07-08 12:35:55.3812 [] Invoke REST call... 
2021-07-08 12:35:55.4317 [] Invoke REST call... 
2021-07-08 12:35:55.4317 [] Invoke REST call... 
2021-07-08 12:35:55.4317 [] Invoke REST call... 
2021-07-08 12:35:55.4317 [] Invoke REST call... 
2021-07-08 12:35:55.4317 [] Invoke REST call... 
2021-07-08 12:35:55.4317 [] Invoke REST call... 
2021-07-08 12:35:55.4317 [] Invoke REST call... 
2021-07-08 12:35:55.4317 [] Invoke REST call... 
2021-07-08 12:35:55.4317 [] Invoke REST call... 
2021-07-08 12:35:55.4317 [] Invoke REST call... 
2021-07-08 12:35:55.4317 [] Invoke REST call... 
2021-07-08 12:35:55.4317 [] Invoke REST call... 
2021-07-08 12:35:55.4478 [] Invoke REST call... 
2021-07-08 12:35:55.4478 [] Invoke REST call... 
2021-07-08 12:35:55.4478 [] Invoke REST call... 
2021-07-08 12:35:55.4478 [] Invoke REST call... 
2021-07-08 12:35:55.4478 [] Invoke REST call... 
2021-07-08 12:35:55.4478 [] Invoke REST call... 
2021-07-08 12:35:55.4478 [] Invoke REST call... 
2021-07-08 12:35:55.4587 [] ...finished. Complete Job... 
2021-07-08 12:35:55.4587 [] ...finished. Complete Job... 
2021-07-08 12:35:55.4587 [] ...finished. Complete Job... 
2021-07-08 12:35:55.4587 [] ...finished. Complete Job... 
2021-07-08 12:35:55.4587 [] ...finished. Complete Job... 
2021-07-08 12:35:55.4793 [] Invoke REST call... 
2021-07-08 12:35:55.4793 [] Invoke REST call... 
2021-07-08 12:35:55.4793 [] Invoke REST call... 
2021-07-08 12:35:55.4793 [] Invoke REST call... 
2021-07-08 12:35:55.4793 [] Invoke REST call... 
2021-07-08 12:35:55.4793 [] Invoke REST call... 
2021-07-08 12:35:55.4793 [] Invoke REST call... 
2021-07-08 12:35:55.4793 [] Invoke REST call... 
2021-07-08 12:35:55.4793 [] Invoke REST call... 
2021-07-08 12:35:55.4793 [] Invoke REST call... 
2021-07-08 12:35:55.4793 [] Invoke REST call... 
2021-07-08 12:35:55.4901 [] Invoke REST call... 
2021-07-08 12:35:55.4901 [] Invoke REST call... 
2021-07-08 12:35:55.5144 [] ...completed (1). Current throughput (jobs/s ): 1 
2021-07-08 12:35:55.5144 [] ...completed (2). Current throughput (jobs/s ): 3 
2021-07-08 12:35:55.5144 [] ...completed (3). Current throughput (jobs/s ): 3 
2021-07-08 12:35:55.5144 [] ...completed (4). Current throughput (jobs/s ): 4 
2021-07-08 12:35:55.5371 [] Invoke REST call... 
2021-07-08 12:35:55.5371 [] Invoke REST call... 
2021-07-08 12:35:55.5371 [] Invoke REST call... 
2021-07-08 12:35:55.5371 [] Invoke REST call... 
2021-07-08 12:35:55.5371 [] Invoke REST call... 
2021-07-08 12:35:55.5371 [] Invoke REST call... 
2021-07-08 12:35:55.5371 [] Invoke REST call... 
2021-07-08 12:35:55.5371 [] Invoke REST call... 
2021-07-08 12:35:55.5371 [] Invoke REST call... 
2021-07-08 12:35:55.5371 [] Invoke REST call... 
2021-07-08 12:35:55.5371 [] Invoke REST call... 
2021-07-08 12:35:55.5371 [] Invoke REST call... 
2021-07-08 12:35:55.5371 [] Invoke REST call... 
2021-07-08 12:35:55.5371 [] Invoke REST call... 
2021-07-08 12:35:55.5371 [] Invoke REST call... 
2021-07-08 12:35:55.5371 [] Invoke REST call... 
2021-07-08 12:35:55.5519 [] Invoke REST call... 
2021-07-08 12:35:55.5519 [] Invoke REST call... 
2021-07-08 12:35:55.5519 [] Invoke REST call... 
2021-07-08 12:35:55.5519 [] ...finished. Complete Job... 
2021-07-08 12:35:55.5519 [] ...finished. Complete Job... 
2021-07-08 12:35:55.5519 [] ...finished. Complete Job... 
2021-07-08 12:35:55.5519 [] ...finished. Complete Job... 
2021-07-08 12:35:55.5519 [] ...finished. Complete Job... 
2021-07-08 12:35:55.5519 [] ...finished. Complete Job... 
2021-07-08 12:35:55.5519 [] ...finished. Complete Job... 
2021-07-08 12:35:55.5519 [] ...completed (5). Current throughput (jobs/s ): 5 
2021-07-08 12:35:55.5519 [] ...finished. Complete Job... 
2021-07-08 12:35:55.6070 [] Invoke REST call... 
2021-07-08 12:35:55.6070 [] Invoke REST call... 
2021-07-08 12:35:55.6070 [] Invoke REST call... 
2021-07-08 12:35:55.6070 [] Invoke REST call... 
2021-07-08 12:35:55.6070 [] Invoke REST call... 
2021-07-08 12:35:55.6070 [] Invoke REST call... 
2021-07-08 12:35:55.6070 [] Invoke REST call... 
2021-07-08 12:35:55.6070 [] Invoke REST call... 
2021-07-08 12:35:55.6070 [] Invoke REST call... 
2021-07-08 12:35:55.6070 [] Invoke REST call... 
2021-07-08 12:35:55.6070 [] Invoke REST call... 
2021-07-08 12:35:55.6070 [] Invoke REST call... 
2021-07-08 12:35:55.6070 [] Invoke REST call... 
2021-07-08 12:35:55.6195 [] ...completed (6). Current throughput (jobs/s ): 6 
2021-07-08 12:35:55.6195 [] ...completed (7). Current throughput (jobs/s ): 7 
2021-07-08 12:35:55.6195 [] ...completed (8). Current throughput (jobs/s ): 8 
2021-07-08 12:35:55.6195 [] ...completed (10). Current throughput (jobs/s ): 10 
2021-07-08 12:35:55.6195 [] ...completed (9). Current throughput (jobs/s ): 9 
2021-07-08 12:35:55.6195 [] ...completed (11). Current throughput (jobs/s ): 11 
2021-07-08 12:35:55.6195 [] ...completed (13). Current throughput (jobs/s ): 13 
2021-07-08 12:35:55.6195 [] ...completed (12). Current throughput (jobs/s ): 12 
2021-07-08 12:35:55.6589 [] Invoke REST call... 
2021-07-08 12:35:55.6589 [] Invoke REST call... 
2021-07-08 12:35:55.6589 [] Invoke REST call... 
2021-07-08 12:35:55.6589 [] Invoke REST call... 
2021-07-08 12:35:55.6589 [] Invoke REST call... 
2021-07-08 12:35:55.6589 [] Invoke REST call... 
2021-07-08 12:35:55.6589 [] Invoke REST call... 
2021-07-08 12:35:55.6589 [] Invoke REST call... 
2021-07-08 12:35:55.6589 [] Invoke REST call... 
2021-07-08 12:35:55.6589 [] Invoke REST call... 
2021-07-08 12:35:55.6615 [] Invoke REST call... 
2021-07-08 12:35:55.6615 [] Invoke REST call... 
2021-07-08 12:35:55.6615 [] Invoke REST call... 
2021-07-08 12:35:55.6615 [] Invoke REST call... 
2021-07-08 12:35:55.6615 [] Invoke REST call... 
2021-07-08 12:35:55.6615 [] Invoke REST call... 
2021-07-08 12:35:55.6615 [] Invoke REST call... 
2021-07-08 12:35:55.6615 [] Invoke REST call... 
2021-07-08 12:35:55.6615 [] Invoke REST call... 
2021-07-08 12:35:55.6615 [] ...finished. Complete Job... 
2021-07-08 12:35:55.6615 [] ...finished. Complete Job... 
2021-07-08 12:35:55.6615 [] ...finished. Complete Job... 
2021-07-08 12:35:55.6615 [] ...finished. Complete Job... 
2021-07-08 12:35:55.6615 [] ...finished. Complete Job... 
2021-07-08 12:35:55.6615 [] ...finished. Complete Job... 
2021-07-08 12:35:55.7080 [] ...completed (15). Current throughput (jobs/s ): 15 
2021-07-08 12:35:55.7080 [] Invoke REST call... 
2021-07-08 12:35:55.7079 [] ...completed (14). Current throughput (jobs/s ): 14 
2021-07-08 12:35:55.7092 [] Invoke REST call... 
2021-07-08 12:35:55.7092 [] Invoke REST call... 
2021-07-08 12:35:55.7092 [] Invoke REST call... 
2021-07-08 12:35:55.7092 [] Invoke REST call... 
2021-07-08 12:35:55.7092 [] Invoke REST call... 
2021-07-08 12:35:55.7092 [] Invoke REST call... 
2021-07-08 12:35:55.7092 [] Invoke REST call... 
2021-07-08 12:35:55.7092 [] ...finished. Complete Job... 
2021-07-08 12:35:55.7092 [] ...finished. Complete Job... 
2021-07-08 12:35:55.7092 [] Invoke REST call... 
2021-07-08 12:35:55.7092 [] Invoke REST call... 
2021-07-08 12:35:55.7092 [] Invoke REST call... 
2021-07-08 12:35:55.7092 [] Invoke REST call... 
2021-07-08 12:35:55.7092 [] Invoke REST call... 
2021-07-08 12:35:55.7092 [] ...completed (16). Current throughput (jobs/s ): 16 
2021-07-08 12:35:55.7092 [] ...completed (17). Current throughput (jobs/s ): 17 
2021-07-08 12:35:55.7601 [] ...completed (18). Current throughput (jobs/s ): 18 
2021-07-08 12:35:55.7601 [] ...completed (19). Current throughput (jobs/s ): 19 
2021-07-08 12:35:55.7770 [] ...finished. Complete Job... 
2021-07-08 12:35:55.7770 [] ...finished. Complete Job... 
2021-07-08 12:35:55.7770 [] ...finished. Complete Job... 
2021-07-08 12:35:55.7770 [] ...finished. Complete Job... 
2021-07-08 12:35:55.7770 [] ...finished. Complete Job... 
2021-07-08 12:35:55.7770 [] ...finished. Complete Job... 
2021-07-08 12:35:55.8121 [] ...completed (21). Current throughput (jobs/s ): 21 
2021-07-08 12:35:55.8121 [] ...completed (21). Current throughput (jobs/s ): 21 
2021-07-08 12:35:55.8121 [] Invoke REST call... 
2021-07-08 12:35:55.8121 [] Invoke REST call... 
2021-07-08 12:35:55.8121 [] Invoke REST call... 
2021-07-08 12:35:55.8121 [] Invoke REST call... 
2021-07-08 12:35:55.8121 [] ...completed (22). Current throughput (jobs/s ): 22 
2021-07-08 12:35:55.8121 [] Invoke REST call... 
2021-07-08 12:35:55.8121 [] Invoke REST call... 
2021-07-08 12:35:55.8121 [] Invoke REST call... 
2021-07-08 12:35:55.8121 [] Invoke REST call... 
2021-07-08 12:35:55.8121 [] Invoke REST call... 
2021-07-08 12:35:55.8121 [] Invoke REST call... 
2021-07-08 12:35:55.8121 [] Invoke REST call... 
2021-07-08 12:35:55.8121 [] Invoke REST call... 
2021-07-08 12:35:55.8121 [] Invoke REST call... 
2021-07-08 12:35:55.8121 [] Invoke REST call... 
2021-07-08 12:35:55.8121 [] Invoke REST call... 
2021-07-08 12:35:55.8121 [] Invoke REST call... 
2021-07-08 12:35:55.8183 [] Invoke REST call... 
2021-07-08 12:35:55.8183 [] Invoke REST call... 
2021-07-08 12:35:55.8183 [] Invoke REST call... 
2021-07-08 12:35:55.8183 [] ...completed (24). Current throughput (jobs/s ): 24 
2021-07-08 12:35:55.8183 [] ...completed (24). Current throughput (jobs/s ): 24 
2021-07-08 12:35:55.8183 [] ...finished. Complete Job... 
2021-07-08 12:35:55.8183 [] ...finished. Complete Job... 
2021-07-08 12:35:55.8183 [] ...completed (25). Current throughput (jobs/s ): 25 
2021-07-08 12:35:55.8183 [] ...completed (26). Current throughput (jobs/s ): 26 
2021-07-08 12:35:55.8183 [] ...completed (27). Current throughput (jobs/s ): 27 
2021-07-08 12:35:55.8679 [] Invoke REST call... 
2021-07-08 12:35:55.8679 [] Invoke REST call... 
2021-07-08 12:35:55.8679 [] Invoke REST call... 
2021-07-08 12:35:55.8679 [] Invoke REST call... 
2021-07-08 12:35:55.8679 [] Invoke REST call... 
2021-07-08 12:35:55.8679 [] Invoke REST call... 
2021-07-08 12:35:55.8679 [] Invoke REST call... 
2021-07-08 12:35:55.8679 [] Invoke REST call... 
2021-07-08 12:35:55.8679 [] Invoke REST call... 
2021-07-08 12:35:55.8679 [] Invoke REST call... 
2021-07-08 12:35:55.8679 [] Invoke REST call... 
2021-07-08 12:35:55.8679 [] Invoke REST call... 
2021-07-08 12:35:55.8679 [] Invoke REST call... 
2021-07-08 12:35:55.8679 [] ...completed (28). Current throughput (jobs/s ): 28 
2021-07-08 12:35:55.8845 [] ...finished. Complete Job... 
2021-07-08 12:35:55.8845 [] ...finished. Complete Job... 
2021-07-08 12:35:55.8845 [] ...finished. Complete Job... 
2021-07-08 12:35:55.8845 [] ...finished. Complete Job... 
2021-07-08 12:35:55.8845 [] ...finished. Complete Job... 
2021-07-08 12:35:55.8845 [] ...finished. Complete Job... 
2021-07-08 12:35:55.9129 [] ...completed (29). Current throughput (jobs/s ): 29 
2021-07-08 12:35:55.9314 [] ...finished. Complete Job... 
2021-07-08 12:35:55.9314 [] ...finished. Complete Job... 
2021-07-08 12:35:55.9433 [] ...completed (30). Current throughput (jobs/s ): 30 
2021-07-08 12:35:55.9433 [] ...completed (31). Current throughput (jobs/s ): 32 
2021-07-08 12:35:55.9433 [] ...completed (32). Current throughput (jobs/s ): 32 
2021-07-08 12:35:55.9433 [] ...completed (33). Current throughput (jobs/s ): 33 
2021-07-08 12:35:55.9655 [] Invoke REST call... 
2021-07-08 12:35:55.9655 [] Invoke REST call... 
2021-07-08 12:35:55.9655 [] Invoke REST call... 
2021-07-08 12:35:55.9655 [] Invoke REST call... 
2021-07-08 12:35:55.9655 [] Invoke REST call... 
2021-07-08 12:35:55.9655 [] Invoke REST call... 
2021-07-08 12:35:55.9655 [] Invoke REST call... 
2021-07-08 12:35:55.9655 [] Invoke REST call... 
2021-07-08 12:35:55.9655 [] Invoke REST call... 
2021-07-08 12:35:55.9655 [] Invoke REST call... 
2021-07-08 12:35:55.9655 [] Invoke REST call... 
2021-07-08 12:35:55.9655 [] Invoke REST call... 
2021-07-08 12:35:55.9655 [] Invoke REST call... 
2021-07-08 12:35:55.9655 [] Invoke REST call... 
2021-07-08 12:35:55.9742 [] Invoke REST call... 
2021-07-08 12:35:55.9742 [] Invoke REST call... 
2021-07-08 12:35:55.9742 [] Invoke REST call... 
2021-07-08 12:35:55.9742 [] Invoke REST call... 
2021-07-08 12:35:55.9742 [] Invoke REST call... 
2021-07-08 12:35:55.9742 [] ...completed (34). Current throughput (jobs/s ): 34 
2021-07-08 12:35:55.9742 [] ...completed (35). Current throughput (jobs/s ): 35 
2021-07-08 12:35:55.9949 [] ...finished. Complete Job... 
2021-07-08 12:35:55.9949 [] ...finished. Complete Job... 
2021-07-08 12:35:55.9949 [] ...finished. Complete Job... 
2021-07-08 12:35:55.9949 [] ...finished. Complete Job... 
2021-07-08 12:35:55.9949 [] ...finished. Complete Job... 
2021-07-08 12:35:55.9949 [] ...finished. Complete Job... 
2021-07-08 12:35:56.0236 [] ...completed (36). Current throughput (jobs/s ): 36 
2021-07-08 12:35:56.0236 [] Invoke REST call... 
2021-07-08 12:35:56.0236 [] ...completed (37). Current throughput (jobs/s ): 37 
2021-07-08 12:35:56.0236 [] Invoke REST call... 
2021-07-08 12:35:56.0236 [] Invoke REST call... 
2021-07-08 12:35:56.0236 [] Invoke REST call... 
2021-07-08 12:35:56.0236 [] Invoke REST call... 
2021-07-08 12:35:56.0236 [] Invoke REST call... 
2021-07-08 12:35:56.0236 [] Invoke REST call... 
2021-07-08 12:35:56.0236 [] Invoke REST call... 
2021-07-08 12:35:56.0236 [] Invoke REST call... 
2021-07-08 12:35:56.0236 [] Invoke REST call... 
2021-07-08 12:35:56.0236 [] Invoke REST call... 
2021-07-08 12:35:56.0236 [] Invoke REST call... 
2021-07-08 12:35:56.0236 [] Invoke REST call... 
2021-07-08 12:35:56.0396 [] ...completed (38). Current throughput (jobs/s ): 38 
2021-07-08 12:35:56.0396 [] ...finished. Complete Job... 
2021-07-08 12:35:56.0396 [] ...finished. Complete Job... 
2021-07-08 12:35:56.0396 [] ...completed (39). Current throughput (jobs/s ): 40 
2021-07-08 12:35:56.0396 [] ...completed (40). Current throughput (jobs/s ): 40 
2021-07-08 12:35:56.0396 [] ...completed (41). Current throughput (jobs/s ): 41 
2021-07-08 12:35:56.0808 [] ...completed (42). Current throughput (jobs/s ): 42 
2021-07-08 12:35:56.0808 [] Invoke REST call... 
2021-07-08 12:35:56.0808 [] Invoke REST call... 
2021-07-08 12:35:56.0808 [] Invoke REST call... 
2021-07-08 12:35:56.0808 [] Invoke REST call... 
2021-07-08 12:35:56.0808 [] Invoke REST call... 
2021-07-08 12:35:56.0834 [] Invoke REST call... 
2021-07-08 12:35:56.0834 [] Invoke REST call... 
2021-07-08 12:35:56.0834 [] Invoke REST call... 
2021-07-08 12:35:56.0834 [] Invoke REST call... 
2021-07-08 12:35:56.0834 [] Invoke REST call... 
2021-07-08 12:35:56.0834 [] Invoke REST call... 
2021-07-08 12:35:56.0834 [] Invoke REST call... 
2021-07-08 12:35:56.0834 [] Invoke REST call... 
2021-07-08 12:35:56.0834 [] Invoke REST call... 
2021-07-08 12:35:56.0834 [] Invoke REST call... 
2021-07-08 12:35:56.0834 [] Invoke REST call... 
2021-07-08 12:35:56.0834 [] Invoke REST call... 
2021-07-08 12:35:56.0834 [] Invoke REST call... 
2021-07-08 12:35:56.0834 [] Invoke REST call... 
2021-07-08 12:35:56.0834 [] ...completed (43). Current throughput (jobs/s ): 43 
2021-07-08 12:35:56.0834 [] ...completed (44). Current throughput (jobs/s ): 44 
2021-07-08 12:35:56.0834 [] ...completed (45). Current throughput (jobs/s ): 45 
2021-07-08 12:35:56.1054 [] ...finished. Complete Job... 
2021-07-08 12:35:56.1054 [] ...finished. Complete Job... 
2021-07-08 12:35:56.1054 [] ...finished. Complete Job... 
2021-07-08 12:35:56.1054 [] ...finished. Complete Job... 
2021-07-08 12:35:56.1054 [] ...finished. Complete Job... 
2021-07-08 12:35:56.1054 [] ...finished. Complete Job... 
2021-07-08 12:35:56.1439 [] ...completed (46). Current throughput (jobs/s ): 46 
2021-07-08 12:35:56.1439 [] Invoke REST call... 
2021-07-08 12:35:56.1439 [] Invoke REST call... 
2021-07-08 12:35:56.1457 [] Invoke REST call... 
2021-07-08 12:35:56.1457 [] Invoke REST call... 
2021-07-08 12:35:56.1457 [] Invoke REST call... 
2021-07-08 12:35:56.1457 [] Invoke REST call... 
2021-07-08 12:35:56.1457 [] Invoke REST call... 
2021-07-08 12:35:56.1457 [] Invoke REST call... 
2021-07-08 12:35:56.1457 [] Invoke REST call... 
2021-07-08 12:35:56.1457 [] Invoke REST call... 
2021-07-08 12:35:56.1457 [] ...finished. Complete Job... 
2021-07-08 12:35:56.1457 [] ...finished. Complete Job... 
2021-07-08 12:35:56.1457 [] Invoke REST call... 
2021-07-08 12:35:56.1457 [] Invoke REST call... 
2021-07-08 12:35:56.1457 [] Invoke REST call... 
2021-07-08 12:35:56.1457 [] ...completed (47). Current throughput (jobs/s ): 47 
2021-07-08 12:35:56.1457 [] ...completed (48). Current throughput (jobs/s ): 48 
2021-07-08 12:35:56.1909 [] ...completed (49). Current throughput (jobs/s ): 49 
2021-07-08 12:35:56.1909 [] ...completed (50). Current throughput (jobs/s ): 50 
2021-07-08 12:35:56.1909 [] ...completed (51). Current throughput (jobs/s ): 51 
2021-07-08 12:35:56.2141 [] ...finished. Complete Job... 
2021-07-08 12:35:56.2141 [] ...finished. Complete Job... 
2021-07-08 12:35:56.2141 [] ...finished. Complete Job... 
2021-07-08 12:35:56.2141 [] ...finished. Complete Job... 
2021-07-08 12:35:56.2141 [] ...finished. Complete Job... 
2021-07-08 12:35:56.2141 [] ...finished. Complete Job... 
2021-07-08 12:35:56.2355 [] Invoke REST call... 
2021-07-08 12:35:56.2355 [] Invoke REST call... 
2021-07-08 12:35:56.2355 [] Invoke REST call... 
2021-07-08 12:35:56.2355 [] Invoke REST call... 
2021-07-08 12:35:56.2355 [] Invoke REST call... 
2021-07-08 12:35:56.2355 [] Invoke REST call... 
2021-07-08 12:35:56.2355 [] Invoke REST call... 
2021-07-08 12:35:56.2355 [] Invoke REST call... 
2021-07-08 12:35:56.2355 [] Invoke REST call... 
2021-07-08 12:35:56.2355 [] Invoke REST call... 
2021-07-08 12:35:56.2355 [] Invoke REST call... 
2021-07-08 12:35:56.2355 [] Invoke REST call... 
2021-07-08 12:35:56.2398 [] Invoke REST call... 
2021-07-08 12:35:56.2398 [] Invoke REST call... 
2021-07-08 12:35:56.2398 [] Invoke REST call... 
2021-07-08 12:35:56.2398 [] Invoke REST call... 
2021-07-08 12:35:56.2398 [] Invoke REST call... 
2021-07-08 12:35:56.2398 [] Invoke REST call... 
2021-07-08 12:35:56.2398 [] Invoke REST call... 
2021-07-08 12:35:56.2398 [] ...completed (52). Current throughput (jobs/s ): 52 
2021-07-08 12:35:56.2398 [] ...completed (53). Current throughput (jobs/s ): 53 
2021-07-08 12:35:56.2604 [] ...finished. Complete Job... 
2021-07-08 12:35:56.2604 [] ...finished. Complete Job... 
2021-07-08 12:35:56.2604 [] ...completed (54). Current throughput (jobs/s ): 54 
2021-07-08 12:35:56.2771 [] ...completed (55). Current throughput (jobs/s ): 55 
2021-07-08 12:35:56.2771 [] ...completed (56). Current throughput (jobs/s ): 56 
2021-07-08 12:35:56.2771 [] ...completed (57). Current throughput (jobs/s ): 57 
2021-07-08 12:35:56.2771 [] ...completed (59). Current throughput (jobs/s ): 59 
2021-07-08 12:35:56.2771 [] ...completed (59). Current throughput (jobs/s ): 59 
2021-07-08 12:35:56.3000 [] Invoke REST call... 
2021-07-08 12:35:56.3000 [] Invoke REST call... 
2021-07-08 12:35:56.3000 [] Invoke REST call... 
2021-07-08 12:35:56.3000 [] Invoke REST call... 
2021-07-08 12:35:56.3000 [] Invoke REST call... 
2021-07-08 12:35:56.3027 [] Invoke REST call... 
2021-07-08 12:35:56.3027 [] Invoke REST call... 
2021-07-08 12:35:56.3027 [] Invoke REST call... 
2021-07-08 12:35:56.3027 [] Invoke REST call... 
2021-07-08 12:35:56.3027 [] Invoke REST call... 
2021-07-08 12:35:56.3027 [] Invoke REST call... 
2021-07-08 12:35:56.3027 [] Invoke REST call... 
2021-07-08 12:35:56.3027 [] Invoke REST call... 
2021-07-08 12:35:56.3027 [] ...completed (61). Current throughput (jobs/s ): 61 
2021-07-08 12:35:56.3027 [] ...completed (61). Current throughput (jobs/s ): 61 
2021-07-08 12:35:56.3221 [] ...finished. Complete Job... 
2021-07-08 12:35:56.3221 [] ...finished. Complete Job... 
2021-07-08 12:35:56.3221 [] ...finished. Complete Job... 
2021-07-08 12:35:56.3221 [] ...finished. Complete Job... 
2021-07-08 12:35:56.3221 [] ...finished. Complete Job... 
2021-07-08 12:35:56.3221 [] ...finished. Complete Job... 
2021-07-08 12:35:56.3683 [] ...finished. Complete Job... 
2021-07-08 12:35:56.3683 [] ...finished. Complete Job... 
2021-07-08 12:35:56.3683 [] ...completed (62). Current throughput (jobs/s ): 62 
2021-07-08 12:35:56.3683 [] ...completed (63). Current throughput (jobs/s ): 63 
2021-07-08 12:35:56.3683 [] ...completed (64). Current throughput (jobs/s ): 64 
2021-07-08 12:35:56.4069 [] Invoke REST call... 
2021-07-08 12:35:56.4069 [] Invoke REST call... 
2021-07-08 12:35:56.4069 [] Invoke REST call... 
2021-07-08 12:35:56.4069 [] Invoke REST call... 
2021-07-08 12:35:56.4069 [] ...completed (65). Current throughput (jobs/s ): 65 
2021-07-08 12:35:56.4069 [] ...completed (66). Current throughput (jobs/s ): 66 
2021-07-08 12:35:56.4069 [] Invoke REST call... 
2021-07-08 12:35:56.4069 [] Invoke REST call... 
2021-07-08 12:35:56.4069 [] Invoke REST call... 
2021-07-08 12:35:56.4125 [] Invoke REST call... 
2021-07-08 12:35:56.4125 [] Invoke REST call... 
2021-07-08 12:35:56.4125 [] Invoke REST call... 
2021-07-08 12:35:56.4125 [] Invoke REST call... 
2021-07-08 12:35:56.4125 [] Invoke REST call... 
2021-07-08 12:35:56.4125 [] Invoke REST call... 
2021-07-08 12:35:56.4125 [] Invoke REST call... 
2021-07-08 12:35:56.4125 [] Invoke REST call... 
2021-07-08 12:35:56.4125 [] ...completed (67). Current throughput (jobs/s ): 67 
2021-07-08 12:35:56.4125 [] Invoke REST call... 
2021-07-08 12:35:56.4125 [] Invoke REST call... 
2021-07-08 12:35:56.4125 [] Invoke REST call... 
2021-07-08 12:35:56.4125 [] Invoke REST call... 
2021-07-08 12:35:56.4305 [] ...finished. Complete Job... 
2021-07-08 12:35:56.4305 [] ...finished. Complete Job... 
2021-07-08 12:35:56.4305 [] ...finished. Complete Job... 
2021-07-08 12:35:56.4305 [] ...finished. Complete Job... 
2021-07-08 12:35:56.4305 [] ...finished. Complete Job... 
2021-07-08 12:35:56.4305 [] ...finished. Complete Job... 
2021-07-08 12:35:56.4507 [] ...completed (68). Current throughput (jobs/s ): 68 
2021-07-08 12:35:56.4507 [] Invoke REST call... 
2021-07-08 12:35:56.4507 [] Invoke REST call... 
2021-07-08 12:35:56.4507 [] Invoke REST call... 
2021-07-08 12:35:56.4507 [] Invoke REST call... 
2021-07-08 12:35:56.4507 [] ...completed (69). Current throughput (jobs/s ): 69 
2021-07-08 12:35:56.4507 [] Invoke REST call... 
2021-07-08 12:35:56.4507 [] Invoke REST call... 
2021-07-08 12:35:56.4507 [] Invoke REST call... 
2021-07-08 12:35:56.4507 [] Invoke REST call... 
2021-07-08 12:35:56.4507 [] Invoke REST call... 
2021-07-08 12:35:56.4507 [] Invoke REST call... 
2021-07-08 12:35:56.4507 [] Invoke REST call... 
2021-07-08 12:35:56.4592 [] Invoke REST call... 
2021-07-08 12:35:56.4592 [] Invoke REST call... 
2021-07-08 12:35:56.4768 [] ...finished. Complete Job... 
2021-07-08 12:35:56.4768 [] ...finished. Complete Job... 
2021-07-08 12:35:56.4768 [] ...completed (71). Current throughput (jobs/s ): 71 
2021-07-08 12:35:56.4768 [] ...completed (72). Current throughput (jobs/s ): 72 
2021-07-08 12:35:56.4768 [] ...completed (70). Current throughput (jobs/s ): 70 
2021-07-08 12:35:56.4768 [] ...completed (73). Current throughput (jobs/s ): 73 
2021-07-08 12:35:56.4768 [] ...completed (75). Current throughput (jobs/s ): 75 
2021-07-08 12:35:56.4768 [] ...completed (74). Current throughput (jobs/s ): 74 
2021-07-08 12:35:56.5063 [] Invoke REST call... 
2021-07-08 12:35:56.5063 [] Invoke REST call... 
2021-07-08 12:35:56.5063 [] Invoke REST call... 
2021-07-08 12:35:56.5063 [] Invoke REST call... 
2021-07-08 12:35:56.5063 [] Invoke REST call... 
2021-07-08 12:35:56.5063 [] Invoke REST call... 
2021-07-08 12:35:56.5063 [] Invoke REST call... 
2021-07-08 12:35:56.5063 [] Invoke REST call... 
2021-07-08 12:35:56.5063 [] Invoke REST call... 
2021-07-08 12:35:56.5063 [] Invoke REST call... 
2021-07-08 12:35:56.5063 [] Invoke REST call... 
2021-07-08 12:35:56.5063 [] Invoke REST call... 
2021-07-08 12:35:56.5063 [] Invoke REST call... 
2021-07-08 12:35:56.5063 [] Invoke REST call... 
2021-07-08 12:35:56.5063 [] Invoke REST call... 
2021-07-08 12:35:56.5063 [] Invoke REST call... 
2021-07-08 12:35:56.5063 [] Invoke REST call... 
2021-07-08 12:35:56.5063 [] Invoke REST call... 
2021-07-08 12:35:56.5063 [] Invoke REST call... 
2021-07-08 12:35:56.5287 [] ...completed (76). Current throughput (jobs/s ): 76, Max: 76 
2021-07-08 12:35:56.5389 [] ...finished. Complete Job... 
2021-07-08 12:35:56.5389 [] ...finished. Complete Job... 
2021-07-08 12:35:56.5389 [] ...finished. Complete Job... 
2021-07-08 12:35:56.5389 [] ...finished. Complete Job... 
2021-07-08 12:35:56.5389 [] ...finished. Complete Job... 
2021-07-08 12:35:56.5389 [] ...finished. Complete Job... 
2021-07-08 12:35:56.5664 [] ...completed (77). Current throughput (jobs/s ): 77, Max: 77 
2021-07-08 12:35:56.5854 [] ...finished. Complete Job... 
2021-07-08 12:35:56.5854 [] ...finished. Complete Job... 
2021-07-08 12:35:56.5854 [] ...completed (78). Current throughput (jobs/s ): 78, Max: 78 
2021-07-08 12:35:56.5854 [] ...completed (79). Current throughput (jobs/s ): 79, Max: 79 
2021-07-08 12:35:56.5854 [] Invoke REST call... 
2021-07-08 12:35:56.5854 [] Invoke REST call... 
2021-07-08 12:35:56.5854 [] Invoke REST call... 
2021-07-08 12:35:56.5854 [] Invoke REST call... 
2021-07-08 12:35:56.5854 [] Invoke REST call... 
2021-07-08 12:35:56.5997 [] Invoke REST call... 
2021-07-08 12:35:56.5997 [] Invoke REST call... 
2021-07-08 12:35:56.5997 [] Invoke REST call... 
2021-07-08 12:35:56.5997 [] Invoke REST call... 
2021-07-08 12:35:56.5997 [] Invoke REST call... 
2021-07-08 12:35:56.5997 [] Invoke REST call... 
2021-07-08 12:35:56.5997 [] Invoke REST call... 
2021-07-08 12:35:56.5997 [] Invoke REST call... 
2021-07-08 12:35:56.6276 [] ...completed (80). Current throughput (jobs/s ): 80, Max: 80 
2021-07-08 12:35:56.6276 [] ...completed (81). Current throughput (jobs/s ): 81, Max: 81 
2021-07-08 12:35:56.6276 [] ...completed (82). Current throughput (jobs/s ): 82, Max: 82 
2021-07-08 12:35:56.6276 [] ...completed (83). Current throughput (jobs/s ): 83, Max: 83 
2021-07-08 12:35:56.6276 [] ...completed (84). Current throughput (jobs/s ): 84, Max: 84 
2021-07-08 12:35:56.6482 [] ...finished. Complete Job... 
2021-07-08 12:35:56.6482 [] ...finished. Complete Job... 
2021-07-08 12:35:56.6482 [] ...finished. Complete Job... 
2021-07-08 12:35:56.6482 [] ...finished. Complete Job... 
2021-07-08 12:35:56.6482 [] ...finished. Complete Job... 
2021-07-08 12:35:56.6482 [] ...finished. Complete Job... 
2021-07-08 12:35:56.6648 [] Invoke REST call... 
2021-07-08 12:35:56.6648 [] Invoke REST call... 
2021-07-08 12:35:56.6648 [] Invoke REST call... 
2021-07-08 12:35:56.6648 [] Invoke REST call... 
2021-07-08 12:35:56.6648 [] Invoke REST call... 
2021-07-08 12:35:56.6648 [] Invoke REST call... 
2021-07-08 12:35:56.6648 [] Invoke REST call... 
2021-07-08 12:35:56.6648 [] Invoke REST call... 
2021-07-08 12:35:56.6648 [] Invoke REST call... 
2021-07-08 12:35:56.6648 [] Invoke REST call... 
2021-07-08 12:35:56.6648 [] Invoke REST call... 
2021-07-08 12:35:56.6648 [] Invoke REST call... 
2021-07-08 12:35:56.6648 [] Invoke REST call... 
2021-07-08 12:35:56.6648 [] Invoke REST call... 
2021-07-08 12:35:56.6648 [] Invoke REST call... 
2021-07-08 12:35:56.6648 [] Invoke REST call... 
2021-07-08 12:35:56.6648 [] Invoke REST call... 
2021-07-08 12:35:56.6648 [] Invoke REST call... 
2021-07-08 12:35:56.6648 [] Invoke REST call... 
2021-07-08 12:35:56.6648 [] ...completed (85). Current throughput (jobs/s ): 85, Max: 85 
2021-07-08 12:35:56.6955 [] ...finished. Complete Job... 
2021-07-08 12:35:56.6955 [] ...finished. Complete Job... 
2021-07-08 12:35:56.6955 [] ...completed (86). Current throughput (jobs/s ): 86, Max: 86 
2021-07-08 12:35:56.6955 [] ...completed (87). Current throughput (jobs/s ): 87, Max: 87 
2021-07-08 12:35:56.6955 [] ...completed (89). Current throughput (jobs/s ): 89, Max: 89 
2021-07-08 12:35:56.6955 [] ...completed (88). Current throughput (jobs/s ): 88, Max: 88 
2021-07-08 12:35:56.6955 [] ...completed (90). Current throughput (jobs/s ): 90, Max: 90 
2021-07-08 12:35:56.7161 [] Invoke REST call... 
2021-07-08 12:35:56.7161 [] Invoke REST call... 
2021-07-08 12:35:56.7161 [] Invoke REST call... 
2021-07-08 12:35:56.7161 [] Invoke REST call... 
2021-07-08 12:35:56.7161 [] Invoke REST call... 
2021-07-08 12:35:56.7161 [] Invoke REST call... 
2021-07-08 12:35:56.7161 [] Invoke REST call... 
2021-07-08 12:35:56.7161 [] Invoke REST call... 
2021-07-08 12:35:56.7161 [] Invoke REST call... 
2021-07-08 12:35:56.7161 [] Invoke REST call... 
2021-07-08 12:35:56.7161 [] Invoke REST call... 
2021-07-08 12:35:56.7161 [] Invoke REST call... 
2021-07-08 12:35:56.7161 [] Invoke REST call... 
2021-07-08 12:35:56.7437 [] ...completed (92). Current throughput (jobs/s ): 92, Max: 92 
2021-07-08 12:35:56.7437 [] ...completed (91). Current throughput (jobs/s ): 91, Max: 91 
2021-07-08 12:35:56.7583 [] ...finished. Complete Job... 
2021-07-08 12:35:56.7583 [] ...finished. Complete Job... 
2021-07-08 12:35:56.7583 [] ...finished. Complete Job... 
2021-07-08 12:35:56.7583 [] ...finished. Complete Job... 
2021-07-08 12:35:56.7583 [] ...finished. Complete Job... 
2021-07-08 12:35:56.7583 [] ...finished. Complete Job... 
2021-07-08 12:35:56.7583 [] Invoke REST call... 
2021-07-08 12:35:56.7583 [] Invoke REST call... 
2021-07-08 12:35:56.7583 [] Invoke REST call... 
2021-07-08 12:35:56.7583 [] Invoke REST call... 
2021-07-08 12:35:56.7583 [] Invoke REST call... 
2021-07-08 12:35:56.7583 [] Invoke REST call... 
2021-07-08 12:35:56.7583 [] Invoke REST call... 
2021-07-08 12:35:56.7711 [] Invoke REST call... 
2021-07-08 12:35:56.7711 [] Invoke REST call... 
2021-07-08 12:35:56.7711 [] Invoke REST call... 
2021-07-08 12:35:56.7711 [] Invoke REST call... 
2021-07-08 12:35:56.7711 [] Invoke REST call... 
2021-07-08 12:35:56.7711 [] ...completed (93). Current throughput (jobs/s ): 93, Max: 93 
2021-07-08 12:35:56.7711 [] Invoke REST call... 
2021-07-08 12:35:56.7711 [] Invoke REST call... 
2021-07-08 12:35:56.7711 [] Invoke REST call... 
2021-07-08 12:35:56.7711 [] Invoke REST call... 
2021-07-08 12:35:56.7711 [] Invoke REST call... 
2021-07-08 12:35:56.7711 [] Invoke REST call... 
2021-07-08 12:35:56.7711 [] Invoke REST call... 
2021-07-08 12:35:56.7955 [] ...completed (94). Current throughput (jobs/s ): 94, Max: 94 
2021-07-08 12:35:56.8045 [] ...finished. Complete Job... 
2021-07-08 12:35:56.8045 [] ...finished. Complete Job... 
2021-07-08 12:35:56.8045 [] ...completed (95). Current throughput (jobs/s ): 95, Max: 95 
2021-07-08 12:35:56.8255 [] Invoke REST call... 
2021-07-08 12:35:56.8255 [] Invoke REST call... 
2021-07-08 12:35:56.8255 [] Invoke REST call... 
2021-07-08 12:35:56.8255 [] Invoke REST call... 
2021-07-08 12:35:56.8255 [] Invoke REST call... 
2021-07-08 12:35:56.8255 [] Invoke REST call... 
2021-07-08 12:35:56.8255 [] Invoke REST call... 
2021-07-08 12:35:56.8255 [] Invoke REST call... 
2021-07-08 12:35:56.8255 [] Invoke REST call... 
2021-07-08 12:35:56.8255 [] Invoke REST call... 
2021-07-08 12:35:56.8255 [] Invoke REST call... 
2021-07-08 12:35:56.8255 [] Invoke REST call... 
2021-07-08 12:35:56.8255 [] Invoke REST call... 
2021-07-08 12:35:56.8543 [] ...completed (99). Current throughput (jobs/s ): 99, Max: 99 
2021-07-08 12:35:56.8543 [] ...completed (99). Current throughput (jobs/s ): 99, Max: 99 
2021-07-08 12:35:56.8543 [] ...completed (99). Current throughput (jobs/s ): 99, Max: 99 
2021-07-08 12:35:56.8543 [] ...completed (99). Current throughput (jobs/s ): 99, Max: 99 
2021-07-08 12:35:56.8658 [] ...finished. Complete Job... 
2021-07-08 12:35:56.8658 [] ...finished. Complete Job... 
2021-07-08 12:35:56.8658 [] ...finished. Complete Job... 
2021-07-08 12:35:56.8658 [] ...finished. Complete Job... 
2021-07-08 12:35:56.8658 [] ...finished. Complete Job... 
2021-07-08 12:35:56.8658 [] ...finished. Complete Job... 
2021-07-08 12:35:56.8855 [] Invoke REST call... 
2021-07-08 12:35:56.8855 [] Invoke REST call... 
2021-07-08 12:35:56.8855 [] Invoke REST call... 
2021-07-08 12:35:56.8855 [] Invoke REST call... 
2021-07-08 12:35:56.8855 [] Invoke REST call... 
2021-07-08 12:35:56.8855 [] Invoke REST call... 
2021-07-08 12:35:56.8855 [] Invoke REST call... 
2021-07-08 12:35:56.8855 [] Invoke REST call... 
2021-07-08 12:35:56.8855 [] Invoke REST call... 
2021-07-08 12:35:56.8855 [] Invoke REST call... 
2021-07-08 12:35:56.8855 [] Invoke REST call... 
2021-07-08 12:35:56.8855 [] Invoke REST call... 
2021-07-08 12:35:56.8855 [] Invoke REST call... 
2021-07-08 12:35:56.8855 [] Invoke REST call... 
2021-07-08 12:35:56.8855 [] Invoke REST call... 
2021-07-08 12:35:56.8855 [] Invoke REST call... 
2021-07-08 12:35:56.8855 [] Invoke REST call... 
2021-07-08 12:35:56.8855 [] Invoke REST call... 
2021-07-08 12:35:56.8855 [] Invoke REST call... 
2021-07-08 12:35:56.8855 [] ...completed (100). Current throughput (jobs/s ): 100, Max: 100 
2021-07-08 12:35:56.8968 [] ...completed (101). Current throughput (jobs/s ): 101, Max: 101 
2021-07-08 12:35:56.9125 [] ...finished. Complete Job... 
2021-07-08 12:35:56.9125 [] ...finished. Complete Job... 
2021-07-08 12:35:56.9125 [] ...completed (103). Current throughput (jobs/s ): 103, Max: 103 
2021-07-08 12:35:56.9125 [] ...completed (105). Current throughput (jobs/s ): 105, Max: 105 
2021-07-08 12:35:56.9125 [] ...completed (103). Current throughput (jobs/s ): 103, Max: 103 
2021-07-08 12:35:56.9125 [] ...completed (105). Current throughput (jobs/s ): 105, Max: 105 
2021-07-08 12:35:56.9125 [] ...completed (106). Current throughput (jobs/s ): 106, Max: 106 
2021-07-08 12:35:56.9399 [] Invoke REST call... 
2021-07-08 12:35:56.9399 [] Invoke REST call... 
2021-07-08 12:35:56.9399 [] Invoke REST call... 
2021-07-08 12:35:56.9399 [] Invoke REST call... 
2021-07-08 12:35:56.9399 [] Invoke REST call... 
2021-07-08 12:35:56.9399 [] Invoke REST call... 
2021-07-08 12:35:56.9399 [] Invoke REST call... 
2021-07-08 12:35:56.9399 [] Invoke REST call... 
2021-07-08 12:35:56.9430 [] Invoke REST call... 
2021-07-08 12:35:56.9430 [] Invoke REST call... 
2021-07-08 12:35:56.9430 [] Invoke REST call... 
2021-07-08 12:35:56.9430 [] Invoke REST call... 
2021-07-08 12:35:56.9430 [] Invoke REST call... 
2021-07-08 12:35:56.9430 [] ...completed (107). Current throughput (jobs/s ): 107, Max: 107 
2021-07-08 12:35:56.9664 [] ...completed (108). Current throughput (jobs/s ): 108, Max: 108 
2021-07-08 12:35:56.9762 [] ...finished. Complete Job... 
2021-07-08 12:35:56.9762 [] ...finished. Complete Job... 
2021-07-08 12:35:56.9762 [] ...finished. Complete Job... 
2021-07-08 12:35:56.9762 [] ...finished. Complete Job... 
2021-07-08 12:35:56.9762 [] ...finished. Complete Job... 
2021-07-08 12:35:56.9762 [] ...finished. Complete Job... 
2021-07-08 12:35:56.9974 [] ...completed (109). Current throughput (jobs/s ): 109, Max: 109 
2021-07-08 12:35:57.0221 [] ...finished. Complete Job... 
2021-07-08 12:35:57.0221 [] ...finished. Complete Job... 
2021-07-08 12:35:57.0221 [] ...completed (110). Current throughput (jobs/s ): 110, Max: 110 
2021-07-08 12:35:57.0221 [] ...completed (112). Current throughput (jobs/s ): 112, Max: 112 
2021-07-08 12:35:57.0221 [] ...completed (111). Current throughput (jobs/s ): 111, Max: 111 
2021-07-08 12:35:57.0221 [] ...completed (113). Current throughput (jobs/s ): 113, Max: 113 
2021-07-08 12:35:57.0221 [] Invoke REST call... 
2021-07-08 12:35:57.0221 [] Invoke REST call... 
2021-07-08 12:35:57.0221 [] Invoke REST call... 
2021-07-08 12:35:57.0221 [] Invoke REST call... 
2021-07-08 12:35:57.0221 [] Invoke REST call... 
2021-07-08 12:35:57.0221 [] Invoke REST call... 
2021-07-08 12:35:57.0221 [] Invoke REST call... 
2021-07-08 12:35:57.0221 [] Invoke REST call... 
2021-07-08 12:35:57.0221 [] Invoke REST call... 
2021-07-08 12:35:57.0368 [] Invoke REST call... 
2021-07-08 12:35:57.0368 [] Invoke REST call... 
2021-07-08 12:35:57.0368 [] Invoke REST call... 
2021-07-08 12:35:57.0368 [] Invoke REST call... 
2021-07-08 12:35:57.0368 [] Invoke REST call... 
2021-07-08 12:35:57.0368 [] Invoke REST call... 
2021-07-08 12:35:57.0368 [] Invoke REST call... 
2021-07-08 12:35:57.0368 [] Invoke REST call... 
2021-07-08 12:35:57.0368 [] Invoke REST call... 
2021-07-08 12:35:57.0368 [] Invoke REST call... 
2021-07-08 12:35:57.0658 [] ...completed (114). Current throughput (jobs/s ): 114, Max: 114 
2021-07-08 12:35:57.0658 [] ...completed (115). Current throughput (jobs/s ): 115, Max: 115 
2021-07-08 12:35:57.0764 [] ...completed (116). Current throughput (jobs/s ): 116, Max: 116 
2021-07-08 12:35:57.0846 [] ...finished. Complete Job... 
2021-07-08 12:35:57.0846 [] ...finished. Complete Job... 
2021-07-08 12:35:57.0846 [] ...finished. Complete Job... 
2021-07-08 12:35:57.0846 [] ...finished. Complete Job... 
2021-07-08 12:35:57.0846 [] ...finished. Complete Job... 
2021-07-08 12:35:57.0846 [] ...finished. Complete Job... 
2021-07-08 12:35:57.1131 [] ...completed (117). Current throughput (jobs/s ): 117, Max: 117 
2021-07-08 12:35:57.1313 [] ...finished. Complete Job... 
2021-07-08 12:35:57.1313 [] ...finished. Complete Job... 
2021-07-08 12:35:57.1313 [] Invoke REST call... 
2021-07-08 12:35:57.1313 [] Invoke REST call... 
2021-07-08 12:35:57.1313 [] Invoke REST call... 
2021-07-08 12:35:57.1313 [] Invoke REST call... 
2021-07-08 12:35:57.1313 [] ...completed (118). Current throughput (jobs/s ): 118, Max: 118 
2021-07-08 12:35:57.1313 [] Invoke REST call... 
2021-07-08 12:35:57.1313 [] Invoke REST call... 
2021-07-08 12:35:57.1313 [] Invoke REST call... 
2021-07-08 12:35:57.1313 [] ...completed (119). Current throughput (jobs/s ): 119, Max: 119 
2021-07-08 12:35:57.1313 [] ...completed (120). Current throughput (jobs/s ): 120, Max: 120 
2021-07-08 12:35:57.1313 [] ...completed (121). Current throughput (jobs/s ): 121, Max: 121 
2021-07-08 12:35:57.1313 [] Invoke REST call... 
2021-07-08 12:35:57.1313 [] Invoke REST call... 
2021-07-08 12:35:57.1313 [] Invoke REST call... 
2021-07-08 12:35:57.1313 [] Invoke REST call... 
2021-07-08 12:35:57.1313 [] Invoke REST call... 
2021-07-08 12:35:57.1313 [] Invoke REST call... 
2021-07-08 12:35:57.1799 [] ...completed (124). Current throughput (jobs/s ): 124, Max: 124 
2021-07-08 12:35:57.1799 [] ...completed (124). Current throughput (jobs/s ): 124, Max: 124 
2021-07-08 12:35:57.1799 [] ...completed (124). Current throughput (jobs/s ): 124, Max: 124 
2021-07-08 12:35:57.1799 [] ...completed (125). Current throughput (jobs/s ): 125, Max: 125 
2021-07-08 12:35:57.1933 [] ...finished. Complete Job... 
2021-07-08 12:35:57.1933 [] ...finished. Complete Job... 
2021-07-08 12:35:57.1933 [] ...finished. Complete Job... 
2021-07-08 12:35:57.1933 [] ...finished. Complete Job... 
2021-07-08 12:35:57.1933 [] ...finished. Complete Job... 
2021-07-08 12:35:57.1933 [] ...finished. Complete Job... 
2021-07-08 12:35:57.2301 [] Invoke REST call... 
2021-07-08 12:35:57.2301 [] Invoke REST call... 
2021-07-08 12:35:57.2301 [] Invoke REST call... 
2021-07-08 12:35:57.2301 [] Invoke REST call... 
2021-07-08 12:35:57.2301 [] Invoke REST call... 
2021-07-08 12:35:57.2301 [] Invoke REST call... 
2021-07-08 12:35:57.2301 [] Invoke REST call... 
2021-07-08 12:35:57.2301 [] Invoke REST call... 
2021-07-08 12:35:57.2301 [] Invoke REST call... 
2021-07-08 12:35:57.2301 [] Invoke REST call... 
2021-07-08 12:35:57.2301 [] Invoke REST call... 
2021-07-08 12:35:57.2301 [] Invoke REST call... 
2021-07-08 12:35:57.2301 [] Invoke REST call... 
2021-07-08 12:35:57.2301 [] Invoke REST call... 
2021-07-08 12:35:57.2301 [] Invoke REST call... 
2021-07-08 12:35:57.2301 [] Invoke REST call... 
2021-07-08 12:35:57.2301 [] Invoke REST call... 
2021-07-08 12:35:57.2301 [] Invoke REST call... 
2021-07-08 12:35:57.2301 [] Invoke REST call... 
2021-07-08 12:35:57.2301 [] ...finished. Complete Job... 
2021-07-08 12:35:57.2301 [] ...finished. Complete Job... 
2021-07-08 12:35:57.2485 [] ...completed (128). Current throughput (jobs/s ): 128, Max: 128 
2021-07-08 12:35:57.2485 [] ...completed (128). Current throughput (jobs/s ): 128, Max: 128 
2021-07-08 12:35:57.2485 [] ...completed (128). Current throughput (jobs/s ): 128, Max: 128 
2021-07-08 12:35:57.2780 [] ...completed (129). Current throughput (jobs/s ): 129, Max: 129 
2021-07-08 12:35:57.2780 [] ...completed (130). Current throughput (jobs/s ): 130, Max: 130 
2021-07-08 12:35:57.2780 [] Invoke REST call... 
2021-07-08 12:35:57.2780 [] Invoke REST call... 
2021-07-08 12:35:57.2780 [] Invoke REST call... 
2021-07-08 12:35:57.2780 [] Invoke REST call... 
2021-07-08 12:35:57.2780 [] Invoke REST call... 
2021-07-08 12:35:57.2780 [] Invoke REST call... 
2021-07-08 12:35:57.2780 [] Invoke REST call... 
2021-07-08 12:35:57.2780 [] Invoke REST call... 
2021-07-08 12:35:57.2780 [] Invoke REST call... 
2021-07-08 12:35:57.2866 [] Invoke REST call... 
2021-07-08 12:35:57.2866 [] Invoke REST call... 
2021-07-08 12:35:57.2866 [] Invoke REST call... 
2021-07-08 12:35:57.2866 [] ...completed (131). Current throughput (jobs/s ): 131, Max: 131 
2021-07-08 12:35:57.2866 [] ...completed (132). Current throughput (jobs/s ): 132, Max: 132 
2021-07-08 12:35:57.2866 [] Invoke REST call... 
2021-07-08 12:35:57.2866 [] ...finished. Complete Job... 
2021-07-08 12:35:57.2866 [] ...finished. Complete Job... 
2021-07-08 12:35:57.2866 [] ...finished. Complete Job... 
2021-07-08 12:35:57.2866 [] ...finished. Complete Job... 
2021-07-08 12:35:57.2866 [] ...finished. Complete Job... 
2021-07-08 12:35:57.2866 [] ...finished. Complete Job... 
2021-07-08 12:35:57.3237 [] ...completed (133). Current throughput (jobs/s ): 133, Max: 133 
2021-07-08 12:35:57.3374 [] Invoke REST call... 
2021-07-08 12:35:57.3374 [] Invoke REST call... 
2021-07-08 12:35:57.3374 [] Invoke REST call... 
2021-07-08 12:35:57.3374 [] Invoke REST call... 
2021-07-08 12:35:57.3374 [] Invoke REST call... 
2021-07-08 12:35:57.3374 [] Invoke REST call... 
2021-07-08 12:35:57.3374 [] Invoke REST call... 
2021-07-08 12:35:57.3374 [] ...finished. Complete Job... 
2021-07-08 12:35:57.3374 [] ...finished. Complete Job... 
2021-07-08 12:35:57.3665 [] ...completed (135). Current throughput (jobs/s ): 135, Max: 135 
2021-07-08 12:35:57.3665 [] ...completed (134). Current throughput (jobs/s ): 134, Max: 134 
2021-07-08 12:35:57.3665 [] ...completed (136). Current throughput (jobs/s ): 136, Max: 136 
2021-07-08 12:35:57.3665 [] ...completed (137). Current throughput (jobs/s ): 137, Max: 137 
2021-07-08 12:35:57.3986 [] ...completed (139). Current throughput (jobs/s ): 139, Max: 139 
2021-07-08 12:35:57.3986 [] ...completed (139). Current throughput (jobs/s ): 139, Max: 139 
2021-07-08 12:35:57.3986 [] ...completed (140). Current throughput (jobs/s ): 140, Max: 140 
2021-07-08 12:35:57.3986 [] ...finished. Complete Job... 
2021-07-08 12:35:57.3986 [] ...finished. Complete Job... 
2021-07-08 12:35:57.3986 [] ...finished. Complete Job... 
2021-07-08 12:35:57.3986 [] ...finished. Complete Job... 
2021-07-08 12:35:57.3986 [] ...finished. Complete Job... 
2021-07-08 12:35:57.3986 [] ...finished. Complete Job... 
2021-07-08 12:35:57.4436 [] ...completed (141). Current throughput (jobs/s ): 141, Max: 141 
2021-07-08 12:35:57.4436 [] ...completed (142). Current throughput (jobs/s ): 142, Max: 142 
2021-07-08 12:35:57.4436 [] ...finished. Complete Job... 
2021-07-08 12:35:57.4436 [] ...finished. Complete Job... 
2021-07-08 12:35:57.4613 [] ...completed (143). Current throughput (jobs/s ): 143, Max: 143 
2021-07-08 12:35:57.4613 [] ...completed (144). Current throughput (jobs/s ): 144, Max: 144 
2021-07-08 12:35:57.4984 [] ...completed (145). Current throughput (jobs/s ): 145, Max: 145 
2021-07-08 12:35:57.5121 [] ...completed (147). Current throughput (jobs/s ): 147, Max: 147 
2021-07-08 12:35:57.5121 [] ...completed (147). Current throughput (jobs/s ): 147, Max: 147 
2021-07-08 12:35:57.5121 [] ...finished. Complete Job... 
2021-07-08 12:35:57.5121 [] ...finished. Complete Job... 
2021-07-08 12:35:57.5121 [] ...finished. Complete Job... 
2021-07-08 12:35:57.5121 [] ...finished. Complete Job... 
2021-07-08 12:35:57.5121 [] ...finished. Complete Job... 
2021-07-08 12:35:57.5121 [] ...finished. Complete Job... 
2021-07-08 12:35:57.5506 [] ...completed (148). Current throughput (jobs/s ): 74, Max: 147 
2021-07-08 12:35:57.5506 [] ...completed (149). Current throughput (jobs/s ): 74, Max: 147 
2021-07-08 12:35:57.5638 [] ...completed (150). Current throughput (jobs/s ): 75, Max: 147 
2021-07-08 12:35:57.5638 [] ...finished. Complete Job... 
2021-07-08 12:35:57.5638 [] ...finished. Complete Job... 
2021-07-08 12:35:57.5796 [] ...completed (151). Current throughput (jobs/s ): 75, Max: 147 
2021-07-08 12:35:57.5796 [] ...completed (153). Current throughput (jobs/s ): 76, Max: 147 
2021-07-08 12:35:57.5796 [] ...completed (154). Current throughput (jobs/s ): 77, Max: 147 
2021-07-08 12:35:57.5796 [] ...completed (155). Current throughput (jobs/s ): 77, Max: 147 
2021-07-08 12:35:57.5796 [] ...completed (152). Current throughput (jobs/s ): 76, Max: 147 
2021-07-08 12:35:57.6156 [] ...completed (156). Current throughput (jobs/s ): 78, Max: 147 
2021-07-08 12:35:57.6156 [] ...finished. Complete Job... 
2021-07-08 12:35:57.6156 [] ...finished. Complete Job... 
2021-07-08 12:35:57.6156 [] ...finished. Complete Job... 
2021-07-08 12:35:57.6156 [] ...finished. Complete Job... 
2021-07-08 12:35:57.6156 [] ...finished. Complete Job... 
2021-07-08 12:35:57.6156 [] ...finished. Complete Job... 
2021-07-08 12:35:57.6585 [] ...completed (157). Current throughput (jobs/s ): 78, Max: 147 
2021-07-08 12:35:57.6751 [] ...completed (158). Current throughput (jobs/s ): 79, Max: 147 
2021-07-08 12:35:57.6751 [] ...completed (159). Current throughput (jobs/s ): 79, Max: 147 
2021-07-08 12:35:57.6751 [] ...completed (160). Current throughput (jobs/s ): 80, Max: 147 
2021-07-08 12:35:57.6751 [] ...completed (161). Current throughput (jobs/s ): 80, Max: 147 
2021-07-08 12:35:57.6751 [] ...completed (162). Current throughput (jobs/s ): 81, Max: 147 
2021-07-08 12:35:57.7139 [] ...completed (163). Current throughput (jobs/s ): 81, Max: 147 
2021-07-08 12:35:57.7355 [] ...finished. Complete Job... 
2021-07-08 12:35:57.7355 [] ...finished. Complete Job... 
2021-07-08 12:35:57.7355 [] ...finished. Complete Job... 
2021-07-08 12:35:57.7355 [] ...finished. Complete Job... 
2021-07-08 12:35:57.7355 [] ...finished. Complete Job... 
2021-07-08 12:35:57.7822 [] ...completed (164). Current throughput (jobs/s ): 82, Max: 147 
2021-07-08 12:35:57.8230 [] ...completed (165). Current throughput (jobs/s ): 82, Max: 147 
2021-07-08 12:35:57.8230 [] ...completed (166). Current throughput (jobs/s ): 83, Max: 147 
2021-07-08 12:35:57.8342 [] ...completed (167). Current throughput (jobs/s ): 83, Max: 147 
2021-07-08 12:35:57.8342 [] ...completed (168). Current throughput (jobs/s ): 84, Max: 147 
2021-07-08 12:35:57.8342 [] ...finished. Complete Job... 
2021-07-08 12:35:57.8342 [] ...finished. Complete Job... 
2021-07-08 12:35:57.8342 [] ...finished. Complete Job... 
2021-07-08 12:35:57.8342 [] ...finished. Complete Job... 
2021-07-08 12:35:57.8342 [] ...finished. Complete Job... 
2021-07-08 12:35:57.8342 [] ...finished. Complete Job... 
2021-07-08 12:35:57.8342 [] ...finished. Complete Job... 
2021-07-08 12:35:57.8342 [] ...finished. Complete Job... 
2021-07-08 12:35:57.8860 [] ...completed (169). Current throughput (jobs/s ): 84, Max: 147 
2021-07-08 12:35:57.8860 [] ...completed (170). Current throughput (jobs/s ): 85, Max: 147 
2021-07-08 12:35:57.8860 [] ...completed (171). Current throughput (jobs/s ): 85, Max: 147 
2021-07-08 12:35:57.8860 [] ...completed (172). Current throughput (jobs/s ): 86, Max: 147 
2021-07-08 12:35:57.8860 [] ...completed (173). Current throughput (jobs/s ): 86, Max: 147 
2021-07-08 12:35:57.8860 [] ...completed (174). Current throughput (jobs/s ): 87, Max: 147 
2021-07-08 12:35:57.8860 [] ...completed (175). Current throughput (jobs/s ): 87, Max: 147 
2021-07-08 12:35:57.8860 [] ...completed (176). Current throughput (jobs/s ): 88, Max: 147 
2021-07-08 12:35:57.9452 [] ...finished. Complete Job... 
2021-07-08 12:35:57.9452 [] ...finished. Complete Job... 
2021-07-08 12:35:57.9452 [] ...finished. Complete Job... 
2021-07-08 12:35:57.9452 [] ...finished. Complete Job... 
2021-07-08 12:35:57.9452 [] ...finished. Complete Job... 
2021-07-08 12:35:57.9452 [] ...finished. Complete Job... 
2021-07-08 12:35:57.9452 [] ...finished. Complete Job... 
2021-07-08 12:35:57.9452 [] ...finished. Complete Job... 
2021-07-08 12:35:57.9914 [] ...completed (177). Current throughput (jobs/s ): 88, Max: 147 
2021-07-08 12:35:58.0073 [] ...completed (179). Current throughput (jobs/s ): 89, Max: 147 
2021-07-08 12:35:58.0073 [] ...completed (179). Current throughput (jobs/s ): 89, Max: 147 
2021-07-08 12:35:58.0073 [] ...completed (180). Current throughput (jobs/s ): 90, Max: 147 
2021-07-08 12:35:58.0073 [] ...completed (181). Current throughput (jobs/s ): 90, Max: 147 
2021-07-08 12:35:58.0526 [] ...completed (182). Current throughput (jobs/s ): 91, Max: 147 
2021-07-08 12:35:58.0526 [] ...completed (183). Current throughput (jobs/s ): 91, Max: 147 
2021-07-08 12:35:58.0526 [] ...completed (184). Current throughput (jobs/s ): 92, Max: 147 
2021-07-08 12:35:58.0526 [] ...finished. Complete Job... 
2021-07-08 12:35:58.0526 [] ...finished. Complete Job... 
2021-07-08 12:35:58.0526 [] ...finished. Complete Job... 
2021-07-08 12:35:58.0526 [] ...finished. Complete Job... 
2021-07-08 12:35:58.0526 [] ...finished. Complete Job... 
2021-07-08 12:35:58.0526 [] ...finished. Complete Job... 
2021-07-08 12:35:58.0526 [] ...finished. Complete Job... 
2021-07-08 12:35:58.0526 [] ...finished. Complete Job... 
2021-07-08 12:35:58.1151 [] ...completed (185). Current throughput (jobs/s ): 92, Max: 147 
2021-07-08 12:35:58.1151 [] ...completed (186). Current throughput (jobs/s ): 93, Max: 147 
2021-07-08 12:35:58.1151 [] ...completed (187). Current throughput (jobs/s ): 93, Max: 147 
2021-07-08 12:35:58.1573 [] ...completed (190). Current throughput (jobs/s ): 95, Max: 147 
2021-07-08 12:35:58.1573 [] ...completed (190). Current throughput (jobs/s ): 95, Max: 147 
2021-07-08 12:35:58.1573 [] ...completed (190). Current throughput (jobs/s ): 95, Max: 147 
2021-07-08 12:35:58.1573 [] ...completed (191). Current throughput (jobs/s ): 95, Max: 147 
2021-07-08 12:35:58.1573 [] ...completed (192). Current throughput (jobs/s ): 96, Max: 147 
2021-07-08 12:35:58.1739 [] ...finished. Complete Job... 
2021-07-08 12:35:58.1739 [] ...finished. Complete Job... 
2021-07-08 12:35:58.1739 [] ...finished. Complete Job... 
2021-07-08 12:35:58.1739 [] ...finished. Complete Job... 
2021-07-08 12:35:58.1739 [] ...finished. Complete Job... 
2021-07-08 12:35:58.1739 [] ...finished. Complete Job... 
2021-07-08 12:35:58.1739 [] ...finished. Complete Job... 
2021-07-08 12:35:58.1739 [] ...finished. Complete Job... 
2021-07-08 12:35:58.2136 [] ...completed (193). Current throughput (jobs/s ): 96, Max: 147 
2021-07-08 12:35:58.2251 [] ...completed (197). Current throughput (jobs/s ): 98, Max: 147 
2021-07-08 12:35:58.2251 [] ...completed (197). Current throughput (jobs/s ): 98, Max: 147 
2021-07-08 12:35:58.2251 [] ...completed (197). Current throughput (jobs/s ): 98, Max: 147 
2021-07-08 12:35:58.2251 [] ...completed (197). Current throughput (jobs/s ): 98, Max: 147 
2021-07-08 12:35:58.2251 [] ...completed (198). Current throughput (jobs/s ): 99, Max: 147 
2021-07-08 12:35:58.2251 [] ...completed (199). Current throughput (jobs/s ): 99, Max: 147 
2021-07-08 12:35:58.2251 [] ...completed (200). Current throughput (jobs/s ): 100, Max: 147 
2021-07-08 12:35:58.2824 [] ...finished. Complete Job... 
2021-07-08 12:35:58.2824 [] ...finished. Complete Job... 
2021-07-08 12:35:58.2824 [] ...finished. Complete Job... 
2021-07-08 12:35:58.2824 [] ...finished. Complete Job... 
2021-07-08 12:35:58.2824 [] ...finished. Complete Job... 
2021-07-08 12:35:58.2824 [] ...finished. Complete Job... 
2021-07-08 12:35:58.2824 [] ...finished. Complete Job... 
2021-07-08 12:35:58.2824 [] ...finished. Complete Job... 
2021-07-08 12:35:58.3277 [] ...completed (201). Current throughput (jobs/s ): 100, Max: 147 
2021-07-08 12:35:58.3717 [] ...completed (202). Current throughput (jobs/s ): 101, Max: 147 
2021-07-08 12:35:58.3717 [] ...completed (205). Current throughput (jobs/s ): 102, Max: 147 
2021-07-08 12:35:58.3717 [] ...completed (205). Current throughput (jobs/s ): 102, Max: 147 
2021-07-08 12:35:58.3717 [] ...completed (205). Current throughput (jobs/s ): 102, Max: 147 
2021-07-08 12:35:58.3717 [] ...completed (206). Current throughput (jobs/s ): 103, Max: 147 
2021-07-08 12:35:58.3812 [] ...completed (207). Current throughput (jobs/s ): 103, Max: 147 
2021-07-08 12:35:58.3812 [] ...completed (208). Current throughput (jobs/s ): 104, Max: 147 
2021-07-08 12:35:58.3812 [] ...finished. Complete Job... 
2021-07-08 12:35:58.3812 [] ...finished. Complete Job... 
2021-07-08 12:35:58.3812 [] ...finished. Complete Job... 
2021-07-08 12:35:58.3812 [] ...finished. Complete Job... 
2021-07-08 12:35:58.3812 [] ...finished. Complete Job... 
2021-07-08 12:35:58.3812 [] ...finished. Complete Job... 
2021-07-08 12:35:58.3812 [] ...finished. Complete Job... 
2021-07-08 12:35:58.3812 [] ...finished. Complete Job... 
2021-07-08 12:35:58.4398 [] ...completed (209). Current throughput (jobs/s ): 104, Max: 147 
2021-07-08 12:35:58.4398 [] ...completed (210). Current throughput (jobs/s ): 105, Max: 147 
2021-07-08 12:35:58.4526 [] ...completed (212). Current throughput (jobs/s ): 106, Max: 147 
2021-07-08 12:35:58.4526 [] ...completed (211). Current throughput (jobs/s ): 105, Max: 147 
2021-07-08 12:35:58.4526 [] ...completed (213). Current throughput (jobs/s ): 106, Max: 147 
2021-07-08 12:35:58.4526 [] ...completed (214). Current throughput (jobs/s ): 107, Max: 147 
2021-07-08 12:35:58.4526 [] ...completed (215). Current throughput (jobs/s ): 107, Max: 147 
2021-07-08 12:35:58.4846 [] ...completed (216). Current throughput (jobs/s ): 108, Max: 147 
2021-07-08 12:35:58.5036 [] ...finished. Complete Job... 
2021-07-08 12:35:58.5036 [] ...finished. Complete Job... 
2021-07-08 12:35:58.5036 [] ...finished. Complete Job... 
2021-07-08 12:35:58.5036 [] ...finished. Complete Job... 
2021-07-08 12:35:58.5036 [] ...finished. Complete Job... 
2021-07-08 12:35:58.5036 [] ...finished. Complete Job... 
2021-07-08 12:35:58.5036 [] ...finished. Complete Job... 
2021-07-08 12:35:58.5036 [] ...finished. Complete Job... 
2021-07-08 12:35:58.5470 [] ...completed (217). Current throughput (jobs/s ): 72, Max: 147 
2021-07-08 12:35:58.5565 [] ...completed (218). Current throughput (jobs/s ): 72, Max: 147 
2021-07-08 12:35:58.5565 [] ...completed (219). Current throughput (jobs/s ): 73, Max: 147 
2021-07-08 12:35:58.5565 [] ...completed (221). Current throughput (jobs/s ): 73, Max: 147 
2021-07-08 12:35:58.5565 [] ...completed (220). Current throughput (jobs/s ): 73, Max: 147 
2021-07-08 12:35:58.6116 [] ...completed (223). Current throughput (jobs/s ): 74, Max: 147 
2021-07-08 12:35:58.6116 [] ...completed (223). Current throughput (jobs/s ): 74, Max: 147 
2021-07-08 12:35:58.6116 [] ...completed (224). Current throughput (jobs/s ): 74, Max: 147 
2021-07-08 12:35:58.6116 [] ...finished. Complete Job... 
2021-07-08 12:35:58.6116 [] ...finished. Complete Job... 
2021-07-08 12:35:58.6116 [] ...finished. Complete Job... 
2021-07-08 12:35:58.6116 [] ...finished. Complete Job... 
2021-07-08 12:35:58.6116 [] ...finished. Complete Job... 
2021-07-08 12:35:58.6116 [] ...finished. Complete Job... 
2021-07-08 12:35:58.6116 [] ...finished. Complete Job... 
2021-07-08 12:35:58.6116 [] ...finished. Complete Job... 
2021-07-08 12:35:58.6748 [] ...completed (225). Current throughput (jobs/s ): 75, Max: 147 
2021-07-08 12:35:58.6862 [] ...completed (226). Current throughput (jobs/s ): 75, Max: 147 
2021-07-08 12:35:58.6862 [] ...completed (227). Current throughput (jobs/s ): 75, Max: 147 
2021-07-08 12:35:58.6862 [] ...completed (228). Current throughput (jobs/s ): 76, Max: 147 
2021-07-08 12:35:58.7232 [] ...finished. Complete Job... 
2021-07-08 12:35:58.7232 [] ...finished. Complete Job... 
2021-07-08 12:35:58.7232 [] ...finished. Complete Job... 
2021-07-08 12:35:58.7232 [] ...finished. Complete Job... 
2021-07-08 12:35:58.7232 [] ...finished. Complete Job... 
2021-07-08 12:35:58.7232 [] ...finished. Complete Job... 
2021-07-08 12:35:58.7232 [] ...finished. Complete Job... 
2021-07-08 12:35:58.7232 [] ...finished. Complete Job... 
2021-07-08 12:35:58.7318 [] ...completed (232). Current throughput (jobs/s ): 77, Max: 147 
2021-07-08 12:35:58.7318 [] ...completed (230). Current throughput (jobs/s ): 76, Max: 147 
2021-07-08 12:35:58.7318 [] ...completed (231). Current throughput (jobs/s ): 77, Max: 147 
2021-07-08 12:35:58.7318 [] ...completed (229). Current throughput (jobs/s ): 76, Max: 147 
2021-07-08 12:35:58.7721 [] ...completed (233). Current throughput (jobs/s ): 77, Max: 147 
2021-07-08 12:35:58.7721 [] ...completed (235). Current throughput (jobs/s ): 78, Max: 147 
2021-07-08 12:35:58.7721 [] ...completed (234). Current throughput (jobs/s ): 78, Max: 147 
2021-07-08 12:35:58.7721 [] ...completed (238). Current throughput (jobs/s ): 79, Max: 147 
2021-07-08 12:35:58.7721 [] ...completed (236). Current throughput (jobs/s ): 78, Max: 147 
2021-07-08 12:35:58.7721 [] ...completed (237). Current throughput (jobs/s ): 79, Max: 147 
2021-07-08 12:35:58.8183 [] ...completed (239). Current throughput (jobs/s ): 80, Max: 147 
2021-07-08 12:35:58.8183 [] ...completed (240). Current throughput (jobs/s ): 80, Max: 147 
2021-07-08 12:35:58.8183 [] ...finished. Complete Job... 
2021-07-08 12:35:58.8183 [] ...finished. Complete Job... 
2021-07-08 12:35:58.8183 [] ...finished. Complete Job... 
2021-07-08 12:35:58.8183 [] ...finished. Complete Job... 
2021-07-08 12:35:58.8183 [] ...finished. Complete Job... 
2021-07-08 12:35:58.8183 [] ...finished. Complete Job... 
2021-07-08 12:35:58.8183 [] ...finished. Complete Job... 
2021-07-08 12:35:58.8183 [] ...finished. Complete Job... 
2021-07-08 12:35:58.8851 [] ...completed (243). Current throughput (jobs/s ): 81, Max: 147 
2021-07-08 12:35:58.8851 [] ...completed (245). Current throughput (jobs/s ): 81, Max: 147 
2021-07-08 12:35:58.8851 [] ...completed (241). Current throughput (jobs/s ): 80, Max: 147 
2021-07-08 12:35:58.8851 [] ...completed (244). Current throughput (jobs/s ): 81, Max: 147 
2021-07-08 12:35:58.8851 [] ...completed (242). Current throughput (jobs/s ): 80, Max: 147 
2021-07-08 12:35:58.9194 [] ...completed (246). Current throughput (jobs/s ): 82, Max: 147 
2021-07-08 12:35:58.9285 [] ...completed (247). Current throughput (jobs/s ): 82, Max: 147 
2021-07-08 12:35:58.9285 [] ...completed (248). Current throughput (jobs/s ): 82, Max: 147 
2021-07-08 12:35:58.9285 [] ...finished. Complete Job... 
2021-07-08 12:35:58.9285 [] ...finished. Complete Job... 
2021-07-08 12:35:58.9285 [] ...finished. Complete Job... 
2021-07-08 12:35:58.9285 [] ...finished. Complete Job... 
2021-07-08 12:35:58.9285 [] ...finished. Complete Job... 
2021-07-08 12:35:58.9285 [] ...finished. Complete Job... 
2021-07-08 12:35:58.9285 [] ...finished. Complete Job... 
2021-07-08 12:35:58.9285 [] ...finished. Complete Job... 
2021-07-08 12:35:58.9883 [] ...completed (252). Current throughput (jobs/s ): 84, Max: 147 
2021-07-08 12:35:58.9883 [] ...completed (252). Current throughput (jobs/s ): 84, Max: 147 
2021-07-08 12:35:58.9883 [] ...completed (252). Current throughput (jobs/s ): 84, Max: 147 
2021-07-08 12:35:58.9883 [] ...completed (252). Current throughput (jobs/s ): 84, Max: 147 
2021-07-08 12:35:59.0448 [] ...completed (254). Current throughput (jobs/s ): 84, Max: 147 
2021-07-08 12:35:59.0448 [] ...completed (254). Current throughput (jobs/s ): 84, Max: 147 
2021-07-08 12:35:59.0448 [] ...completed (256). Current throughput (jobs/s ): 85, Max: 147 
2021-07-08 12:35:59.0448 [] ...completed (256). Current throughput (jobs/s ): 85, Max: 147 
2021-07-08 12:35:59.0448 [] ...finished. Complete Job... 
2021-07-08 12:35:59.0448 [] ...finished. Complete Job... 
2021-07-08 12:35:59.0448 [] ...finished. Complete Job... 
2021-07-08 12:35:59.0448 [] ...finished. Complete Job... 
2021-07-08 12:35:59.0448 [] ...finished. Complete Job... 
2021-07-08 12:35:59.0448 [] ...finished. Complete Job... 
2021-07-08 12:35:59.0448 [] ...finished. Complete Job... 
2021-07-08 12:35:59.0448 [] ...finished. Complete Job... 
2021-07-08 12:35:59.0994 [] ...completed (257). Current throughput (jobs/s ): 85, Max: 147 
2021-07-08 12:35:59.0994 [] ...completed (258). Current throughput (jobs/s ): 86, Max: 147 
2021-07-08 12:35:59.0994 [] ...completed (259). Current throughput (jobs/s ): 86, Max: 147 
2021-07-08 12:35:59.0994 [] ...completed (260). Current throughput (jobs/s ): 86, Max: 147 
2021-07-08 12:35:59.1441 [] ...completed (264). Current throughput (jobs/s ): 88, Max: 147 
2021-07-08 12:35:59.1441 [] ...completed (263). Current throughput (jobs/s ): 87, Max: 147 
2021-07-08 12:35:59.1441 [] ...completed (263). Current throughput (jobs/s ): 87, Max: 147 
2021-07-08 12:35:59.1441 [] ...completed (263). Current throughput (jobs/s ): 87, Max: 147 
2021-07-08 12:35:59.1587 [] ...finished. Complete Job... 
2021-07-08 12:35:59.1587 [] ...finished. Complete Job... 
2021-07-08 12:35:59.1587 [] ...finished. Complete Job... 
2021-07-08 12:35:59.1587 [] ...finished. Complete Job... 
2021-07-08 12:35:59.1587 [] ...finished. Complete Job... 
2021-07-08 12:35:59.1587 [] ...finished. Complete Job... 
2021-07-08 12:35:59.1587 [] ...finished. Complete Job... 
2021-07-08 12:35:59.1587 [] ...finished. Complete Job... 
2021-07-08 12:35:59.2187 [] ...completed (266). Current throughput (jobs/s ): 88, Max: 147 
2021-07-08 12:35:59.2187 [] ...completed (266). Current throughput (jobs/s ): 88, Max: 147 
2021-07-08 12:35:59.2187 [] ...completed (267). Current throughput (jobs/s ): 89, Max: 147 
2021-07-08 12:35:59.2187 [] ...completed (269). Current throughput (jobs/s ): 89, Max: 147 
2021-07-08 12:35:59.2187 [] ...completed (268). Current throughput (jobs/s ): 89, Max: 147 
2021-07-08 12:35:59.2187 [] ...completed (270). Current throughput (jobs/s ): 90, Max: 147 
2021-07-08 12:35:59.2759 [] ...finished. Complete Job... 
2021-07-08 12:35:59.2759 [] ...finished. Complete Job... 
2021-07-08 12:35:59.2759 [] ...finished. Complete Job... 
2021-07-08 12:35:59.2759 [] ...finished. Complete Job... 
2021-07-08 12:35:59.2759 [] ...finished. Complete Job... 
2021-07-08 12:35:59.2759 [] ...finished. Complete Job... 
2021-07-08 12:35:59.2759 [] ...finished. Complete Job... 
2021-07-08 12:35:59.2759 [] ...finished. Complete Job... 
2021-07-08 12:35:59.3163 [] ...completed (271). Current throughput (jobs/s ): 90, Max: 147 
2021-07-08 12:35:59.3163 [] ...completed (272). Current throughput (jobs/s ): 90, Max: 147 
2021-07-08 12:35:59.3227 [] ...completed (273). Current throughput (jobs/s ): 91, Max: 147 
2021-07-08 12:35:59.3227 [] ...completed (274). Current throughput (jobs/s ): 91, Max: 147 
2021-07-08 12:35:59.3340 [] ...completed (276). Current throughput (jobs/s ): 92, Max: 147 
2021-07-08 12:35:59.3340 [] ...completed (275). Current throughput (jobs/s ): 91, Max: 147 
2021-07-08 12:35:59.3683 [] ...completed (278). Current throughput (jobs/s ): 92, Max: 147 
2021-07-08 12:35:59.3683 [] ...completed (277). Current throughput (jobs/s ): 92, Max: 147 
2021-07-08 12:35:59.3683 [] ...completed (279). Current throughput (jobs/s ): 93, Max: 147 
2021-07-08 12:35:59.3803 [] ...completed (280). Current throughput (jobs/s ): 93, Max: 147 
2021-07-08 12:35:59.3803 [] ...finished. Complete Job... 
2021-07-08 12:35:59.3803 [] ...finished. Complete Job... 
2021-07-08 12:35:59.3803 [] ...finished. Complete Job... 
2021-07-08 12:35:59.3803 [] ...finished. Complete Job... 
2021-07-08 12:35:59.3803 [] ...finished. Complete Job... 
2021-07-08 12:35:59.3803 [] ...finished. Complete Job... 
2021-07-08 12:35:59.3803 [] ...finished. Complete Job... 
2021-07-08 12:35:59.3803 [] ...finished. Complete Job... 
2021-07-08 12:35:59.4467 [] ...completed (283). Current throughput (jobs/s ): 94, Max: 147 
2021-07-08 12:35:59.4467 [] ...completed (285). Current throughput (jobs/s ): 95, Max: 147 
2021-07-08 12:35:59.4467 [] ...completed (283). Current throughput (jobs/s ): 94, Max: 147 
2021-07-08 12:35:59.4467 [] ...completed (284). Current throughput (jobs/s ): 94, Max: 147 
2021-07-08 12:35:59.4467 [] ...completed (283). Current throughput (jobs/s ): 94, Max: 147 
2021-07-08 12:35:59.4866 [] ...completed (286). Current throughput (jobs/s ): 95, Max: 147 
2021-07-08 12:35:59.4866 [] ...completed (287). Current throughput (jobs/s ): 95, Max: 147 
2021-07-08 12:35:59.4866 [] ...completed (288). Current throughput (jobs/s ): 96, Max: 147 
2021-07-08 12:35:59.5019 [] ...finished. Complete Job... 
2021-07-08 12:35:59.5019 [] ...finished. Complete Job... 
2021-07-08 12:35:59.5019 [] ...finished. Complete Job... 
2021-07-08 12:35:59.5019 [] ...finished. Complete Job... 
2021-07-08 12:35:59.5019 [] ...finished. Complete Job... 
2021-07-08 12:35:59.5019 [] ...finished. Complete Job... 
2021-07-08 12:35:59.5019 [] ...finished. Complete Job... 
2021-07-08 12:35:59.5019 [] ...finished. Complete Job... 
2021-07-08 12:35:59.5585 [] ...completed (289). Current throughput (jobs/s ): 72, Max: 147 
2021-07-08 12:35:59.5585 [] ...completed (290). Current throughput (jobs/s ): 72, Max: 147 
2021-07-08 12:35:59.5585 [] ...completed (291). Current throughput (jobs/s ): 72, Max: 147 
2021-07-08 12:35:59.6041 [] ...completed (296). Current throughput (jobs/s ): 74, Max: 147 
2021-07-08 12:35:59.6041 [] ...completed (294). Current throughput (jobs/s ): 73, Max: 147 
2021-07-08 12:35:59.6041 [] ...completed (294). Current throughput (jobs/s ): 73, Max: 147 
2021-07-08 12:35:59.6041 [] ...completed (294). Current throughput (jobs/s ): 73, Max: 147 
2021-07-08 12:35:59.6041 [] ...completed (295). Current throughput (jobs/s ): 73, Max: 147 
2021-07-08 12:35:59.6041 [] ...finished. Complete Job... 
2021-07-08 12:35:59.6041 [] ...finished. Complete Job... 
2021-07-08 12:35:59.6041 [] ...finished. Complete Job... 
2021-07-08 12:35:59.6041 [] ...finished. Complete Job... 
2021-07-08 12:35:59.6041 [] ...finished. Complete Job... 
2021-07-08 12:35:59.6041 [] ...finished. Complete Job... 
2021-07-08 12:35:59.6041 [] ...finished. Complete Job... 
2021-07-08 12:35:59.6041 [] ...finished. Complete Job... 
2021-07-08 12:35:59.6588 [] ...completed (297). Current throughput (jobs/s ): 74, Max: 147 
2021-07-08 12:35:59.6588 [] ...completed (298). Current throughput (jobs/s ): 74, Max: 147 
2021-07-08 12:35:59.6686 [] ...completed (299). Current throughput (jobs/s ): 74, Max: 147 
2021-07-08 12:35:59.6686 [] ...completed (300). Current throughput (jobs/s ): 75, Max: 147 
2021-07-08 12:35:59.6686 [] ...completed (301). Current throughput (jobs/s ): 75, Max: 147 
2021-07-08 12:35:59.6686 [] ...completed (302). Current throughput (jobs/s ): 75, Max: 147 
2021-07-08 12:35:59.7049 [] ...completed (303). Current throughput (jobs/s ): 75, Max: 147 
2021-07-08 12:35:59.7049 [] ...completed (304). Current throughput (jobs/s ): 76, Max: 147 
2021-07-08 12:35:59.7213 [] ...finished. Complete Job... 
2021-07-08 12:35:59.7213 [] ...finished. Complete Job... 
2021-07-08 12:35:59.7213 [] ...finished. Complete Job... 
2021-07-08 12:35:59.7213 [] ...finished. Complete Job... 
2021-07-08 12:35:59.7213 [] ...finished. Complete Job... 
2021-07-08 12:35:59.7213 [] ...finished. Complete Job... 
2021-07-08 12:35:59.7213 [] ...finished. Complete Job... 
2021-07-08 12:35:59.7213 [] ...finished. Complete Job... 
2021-07-08 12:35:59.7691 [] ...completed (305). Current throughput (jobs/s ): 76, Max: 147 
2021-07-08 12:35:59.7691 [] ...completed (306). Current throughput (jobs/s ): 76, Max: 147 
2021-07-08 12:35:59.7771 [] ...completed (307). Current throughput (jobs/s ): 76, Max: 147 
2021-07-08 12:35:59.7771 [] ...completed (308). Current throughput (jobs/s ): 77, Max: 147 
2021-07-08 12:35:59.8188 [] ...completed (309). Current throughput (jobs/s ): 77, Max: 147 
2021-07-08 12:35:59.8188 [] ...completed (310). Current throughput (jobs/s ): 77, Max: 147 
2021-07-08 12:35:59.8188 [] ...completed (311). Current throughput (jobs/s ): 77, Max: 147 
2021-07-08 12:35:59.8188 [] ...finished. Complete Job... 
2021-07-08 12:35:59.8188 [] ...finished. Complete Job... 
2021-07-08 12:35:59.8188 [] ...finished. Complete Job... 
2021-07-08 12:35:59.8188 [] ...finished. Complete Job... 
2021-07-08 12:35:59.8188 [] ...finished. Complete Job... 
2021-07-08 12:35:59.8188 [] ...finished. Complete Job... 
2021-07-08 12:35:59.8188 [] ...finished. Complete Job... 
2021-07-08 12:35:59.8188 [] ...finished. Complete Job... 
2021-07-08 12:35:59.8188 [] ...completed (312). Current throughput (jobs/s ): 78, Max: 147 
2021-07-08 12:35:59.8836 [] ...completed (313). Current throughput (jobs/s ): 78, Max: 147 
2021-07-08 12:35:59.8836 [] ...completed (314). Current throughput (jobs/s ): 78, Max: 147 
2021-07-08 12:35:59.8836 [] ...completed (316). Current throughput (jobs/s ): 79, Max: 147 
2021-07-08 12:35:59.8836 [] ...completed (316). Current throughput (jobs/s ): 79, Max: 147 
2021-07-08 12:35:59.8836 [] ...completed (317). Current throughput (jobs/s ): 79, Max: 147 
2021-07-08 12:35:59.8836 [] ...completed (318). Current throughput (jobs/s ): 79, Max: 147 
2021-07-08 12:35:59.9314 [] ...completed (319). Current throughput (jobs/s ): 79, Max: 147 
2021-07-08 12:35:59.9314 [] ...completed (320). Current throughput (jobs/s ): 80, Max: 147 
2021-07-08 12:35:59.9314 [] ...finished. Complete Job... 
2021-07-08 12:35:59.9314 [] ...finished. Complete Job... 
2021-07-08 12:35:59.9314 [] ...finished. Complete Job... 
2021-07-08 12:35:59.9314 [] ...finished. Complete Job... 
2021-07-08 12:35:59.9314 [] ...finished. Complete Job... 
2021-07-08 12:35:59.9314 [] ...finished. Complete Job... 
2021-07-08 12:35:59.9314 [] ...finished. Complete Job... 
2021-07-08 12:35:59.9314 [] ...finished. Complete Job... 
2021-07-08 12:35:59.9903 [] ...completed (321). Current throughput (jobs/s ): 80, Max: 147 
2021-07-08 12:35:59.9903 [] ...completed (323). Current throughput (jobs/s ): 80, Max: 147 
2021-07-08 12:35:59.9903 [] ...completed (322). Current throughput (jobs/s ): 80, Max: 147 
2021-07-08 12:36:00.0275 [] ...completed (324). Current throughput (jobs/s ): 81, Max: 147 
2021-07-08 12:36:00.0275 [] ...completed (325). Current throughput (jobs/s ): 81, Max: 147 
2021-07-08 12:36:00.0275 [] ...completed (327). Current throughput (jobs/s ): 81, Max: 147 
2021-07-08 12:36:00.0275 [] ...completed (328). Current throughput (jobs/s ): 82, Max: 147 
2021-07-08 12:36:00.0275 [] ...completed (327). Current throughput (jobs/s ): 81, Max: 147 
2021-07-08 12:36:00.0482 [] ...finished. Complete Job... 
2021-07-08 12:36:00.0482 [] ...finished. Complete Job... 
2021-07-08 12:36:00.0482 [] ...finished. Complete Job... 
2021-07-08 12:36:00.0482 [] ...finished. Complete Job... 
2021-07-08 12:36:00.0482 [] ...finished. Complete Job... 
2021-07-08 12:36:00.0482 [] ...finished. Complete Job... 
2021-07-08 12:36:00.0482 [] ...finished. Complete Job... 
2021-07-08 12:36:00.0482 [] ...finished. Complete Job... 
2021-07-08 12:36:00.1038 [] ...completed (329). Current throughput (jobs/s ): 82, Max: 147 
2021-07-08 12:36:00.1038 [] ...completed (330). Current throughput (jobs/s ): 82, Max: 147 
2021-07-08 12:36:00.1038 [] ...completed (332). Current throughput (jobs/s ): 83, Max: 147 
2021-07-08 12:36:00.1038 [] ...completed (332). Current throughput (jobs/s ): 83, Max: 147 
2021-07-08 12:36:00.1038 [] ...completed (333). Current throughput (jobs/s ): 83, Max: 147 
2021-07-08 12:36:00.1423 [] ...completed (334). Current throughput (jobs/s ): 83, Max: 147 
2021-07-08 12:36:00.1423 [] ...completed (335). Current throughput (jobs/s ): 83, Max: 147 
2021-07-08 12:36:00.1476 [] ...completed (336). Current throughput (jobs/s ): 84, Max: 147 
2021-07-08 12:36:00.1476 [] ...finished. Complete Job... 
2021-07-08 12:36:00.1476 [] ...finished. Complete Job... 
2021-07-08 12:36:00.1476 [] ...finished. Complete Job... 
2021-07-08 12:36:00.1476 [] ...finished. Complete Job... 
2021-07-08 12:36:00.1476 [] ...finished. Complete Job... 
2021-07-08 12:36:00.1476 [] ...finished. Complete Job... 
2021-07-08 12:36:00.1476 [] ...finished. Complete Job... 
2021-07-08 12:36:00.1476 [] ...finished. Complete Job... 
2021-07-08 12:36:00.2128 [] ...completed (337). Current throughput (jobs/s ): 84, Max: 147 
2021-07-08 12:36:00.2128 [] ...completed (338). Current throughput (jobs/s ): 84, Max: 147 
2021-07-08 12:36:00.2128 [] ...completed (341). Current throughput (jobs/s ): 85, Max: 147 
2021-07-08 12:36:00.2128 [] ...completed (340). Current throughput (jobs/s ): 85, Max: 147 
2021-07-08 12:36:00.2128 [] ...completed (339). Current throughput (jobs/s ): 84, Max: 147 
2021-07-08 12:36:00.2513 [] ...completed (342). Current throughput (jobs/s ): 85, Max: 147 
2021-07-08 12:36:00.2513 [] ...completed (343). Current throughput (jobs/s ): 85, Max: 147 
2021-07-08 12:36:00.2513 [] ...completed (344). Current throughput (jobs/s ): 86, Max: 147 
2021-07-08 12:36:00.2671 [] ...finished. Complete Job... 
2021-07-08 12:36:00.2671 [] ...finished. Complete Job... 
2021-07-08 12:36:00.2671 [] ...finished. Complete Job... 
2021-07-08 12:36:00.2671 [] ...finished. Complete Job... 
2021-07-08 12:36:00.2671 [] ...finished. Complete Job... 
2021-07-08 12:36:00.2671 [] ...finished. Complete Job... 
2021-07-08 12:36:00.2671 [] ...finished. Complete Job... 
2021-07-08 12:36:00.2671 [] ...finished. Complete Job... 
2021-07-08 12:36:00.3081 [] ...completed (345). Current throughput (jobs/s ): 86, Max: 147 
2021-07-08 12:36:00.3219 [] ...completed (346). Current throughput (jobs/s ): 86, Max: 147 
2021-07-08 12:36:00.3219 [] ...completed (347). Current throughput (jobs/s ): 87, Max: 147 
2021-07-08 12:36:00.3219 [] ...completed (348). Current throughput (jobs/s ): 87, Max: 147 
2021-07-08 12:36:00.3219 [] ...completed (349). Current throughput (jobs/s ): 87, Max: 147 
2021-07-08 12:36:00.3615 [] ...completed (350). Current throughput (jobs/s ): 87, Max: 147 
2021-07-08 12:36:00.3615 [] ...completed (351). Current throughput (jobs/s ): 87, Max: 147 
2021-07-08 12:36:00.3644 [] ...completed (352). Current throughput (jobs/s ): 88, Max: 147 
2021-07-08 12:36:00.3644 [] ...finished. Complete Job... 
2021-07-08 12:36:00.3644 [] ...finished. Complete Job... 
2021-07-08 12:36:00.3644 [] ...finished. Complete Job... 
2021-07-08 12:36:00.3644 [] ...finished. Complete Job... 
2021-07-08 12:36:00.3644 [] ...finished. Complete Job... 
2021-07-08 12:36:00.3644 [] ...finished. Complete Job... 
2021-07-08 12:36:00.3644 [] ...finished. Complete Job... 
2021-07-08 12:36:00.3644 [] ...finished. Complete Job... 
2021-07-08 12:36:00.4306 [] ...completed (353). Current throughput (jobs/s ): 88, Max: 147 
2021-07-08 12:36:00.4306 [] ...completed (354). Current throughput (jobs/s ): 88, Max: 147 
2021-07-08 12:36:00.4306 [] ...completed (355). Current throughput (jobs/s ): 88, Max: 147 
2021-07-08 12:36:00.4306 [] ...completed (356). Current throughput (jobs/s ): 89, Max: 147 
2021-07-08 12:36:00.4306 [] ...completed (357). Current throughput (jobs/s ): 89, Max: 147 
2021-07-08 12:36:00.4306 [] ...completed (358). Current throughput (jobs/s ): 89, Max: 147 
2021-07-08 12:36:00.4863 [] ...finished. Complete Job... 
2021-07-08 12:36:00.4863 [] ...finished. Complete Job... 
2021-07-08 12:36:00.4863 [] ...finished. Complete Job... 
2021-07-08 12:36:00.4863 [] ...finished. Complete Job... 
2021-07-08 12:36:00.4863 [] ...finished. Complete Job... 
2021-07-08 12:36:00.4863 [] ...finished. Complete Job... 
2021-07-08 12:36:00.4863 [] ...finished. Complete Job... 
2021-07-08 12:36:00.4863 [] ...finished. Complete Job... 
2021-07-08 12:36:00.4906 [] ...completed (359). Current throughput (jobs/s ): 89, Max: 147 
2021-07-08 12:36:00.4906 [] ...completed (360). Current throughput (jobs/s ): 90, Max: 147 
2021-07-08 12:36:00.5393 [] ...completed (361). Current throughput (jobs/s ): 72, Max: 147 
2021-07-08 12:36:00.5393 [] ...completed (362). Current throughput (jobs/s ): 72, Max: 147 
2021-07-08 12:36:00.5393 [] ...completed (363). Current throughput (jobs/s ): 72, Max: 147 
2021-07-08 12:36:00.5393 [] ...completed (364). Current throughput (jobs/s ): 72, Max: 147 
2021-07-08 12:36:00.5773 [] ...completed (367). Current throughput (jobs/s ): 73, Max: 147 
2021-07-08 12:36:00.5773 [] ...completed (367). Current throughput (jobs/s ): 73, Max: 147 
2021-07-08 12:36:00.5773 [] ...completed (367). Current throughput (jobs/s ): 73, Max: 147 
2021-07-08 12:36:00.5773 [] ...completed (368). Current throughput (jobs/s ): 73, Max: 147 
2021-07-08 12:36:00.5973 [] ...finished. Complete Job... 
2021-07-08 12:36:00.5973 [] ...finished. Complete Job... 
2021-07-08 12:36:00.5973 [] ...finished. Complete Job... 
2021-07-08 12:36:00.5973 [] ...finished. Complete Job... 
2021-07-08 12:36:00.5973 [] ...finished. Complete Job... 
2021-07-08 12:36:00.5973 [] ...finished. Complete Job... 
2021-07-08 12:36:00.5973 [] ...finished. Complete Job... 
2021-07-08 12:36:00.5973 [] ...finished. Complete Job... 
2021-07-08 12:36:00.6401 [] ...completed (369). Current throughput (jobs/s ): 73, Max: 147 
2021-07-08 12:36:00.6518 [] ...completed (371). Current throughput (jobs/s ): 74, Max: 147 
2021-07-08 12:36:00.6518 [] ...completed (370). Current throughput (jobs/s ): 74, Max: 147 
2021-07-08 12:36:00.6518 [] ...completed (372). Current throughput (jobs/s ): 74, Max: 147 
2021-07-08 12:36:00.7072 [] ...finished. Complete Job... 
2021-07-08 12:36:00.7072 [] ...finished. Complete Job... 
2021-07-08 12:36:00.7072 [] ...finished. Complete Job... 
2021-07-08 12:36:00.7072 [] ...finished. Complete Job... 
2021-07-08 12:36:00.7072 [] ...finished. Complete Job... 
2021-07-08 12:36:00.7072 [] ...finished. Complete Job... 
2021-07-08 12:36:00.7072 [] ...finished. Complete Job... 
2021-07-08 12:36:00.7072 [] ...finished. Complete Job... 
2021-07-08 12:36:00.7072 [] ...completed (373). Current throughput (jobs/s ): 74, Max: 147 
2021-07-08 12:36:00.7072 [] ...completed (376). Current throughput (jobs/s ): 75, Max: 147 
2021-07-08 12:36:00.7072 [] ...completed (375). Current throughput (jobs/s ): 75, Max: 147 
2021-07-08 12:36:00.7072 [] ...completed (375). Current throughput (jobs/s ): 75, Max: 147 
2021-07-08 12:36:00.7757 [] ...completed (381). Current throughput (jobs/s ): 76, Max: 147 
2021-07-08 12:36:00.7757 [] ...completed (381). Current throughput (jobs/s ): 76, Max: 147 
2021-07-08 12:36:00.7757 [] ...completed (381). Current throughput (jobs/s ): 76, Max: 147 
2021-07-08 12:36:00.7757 [] ...completed (381). Current throughput (jobs/s ): 76, Max: 147 
2021-07-08 12:36:00.7757 [] ...completed (381). Current throughput (jobs/s ): 76, Max: 147 
2021-07-08 12:36:00.8048 [] ...completed (382). Current throughput (jobs/s ): 76, Max: 147 
2021-07-08 12:36:00.8048 [] ...completed (383). Current throughput (jobs/s ): 76, Max: 147 
2021-07-08 12:36:00.8048 [] ...completed (384). Current throughput (jobs/s ): 76, Max: 147 
2021-07-08 12:36:00.8048 [] ...finished. Complete Job... 
2021-07-08 12:36:00.8048 [] ...finished. Complete Job... 
2021-07-08 12:36:00.8048 [] ...finished. Complete Job... 
2021-07-08 12:36:00.8048 [] ...finished. Complete Job... 
2021-07-08 12:36:00.8048 [] ...finished. Complete Job... 
2021-07-08 12:36:00.8048 [] ...finished. Complete Job... 
2021-07-08 12:36:00.8048 [] ...finished. Complete Job... 
2021-07-08 12:36:00.8048 [] ...finished. Complete Job... 
2021-07-08 12:36:00.8631 [] ...completed (385). Current throughput (jobs/s ): 77, Max: 147 
2021-07-08 12:36:00.8742 [] ...completed (386). Current throughput (jobs/s ): 77, Max: 147 
2021-07-08 12:36:00.8742 [] ...completed (387). Current throughput (jobs/s ): 77, Max: 147 
2021-07-08 12:36:00.8742 [] ...completed (388). Current throughput (jobs/s ): 77, Max: 147 
2021-07-08 12:36:00.9100 [] ...completed (391). Current throughput (jobs/s ): 78, Max: 147 
2021-07-08 12:36:00.9100 [] ...completed (389). Current throughput (jobs/s ): 77, Max: 147 
2021-07-08 12:36:00.9100 [] ...completed (391). Current throughput (jobs/s ): 78, Max: 147 
2021-07-08 12:36:00.9100 [] ...completed (392). Current throughput (jobs/s ): 78, Max: 147 
2021-07-08 12:36:00.9252 [] ...finished. Complete Job... 
2021-07-08 12:36:00.9252 [] ...finished. Complete Job... 
2021-07-08 12:36:00.9252 [] ...finished. Complete Job... 
2021-07-08 12:36:00.9252 [] ...finished. Complete Job... 
2021-07-08 12:36:00.9252 [] ...finished. Complete Job... 
2021-07-08 12:36:00.9252 [] ...finished. Complete Job... 
2021-07-08 12:36:00.9252 [] ...finished. Complete Job... 
2021-07-08 12:36:00.9252 [] ...finished. Complete Job... 
2021-07-08 12:36:00.9758 [] ...completed (393). Current throughput (jobs/s ): 78, Max: 147 
2021-07-08 12:36:00.9758 [] ...completed (394). Current throughput (jobs/s ): 78, Max: 147 
2021-07-08 12:36:00.9758 [] ...completed (395). Current throughput (jobs/s ): 79, Max: 147 
2021-07-08 12:36:00.9758 [] ...completed (396). Current throughput (jobs/s ): 79, Max: 147 
2021-07-08 12:36:01.0251 [] ...completed (397). Current throughput (jobs/s ): 79, Max: 147 
2021-07-08 12:36:01.0251 [] ...completed (398). Current throughput (jobs/s ): 79, Max: 147 
2021-07-08 12:36:01.0251 [] ...completed (399). Current throughput (jobs/s ): 79, Max: 147 
2021-07-08 12:36:01.0251 [] ...completed (400). Current throughput (jobs/s ): 80, Max: 147 
2021-07-08 12:36:01.0251 [] ...finished. Complete Job... 
2021-07-08 12:36:01.0251 [] ...finished. Complete Job... 
2021-07-08 12:36:01.0251 [] ...finished. Complete Job... 
2021-07-08 12:36:01.0251 [] ...finished. Complete Job... 
2021-07-08 12:36:01.0251 [] ...finished. Complete Job... 
2021-07-08 12:36:01.0251 [] ...finished. Complete Job... 
2021-07-08 12:36:01.0251 [] ...finished. Complete Job... 
2021-07-08 12:36:01.0251 [] ...finished. Complete Job... 
2021-07-08 12:36:01.0913 [] ...completed (401). Current throughput (jobs/s ): 80, Max: 147 
2021-07-08 12:36:01.0913 [] ...completed (402). Current throughput (jobs/s ): 80, Max: 147 
2021-07-08 12:36:01.0913 [] ...completed (403). Current throughput (jobs/s ): 80, Max: 147 
2021-07-08 12:36:01.0913 [] ...completed (405). Current throughput (jobs/s ): 81, Max: 147 
2021-07-08 12:36:01.0913 [] ...completed (404). Current throughput (jobs/s ): 80, Max: 147 
2021-07-08 12:36:01.1256 [] ...completed (406). Current throughput (jobs/s ): 81, Max: 147 
2021-07-08 12:36:01.1256 [] ...completed (407). Current throughput (jobs/s ): 81, Max: 147 
2021-07-08 12:36:01.1256 [] ...completed (408). Current throughput (jobs/s ): 81, Max: 147 
2021-07-08 12:36:01.1450 [] ...finished. Complete Job... 
2021-07-08 12:36:01.1450 [] ...finished. Complete Job... 
2021-07-08 12:36:01.1450 [] ...finished. Complete Job... 
2021-07-08 12:36:01.1450 [] ...finished. Complete Job... 
2021-07-08 12:36:01.1450 [] ...finished. Complete Job... 
2021-07-08 12:36:01.1450 [] ...finished. Complete Job... 
2021-07-08 12:36:01.1450 [] ...finished. Complete Job... 
2021-07-08 12:36:01.1450 [] ...finished. Complete Job... 
2021-07-08 12:36:01.1931 [] ...completed (409). Current throughput (jobs/s ): 81, Max: 147 
2021-07-08 12:36:01.2012 [] ...completed (410). Current throughput (jobs/s ): 82, Max: 147 
2021-07-08 12:36:01.2012 [] ...completed (411). Current throughput (jobs/s ): 82, Max: 147 
2021-07-08 12:36:01.2440 [] ...completed (412). Current throughput (jobs/s ): 82, Max: 147 
2021-07-08 12:36:01.2440 [] ...completed (413). Current throughput (jobs/s ): 82, Max: 147 
2021-07-08 12:36:01.2440 [] ...completed (414). Current throughput (jobs/s ): 82, Max: 147 
2021-07-08 12:36:01.2440 [] ...completed (415). Current throughput (jobs/s ): 83, Max: 147 
2021-07-08 12:36:01.2440 [] ...completed (416). Current throughput (jobs/s ): 83, Max: 147 
2021-07-08 12:36:01.2440 [] ...finished. Complete Job... 
2021-07-08 12:36:01.2440 [] ...finished. Complete Job... 
2021-07-08 12:36:01.2440 [] ...finished. Complete Job... 
2021-07-08 12:36:01.2440 [] ...finished. Complete Job... 
2021-07-08 12:36:01.2440 [] ...finished. Complete Job... 
2021-07-08 12:36:01.2440 [] ...finished. Complete Job... 
2021-07-08 12:36:01.2440 [] ...finished. Complete Job... 
2021-07-08 12:36:01.2440 [] ...finished. Complete Job... 
2021-07-08 12:36:01.3093 [] ...completed (417). Current throughput (jobs/s ): 83, Max: 147 
2021-07-08 12:36:01.3093 [] ...completed (419). Current throughput (jobs/s ): 83, Max: 147 
2021-07-08 12:36:01.3093 [] ...completed (419). Current throughput (jobs/s ): 83, Max: 147 
2021-07-08 12:36:01.3093 [] ...completed (420). Current throughput (jobs/s ): 84, Max: 147 
2021-07-08 12:36:01.3093 [] ...completed (421). Current throughput (jobs/s ): 84, Max: 147 
2021-07-08 12:36:01.3093 [] ...completed (422). Current throughput (jobs/s ): 84, Max: 147 
2021-07-08 12:36:01.3093 [] ...completed (423). Current throughput (jobs/s ): 84, Max: 147 
2021-07-08 12:36:01.3616 [] ...completed (424). Current throughput (jobs/s ): 84, Max: 147 
2021-07-08 12:36:01.3616 [] ...finished. Complete Job... 
2021-07-08 12:36:01.3616 [] ...finished. Complete Job... 
2021-07-08 12:36:01.3616 [] ...finished. Complete Job... 
2021-07-08 12:36:01.3616 [] ...finished. Complete Job... 
2021-07-08 12:36:01.3616 [] ...finished. Complete Job... 
2021-07-08 12:36:01.3616 [] ...finished. Complete Job... 
2021-07-08 12:36:01.3616 [] ...finished. Complete Job... 
2021-07-08 12:36:01.3616 [] ...finished. Complete Job... 
2021-07-08 12:36:01.4103 [] ...completed (425). Current throughput (jobs/s ): 85, Max: 147 
2021-07-08 12:36:01.4188 [] ...completed (426). Current throughput (jobs/s ): 85, Max: 147 
2021-07-08 12:36:01.4188 [] ...completed (427). Current throughput (jobs/s ): 85, Max: 147 
2021-07-08 12:36:01.4188 [] ...completed (428). Current throughput (jobs/s ): 85, Max: 147 
2021-07-08 12:36:01.4509 [] ...completed (429). Current throughput (jobs/s ): 85, Max: 147 
2021-07-08 12:36:01.4509 [] ...completed (430). Current throughput (jobs/s ): 86, Max: 147 
2021-07-08 12:36:01.4509 [] ...completed (431). Current throughput (jobs/s ): 86, Max: 147 
2021-07-08 12:36:01.4509 [] ...completed (432). Current throughput (jobs/s ): 86, Max: 147 
2021-07-08 12:36:01.4749 [] ...finished. Complete Job... 
2021-07-08 12:36:01.4749 [] ...finished. Complete Job... 
2021-07-08 12:36:01.4749 [] ...finished. Complete Job... 
2021-07-08 12:36:01.4749 [] ...finished. Complete Job... 
2021-07-08 12:36:01.4749 [] ...finished. Complete Job... 
2021-07-08 12:36:01.4749 [] ...finished. Complete Job... 
2021-07-08 12:36:01.4749 [] ...finished. Complete Job... 
2021-07-08 12:36:01.4749 [] ...finished. Complete Job... 
2021-07-08 12:36:01.5272 [] ...completed (433). Current throughput (jobs/s ): 72, Max: 147 
2021-07-08 12:36:01.5272 [] ...completed (434). Current throughput (jobs/s ): 72, Max: 147 
2021-07-08 12:36:01.5272 [] ...completed (436). Current throughput (jobs/s ): 72, Max: 147 
2021-07-08 12:36:01.5272 [] ...completed (435). Current throughput (jobs/s ): 72, Max: 147 
2021-07-08 12:36:01.5661 [] ...completed (437). Current throughput (jobs/s ): 72, Max: 147 
2021-07-08 12:36:01.5661 [] ...completed (438). Current throughput (jobs/s ): 73, Max: 147 
2021-07-08 12:36:01.5661 [] ...completed (439). Current throughput (jobs/s ): 73, Max: 147 
2021-07-08 12:36:01.5661 [] ...completed (440). Current throughput (jobs/s ): 73, Max: 147 
2021-07-08 12:36:01.5847 [] ...finished. Complete Job... 
2021-07-08 12:36:01.5847 [] ...finished. Complete Job... 
2021-07-08 12:36:01.5847 [] ...finished. Complete Job... 
2021-07-08 12:36:01.5847 [] ...finished. Complete Job... 
2021-07-08 12:36:01.5847 [] ...finished. Complete Job... 
2021-07-08 12:36:01.5847 [] ...finished. Complete Job... 
2021-07-08 12:36:01.5847 [] ...finished. Complete Job... 
2021-07-08 12:36:01.5847 [] ...finished. Complete Job... 
2021-07-08 12:36:01.6390 [] ...completed (442). Current throughput (jobs/s ): 73, Max: 147 
2021-07-08 12:36:01.6390 [] ...completed (441). Current throughput (jobs/s ): 73, Max: 147 
2021-07-08 12:36:01.6390 [] ...completed (443). Current throughput (jobs/s ): 73, Max: 147 
2021-07-08 12:36:01.6390 [] ...completed (444). Current throughput (jobs/s ): 74, Max: 147 
2021-07-08 12:36:01.6390 [] ...completed (446). Current throughput (jobs/s ): 74, Max: 147 
2021-07-08 12:36:01.6390 [] ...completed (445). Current throughput (jobs/s ): 74, Max: 147 
2021-07-08 12:36:01.6761 [] ...completed (448). Current throughput (jobs/s ): 74, Max: 147 
2021-07-08 12:36:01.6761 [] ...completed (448). Current throughput (jobs/s ): 74, Max: 147 
2021-07-08 12:36:01.6938 [] ...finished. Complete Job... 
2021-07-08 12:36:01.6938 [] ...finished. Complete Job... 
2021-07-08 12:36:01.6938 [] ...finished. Complete Job... 
2021-07-08 12:36:01.6938 [] ...finished. Complete Job... 
2021-07-08 12:36:01.6938 [] ...finished. Complete Job... 
2021-07-08 12:36:01.6938 [] ...finished. Complete Job... 
2021-07-08 12:36:01.6938 [] ...finished. Complete Job... 
2021-07-08 12:36:01.6938 [] ...finished. Complete Job... 
2021-07-08 12:36:01.7397 [] ...completed (449). Current throughput (jobs/s ): 74, Max: 147 
2021-07-08 12:36:01.7599 [] ...completed (450). Current throughput (jobs/s ): 75, Max: 147 
2021-07-08 12:36:01.7991 [] ...completed (451). Current throughput (jobs/s ): 75, Max: 147 
2021-07-08 12:36:01.7991 [] ...completed (453). Current throughput (jobs/s ): 75, Max: 147 
2021-07-08 12:36:01.7991 [] ...completed (452). Current throughput (jobs/s ): 75, Max: 147 
2021-07-08 12:36:01.7991 [] ...completed (456). Current throughput (jobs/s ): 76, Max: 147 
2021-07-08 12:36:01.7991 [] ...completed (455). Current throughput (jobs/s ): 76, Max: 147 
2021-07-08 12:36:01.7991 [] ...completed (455). Current throughput (jobs/s ): 76, Max: 147 
2021-07-08 12:36:01.8030 [] ...finished. Complete Job... 
2021-07-08 12:36:01.8030 [] ...finished. Complete Job... 
2021-07-08 12:36:01.8030 [] ...finished. Complete Job... 
2021-07-08 12:36:01.8030 [] ...finished. Complete Job... 
2021-07-08 12:36:01.8030 [] ...finished. Complete Job... 
2021-07-08 12:36:01.8030 [] ...finished. Complete Job... 
2021-07-08 12:36:01.8030 [] ...finished. Complete Job... 
2021-07-08 12:36:01.8030 [] ...finished. Complete Job... 
2021-07-08 12:36:01.8593 [] ...completed (460). Current throughput (jobs/s ): 76, Max: 147 
2021-07-08 12:36:01.8593 [] ...completed (458). Current throughput (jobs/s ): 76, Max: 147 
2021-07-08 12:36:01.8593 [] ...completed (459). Current throughput (jobs/s ): 76, Max: 147 
2021-07-08 12:36:01.8593 [] ...completed (458). Current throughput (jobs/s ): 76, Max: 147 
2021-07-08 12:36:01.8593 [] ...completed (461). Current throughput (jobs/s ): 76, Max: 147 
2021-07-08 12:36:01.8593 [] ...completed (462). Current throughput (jobs/s ): 77, Max: 147 
2021-07-08 12:36:01.8593 [] ...completed (463). Current throughput (jobs/s ): 77, Max: 147 
2021-07-08 12:36:01.8979 [] ...completed (464). Current throughput (jobs/s ): 77, Max: 147 
2021-07-08 12:36:01.9135 [] ...finished. Complete Job... 
2021-07-08 12:36:01.9135 [] ...finished. Complete Job... 
2021-07-08 12:36:01.9135 [] ...finished. Complete Job... 
2021-07-08 12:36:01.9135 [] ...finished. Complete Job... 
2021-07-08 12:36:01.9135 [] ...finished. Complete Job... 
2021-07-08 12:36:01.9135 [] ...finished. Complete Job... 
2021-07-08 12:36:01.9135 [] ...finished. Complete Job... 
2021-07-08 12:36:01.9135 [] ...finished. Complete Job... 
2021-07-08 12:36:01.9533 [] ...completed (465). Current throughput (jobs/s ): 77, Max: 147 
2021-07-08 12:36:01.9610 [] ...completed (466). Current throughput (jobs/s ): 77, Max: 147 
2021-07-08 12:36:01.9610 [] ...completed (467). Current throughput (jobs/s ): 77, Max: 147 
2021-07-08 12:36:01.9610 [] ...completed (468). Current throughput (jobs/s ): 78, Max: 147 
2021-07-08 12:36:01.9954 [] ...completed (469). Current throughput (jobs/s ): 78, Max: 147 
2021-07-08 12:36:01.9954 [] ...completed (470). Current throughput (jobs/s ): 78, Max: 147 
2021-07-08 12:36:01.9954 [] ...completed (471). Current throughput (jobs/s ): 78, Max: 147 
2021-07-08 12:36:02.0081 [] ...completed (472). Current throughput (jobs/s ): 78, Max: 147 
2021-07-08 12:36:02.0232 [] ...finished. Complete Job... 
2021-07-08 12:36:02.0232 [] ...finished. Complete Job... 
2021-07-08 12:36:02.0232 [] ...finished. Complete Job... 
2021-07-08 12:36:02.0232 [] ...finished. Complete Job... 
2021-07-08 12:36:02.0232 [] ...finished. Complete Job... 
2021-07-08 12:36:02.0232 [] ...finished. Complete Job... 
2021-07-08 12:36:02.0232 [] ...finished. Complete Job... 
2021-07-08 12:36:02.0232 [] ...finished. Complete Job... 
2021-07-08 12:36:02.0822 [] ...completed (474). Current throughput (jobs/s ): 79, Max: 147 
2021-07-08 12:36:02.0822 [] ...completed (473). Current throughput (jobs/s ): 79, Max: 147 
2021-07-08 12:36:02.0822 [] ...completed (475). Current throughput (jobs/s ): 79, Max: 147 
2021-07-08 12:36:02.0837 [] ...completed (476). Current throughput (jobs/s ): 79, Max: 147 
2021-07-08 12:36:02.0837 [] ...completed (477). Current throughput (jobs/s ): 79, Max: 147 
2021-07-08 12:36:02.1235 [] ...completed (479). Current throughput (jobs/s ): 79, Max: 147 
2021-07-08 12:36:02.1235 [] ...completed (478). Current throughput (jobs/s ): 79, Max: 147 
2021-07-08 12:36:02.1235 [] ...completed (480). Current throughput (jobs/s ): 80, Max: 147 
2021-07-08 12:36:02.1320 [] ...finished. Complete Job... 
2021-07-08 12:36:02.1320 [] ...finished. Complete Job... 
2021-07-08 12:36:02.1320 [] ...finished. Complete Job... 
2021-07-08 12:36:02.1320 [] ...finished. Complete Job... 
2021-07-08 12:36:02.1320 [] ...finished. Complete Job... 
2021-07-08 12:36:02.1320 [] ...finished. Complete Job... 
2021-07-08 12:36:02.1320 [] ...finished. Complete Job... 
2021-07-08 12:36:02.1320 [] ...finished. Complete Job... 
2021-07-08 12:36:02.2414 [] ...finished. Complete Job... 
2021-07-08 12:36:02.2414 [] ...finished. Complete Job... 
2021-07-08 12:36:02.2414 [] ...finished. Complete Job... 
2021-07-08 12:36:02.2414 [] ...finished. Complete Job... 
2021-07-08 12:36:02.2414 [] ...finished. Complete Job... 
2021-07-08 12:36:02.2414 [] ...finished. Complete Job... 
2021-07-08 12:36:02.2414 [] ...finished. Complete Job... 
2021-07-08 12:36:02.2414 [] ...finished. Complete Job... 
2021-07-08 12:36:02.3387 [] ...completed (481). Current throughput (jobs/s ): 80, Max: 147 
2021-07-08 12:36:02.3387 [] ...completed (489). Current throughput (jobs/s ): 81, Max: 147 
2021-07-08 12:36:02.3387 [] ...completed (491). Current throughput (jobs/s ): 81, Max: 147 
2021-07-08 12:36:02.3387 [] ...completed (484). Current throughput (jobs/s ): 80, Max: 147 
2021-07-08 12:36:02.3387 [] ...completed (484). Current throughput (jobs/s ): 80, Max: 147 
2021-07-08 12:36:02.3387 [] ...completed (485). Current throughput (jobs/s ): 80, Max: 147 
2021-07-08 12:36:02.3387 [] ...completed (484). Current throughput (jobs/s ): 80, Max: 147 
2021-07-08 12:36:02.3387 [] ...completed (486). Current throughput (jobs/s ): 81, Max: 147 
2021-07-08 12:36:02.3387 [] ...completed (488). Current throughput (jobs/s ): 81, Max: 147 
2021-07-08 12:36:02.3387 [] ...completed (488). Current throughput (jobs/s ): 81, Max: 147 
2021-07-08 12:36:02.3387 [] ...completed (490). Current throughput (jobs/s ): 81, Max: 147 
2021-07-08 12:36:02.3504 [] ...finished. Complete Job... 
2021-07-08 12:36:02.3504 [] ...finished. Complete Job... 
2021-07-08 12:36:02.3504 [] ...finished. Complete Job... 
2021-07-08 12:36:02.3504 [] ...finished. Complete Job... 
2021-07-08 12:36:02.3768 [] ...completed (492). Current throughput (jobs/s ): 82, Max: 147 
2021-07-08 12:36:02.3768 [] ...completed (493). Current throughput (jobs/s ): 82, Max: 147 
2021-07-08 12:36:02.3768 [] ...completed (494). Current throughput (jobs/s ): 82, Max: 147 
2021-07-08 12:36:02.3768 [] ...completed (495). Current throughput (jobs/s ): 82, Max: 147 
2021-07-08 12:36:02.3817 [] ...completed (496). Current throughput (jobs/s ): 82, Max: 147 
2021-07-08 12:36:02.3998 [] ...completed (497). Current throughput (jobs/s ): 82, Max: 147 
2021-07-08 12:36:02.3998 [] ...completed (498). Current throughput (jobs/s ): 83, Max: 147 
2021-07-08 12:36:02.3998 [] ...completed (499). Current throughput (jobs/s ): 83, Max: 147 
2021-07-08 12:36:02.3998 [] ...completed (500). Current throughput (jobs/s ): 83, Max: 147 
