PS C:\DEV\Camunda\camunda-cloud-clients-parallel-job-execution\sharp-worker> dotnet run
2021-07-08 12:14:01.2804 [] Start process instances... 
2021-07-08 12:14:02.1239 [] ... done 
Type any key to stop2021-07-08 12:14:02.2594 [] Invoke REST call... 
2021-07-08 12:14:02.4297 [] ...finished. Complete Job... 
2021-07-08 12:14:02.4297 [] Invoke REST call... 
2021-07-08 12:14:02.4753 [] ...completed (1). Current throughput (jobs/s ): 1, Max: 1 
2021-07-08 12:14:02.5506 [] ...finished. Complete Job... 
2021-07-08 12:14:02.5506 [] Invoke REST call... 
2021-07-08 12:14:02.5900 [] ...completed (2). Current throughput (jobs/s ): 2, Max: 2 
2021-07-08 12:14:02.6603 [] ...finished. Complete Job... 
2021-07-08 12:14:02.6603 [] Invoke REST call... 
2021-07-08 12:14:02.7392 [] ...completed (3). Current throughput (jobs/s ): 3, Max: 3 
2021-07-08 12:14:02.7706 [] ...finished. Complete Job... 
2021-07-08 12:14:02.7706 [] Invoke REST call... 
2021-07-08 12:14:02.8189 [] ...completed (4). Current throughput (jobs/s ): 4, Max: 4 
2021-07-08 12:14:02.8823 [] ...finished. Complete Job... 
2021-07-08 12:14:02.8823 [] Invoke REST call... 
2021-07-08 12:14:02.9243 [] ...completed (5). Current throughput (jobs/s ): 5, Max: 5 
2021-07-08 12:14:02.9926 [] ...finished. Complete Job... 
2021-07-08 12:14:02.9926 [] Invoke REST call... 
2021-07-08 12:14:03.0850 [] ...completed (6). Current throughput (jobs/s ): 6, Max: 6 
2021-07-08 12:14:03.1025 [] ...finished. Complete Job... 
2021-07-08 12:14:03.1025 [] Invoke REST call...
2021-07-08 12:14:03.1476 [] ...completed (7). Current throughput (jobs/s ): 7, Max: 7 
2021-07-08 12:14:03.2125 [] ...finished. Complete Job... 
2021-07-08 12:14:03.2125 [] Invoke REST call... 
2021-07-08 12:14:03.2942 [] ...completed (8). Current throughput (jobs/s ): 4, Max: 7 
2021-07-08 12:14:03.3224 [] ...finished. Complete Job... 
2021-07-08 12:14:03.3224 [] Invoke REST call... 
2021-07-08 12:14:03.3630 [] ...completed (9). Current throughput (jobs/s ): 4, Max: 7 
2021-07-08 12:14:03.4345 [] ...finished. Complete Job... 
2021-07-08 12:14:03.4345 [] Invoke REST call... 
2021-07-08 12:14:03.5123 [] ...completed (10). Current throughput (jobs/s ): 5, Max: 7 
2021-07-08 12:14:03.5435 [] ...finished. Complete Job... 
2021-07-08 12:14:03.5435 [] Invoke REST call... 
2021-07-08 12:14:03.5864 [] ...completed (11). Current throughput (jobs/s ): 5, Max: 7 
2021-07-08 12:14:03.6547 [] ...finished. Complete Job... 
2021-07-08 12:14:03.6547 [] Invoke REST call... 
2021-07-08 12:14:03.6975 [] ...completed (12). Current throughput (jobs/s ): 6, Max: 7 
2021-07-08 12:14:03.7635 [] ...finished. Complete Job... 
2021-07-08 12:14:03.7635 [] Invoke REST call... 
2021-07-08 12:14:03.8476 [] ...completed (13). Current throughput (jobs/s ): 6, Max: 7 
2021-07-08 12:14:03.8728 [] ...finished. Complete Job... 
2021-07-08 12:14:03.8728 [] Invoke REST call...
2021-07-08 12:14:03.9170 [] ...completed (14). Current throughput (jobs/s ): 7, Max: 7 
2021-07-08 12:14:03.9824 [] ...finished. Complete Job... 
2021-07-08 12:14:03.9824 [] Invoke REST call... 
2021-07-08 12:14:04.0232 [] ...completed (15). Current throughput (jobs/s ): 7, Max: 7 
2021-07-08 12:14:04.0933 [] ...finished. Complete Job... 
2021-07-08 12:14:04.0933 [] Invoke REST call... 
2021-07-08 12:14:04.1720 [] ...completed (16). Current throughput (jobs/s ): 8, Max: 8 
2021-07-08 12:14:04.2032 [] ...finished. Complete Job... 
2021-07-08 12:14:04.2032 [] Invoke REST call... 
2021-07-08 12:14:04.2414 [] ...completed (17). Current throughput (jobs/s ): 5, Max: 8 
2021-07-08 12:14:04.3155 [] ...finished. Complete Job... 
2021-07-08 12:14:04.3155 [] Invoke REST call... 
2021-07-08 12:14:04.3603 [] ...completed (18). Current throughput (jobs/s ): 6, Max: 8 
2021-07-08 12:14:04.4258 [] ...finished. Complete Job... 
2021-07-08 12:14:04.4258 [] Invoke REST call... 
2021-07-08 12:14:04.5058 [] ...completed (19). Current throughput (jobs/s ): 6, Max: 8 
2021-07-08 12:14:04.5354 [] ...finished. Complete Job... 
2021-07-08 12:14:04.5354 [] Invoke REST call... 
2021-07-08 12:14:04.5753 [] ...completed (20). Current throughput (jobs/s ): 6, Max: 8 
2021-07-08 12:14:04.6454 [] ...finished. Complete Job... 
2021-07-08 12:14:04.6459 [] Invoke REST call... 
2021-07-08 12:14:04.7306 [] ...completed (21). Current throughput (jobs/s ): 7, Max: 8 
2021-07-08 12:14:04.7548 [] ...finished. Complete Job... 
2021-07-08 12:14:04.7548 [] Invoke REST call...
2021-07-08 12:14:04.7942 [] ...completed (22). Current throughput (jobs/s ): 7, Max: 8 
2021-07-08 12:14:04.8625 [] ...finished. Complete Job... 
2021-07-08 12:14:04.8625 [] Invoke REST call... 
2021-07-08 12:14:04.9420 [] ...completed (23). Current throughput (jobs/s ): 7, Max: 8 
2021-07-08 12:14:04.9737 [] ...finished. Complete Job... 
2021-07-08 12:14:04.9737 [] Invoke REST call... 
2021-07-08 12:14:05.0123 [] ...completed (24). Current throughput (jobs/s ): 8, Max: 8 
2021-07-08 12:14:05.0846 [] ...finished. Complete Job... 
2021-07-08 12:14:05.0846 [] Invoke REST call... 
2021-07-08 12:14:05.1645 [] ...completed (25). Current throughput (jobs/s ): 8, Max: 8 
2021-07-08 12:14:05.1953 [] ...finished. Complete Job... 
2021-07-08 12:14:05.1953 [] Invoke REST call... 
2021-07-08 12:14:05.2366 [] ...completed (26). Current throughput (jobs/s ): 6, Max: 8 
2021-07-08 12:14:05.3050 [] ...finished. Complete Job... 
2021-07-08 12:14:05.3050 [] Invoke REST call... 
2021-07-08 12:14:05.3474 [] ...completed (27). Current throughput (jobs/s ): 6, Max: 8 
2021-07-08 12:14:05.4158 [] ...finished. Complete Job... 
2021-07-08 12:14:05.4158 [] Invoke REST call... 
2021-07-08 12:14:05.4586 [] ...completed (28). Current throughput (jobs/s ): 7, Max: 8 
2021-07-08 12:14:05.5269 [] ...finished. Complete Job... 
2021-07-08 12:14:05.5269 [] Invoke REST call... 
2021-07-08 12:14:05.6078 [] ...completed (29). Current throughput (jobs/s ): 7, Max: 8 
2021-07-08 12:14:05.6358 [] ...finished. Complete Job... 
2021-07-08 12:14:05.6358 [] Invoke REST call... 
2021-07-08 12:14:05.6758 [] ...completed (30). Current throughput (jobs/s ): 7, Max: 8 
2021-07-08 12:14:05.7460 [] ...finished. Complete Job... 
2021-07-08 12:14:05.7460 [] Invoke REST call... 
2021-07-08 12:14:05.7857 [] ...completed (31). Current throughput (jobs/s ): 7, Max: 8 
2021-07-08 12:14:05.8571 [] ...finished. Complete Job... 
2021-07-08 12:14:05.8571 [] Invoke REST call... 
2021-07-08 12:14:05.9385 [] ...completed (32). Current throughput (jobs/s ): 8, Max: 8 
2021-07-08 12:14:05.9689 [] ...finished. Complete Job... 
2021-07-08 12:14:05.9689 [] Invoke REST call... 
2021-07-08 12:14:06.0088 [] ...completed (33). Current throughput (jobs/s ): 8, Max: 8 
2021-07-08 12:14:06.0797 [] ...finished. Complete Job... 
2021-07-08 12:14:06.0797 [] Invoke REST call... 
2021-07-08 12:14:06.1163 [] ...completed (34). Current throughput (jobs/s ): 8, Max: 8 
2021-07-08 12:14:06.1899 [] ...finished. Complete Job... 
2021-07-08 12:14:06.1899 [] Invoke REST call... 
2021-07-08 12:14:06.2685 [] ...completed (35). Current throughput (jobs/s ): 7, Max: 8 
2021-07-08 12:14:06.3006 [] ...finished. Complete Job... 
2021-07-08 12:14:06.3006 [] Invoke REST call... 
2021-07-08 12:14:06.3401 [] ...completed (36). Current throughput (jobs/s ): 7, Max: 8 
2021-07-08 12:14:06.4096 [] ...finished. Complete Job... 
2021-07-08 12:14:06.4096 [] Invoke REST call... 
2021-07-08 12:14:06.4943 [] ...completed (37). Current throughput (jobs/s ): 7, Max: 8 
2021-07-08 12:14:06.5209 [] ...finished. Complete Job... 
2021-07-08 12:14:06.5215 [] Invoke REST call... 
2021-07-08 12:14:06.5581 [] ...completed (38). Current throughput (jobs/s ): 7, Max: 8 
2021-07-08 12:14:06.6329 [] ...finished. Complete Job... 
2021-07-08 12:14:06.6329 [] Invoke REST call... 
2021-07-08 12:14:06.7190 [] ...completed (39). Current throughput (jobs/s ): 7, Max: 8 
2021-07-08 12:14:06.7424 [] ...finished. Complete Job... 
2021-07-08 12:14:06.7424 [] Invoke REST call...
2021-07-08 12:14:06.7782 [] ...completed (40). Current throughput (jobs/s ): 8, Max: 8 
2021-07-08 12:14:06.8521 [] ...finished. Complete Job... 
2021-07-08 12:14:06.8521 [] Invoke REST call... 
2021-07-08 12:14:06.9304 [] ...completed (41). Current throughput (jobs/s ): 8, Max: 8 
2021-07-08 12:14:06.9647 [] ...finished. Complete Job... 
2021-07-08 12:14:06.9647 [] Invoke REST call... 
2021-07-08 12:14:07.0203 [] ...completed (42). Current throughput (jobs/s ): 8, Max: 8 
2021-07-08 12:14:07.0732 [] ...finished. Complete Job... 
2021-07-08 12:14:07.0732 [] Invoke REST call... 
2021-07-08 12:14:07.1156 [] ...completed (43). Current throughput (jobs/s ): 8, Max: 8 
2021-07-08 12:14:07.1845 [] ...finished. Complete Job... 
2021-07-08 12:14:07.1845 [] Invoke REST call... 
2021-07-08 12:14:07.2630 [] ...completed (44). Current throughput (jobs/s ): 7, Max: 8 
2021-07-08 12:14:07.2934 [] ...finished. Complete Job... 
2021-07-08 12:14:07.2934 [] Invoke REST call... 
2021-07-08 12:14:07.3326 [] ...completed (45). Current throughput (jobs/s ): 7, Max: 8 
2021-07-08 12:14:07.4034 [] ...finished. Complete Job... 
2021-07-08 12:14:07.4034 [] Invoke REST call... 
2021-07-08 12:14:07.4848 [] ...completed (46). Current throughput (jobs/s ): 7, Max: 8 
2021-07-08 12:14:07.5146 [] ...finished. Complete Job... 
2021-07-08 12:14:07.5146 [] Invoke REST call... 
2021-07-08 12:14:07.5538 [] ...completed (47). Current throughput (jobs/s ): 7, Max: 8 
2021-07-08 12:14:07.6233 [] ...finished. Complete Job... 
2021-07-08 12:14:07.6233 [] Invoke REST call... 
2021-07-08 12:14:07.7035 [] ...completed (48). Current throughput (jobs/s ): 8, Max: 8 
2021-07-08 12:14:07.7332 [] ...finished. Complete Job... 
2021-07-08 12:14:07.7332 [] Invoke REST call... 
2021-07-08 12:14:07.7732 [] ...completed (49). Current throughput (jobs/s ): 8, Max: 8 
2021-07-08 12:14:07.8430 [] ...finished. Complete Job... 
2021-07-08 12:14:07.8430 [] Invoke REST call... 
2021-07-08 12:14:07.8805 [] ...completed (50). Current throughput (jobs/s ): 8, Max: 8 
2021-07-08 12:14:07.9544 [] ...finished. Complete Job... 
2021-07-08 12:14:07.9544 [] Invoke REST call... 
2021-07-08 12:14:08.0338 [] ...completed (51). Current throughput (jobs/s ): 8, Max: 8 
2021-07-08 12:14:08.0652 [] ...finished. Complete Job... 
2021-07-08 12:14:08.0652 [] Invoke REST call... 
2021-07-08 12:14:08.1145 [] ...completed (52). Current throughput (jobs/s ): 8, Max: 8 
2021-07-08 12:14:08.1747 [] ...finished. Complete Job... 
2021-07-08 12:14:08.1747 [] Invoke REST call... 
2021-07-08 12:14:08.2549 [] ...completed (53). Current throughput (jobs/s ): 7, Max: 8 
2021-07-08 12:14:08.2843 [] ...finished. Complete Job... 
2021-07-08 12:14:08.2843 [] Invoke REST call... 
2021-07-08 12:14:08.3250 [] ...completed (54). Current throughput (jobs/s ): 7, Max: 8 
2021-07-08 12:14:08.3955 [] ...finished. Complete Job... 
2021-07-08 12:14:08.3961 [] Invoke REST call... 
2021-07-08 12:14:08.4393 [] ...completed (55). Current throughput (jobs/s ): 7, Max: 8 
2021-07-08 12:14:08.5067 [] ...finished. Complete Job... 
2021-07-08 12:14:08.5067 [] Invoke REST call... 
2021-07-08 12:14:08.5866 [] ...completed (56). Current throughput (jobs/s ): 8, Max: 8 
2021-07-08 12:14:08.6175 [] ...finished. Complete Job... 
2021-07-08 12:14:08.6175 [] Invoke REST call... 
2021-07-08 12:14:08.6548 [] ...completed (57). Current throughput (jobs/s ): 8, Max: 8 
2021-07-08 12:14:08.7263 [] ...finished. Complete Job... 
2021-07-08 12:14:08.7263 [] Invoke REST call... 
2021-07-08 12:14:08.7746 [] ...completed (58). Current throughput (jobs/s ): 8, Max: 8 
2021-07-08 12:14:08.8366 [] ...finished. Complete Job... 
2021-07-08 12:14:08.8366 [] Invoke REST call... 
2021-07-08 12:14:08.9162 [] ...completed (59). Current throughput (jobs/s ): 8, Max: 8 
2021-07-08 12:14:08.9484 [] ...finished. Complete Job... 
2021-07-08 12:14:08.9484 [] Invoke REST call... 
2021-07-08 12:14:08.9881 [] ...completed (60). Current throughput (jobs/s ): 8, Max: 8 
2021-07-08 12:14:09.0586 [] ...finished. Complete Job... 
2021-07-08 12:14:09.0586 [] Invoke REST call... 
2021-07-08 12:14:09.0979 [] ...completed (61). Current throughput (jobs/s ): 8, Max: 8 
2021-07-08 12:14:09.1687 [] ...finished. Complete Job... 
2021-07-08 12:14:09.1687 [] Invoke REST call... 
2021-07-08 12:14:09.2490 [] ...completed (62). Current throughput (jobs/s ): 7, Max: 8 
2021-07-08 12:14:09.2796 [] ...finished. Complete Job... 
2021-07-08 12:14:09.2796 [] Invoke REST call... 
2021-07-08 12:14:09.3181 [] ...completed (63). Current throughput (jobs/s ): 7, Max: 8 
2021-07-08 12:14:09.3896 [] ...finished. Complete Job... 
2021-07-08 12:14:09.3896 [] Invoke REST call... 
2021-07-08 12:14:09.4364 [] ...completed (64). Current throughput (jobs/s ): 8, Max: 8 
2021-07-08 12:14:09.4995 [] ...finished. Complete Job... 
2021-07-08 12:14:09.4995 [] Invoke REST call... 
2021-07-08 12:14:09.5805 [] ...completed (65). Current throughput (jobs/s ): 8, Max: 8 
2021-07-08 12:14:09.6101 [] ...finished. Complete Job... 
2021-07-08 12:14:09.6101 [] Invoke REST call... 
2021-07-08 12:14:09.6509 [] ...completed (66). Current throughput (jobs/s ): 8, Max: 8 
2021-07-08 12:14:09.7212 [] ...finished. Complete Job... 
2021-07-08 12:14:09.7212 [] Invoke REST call... 
2021-07-08 12:14:09.8020 [] ...completed (67). Current throughput (jobs/s ): 8, Max: 8 
2021-07-08 12:14:09.8334 [] ...finished. Complete Job... 
2021-07-08 12:14:09.8334 [] Invoke REST call... 
2021-07-08 12:14:09.8706 [] ...completed (68). Current throughput (jobs/s ): 8, Max: 8 
2021-07-08 12:14:09.9433 [] ...finished. Complete Job... 
2021-07-08 12:14:09.9433 [] Invoke REST call... 
2021-07-08 12:14:09.9825 [] ...completed (69). Current throughput (jobs/s ): 8, Max: 8 
2021-07-08 12:14:10.0543 [] ...finished. Complete Job... 
2021-07-08 12:14:10.0543 [] Invoke REST call... 
2021-07-08 12:14:10.1354 [] ...completed (70). Current throughput (jobs/s ): 8, Max: 8 
2021-07-08 12:14:10.1664 [] ...finished. Complete Job... 
2021-07-08 12:14:10.1664 [] Invoke REST call... 
2021-07-08 12:14:10.2037 [] ...completed (71). Current throughput (jobs/s ): 8, Max: 8 
2021-07-08 12:14:10.2764 [] ...finished. Complete Job... 
2021-07-08 12:14:10.2764 [] Invoke REST call... 
2021-07-08 12:14:10.3206 [] ...completed (72). Current throughput (jobs/s ): 8, Max: 8 
2021-07-08 12:14:10.3871 [] ...finished. Complete Job... 
2021-07-08 12:14:10.3871 [] Invoke REST call... 
2021-07-08 12:14:10.4745 [] ...completed (73). Current throughput (jobs/s ): 8, Max: 8 
2021-07-08 12:14:10.4985 [] ...finished. Complete Job... 
2021-07-08 12:14:10.4985 [] Invoke REST call...
2021-07-08 12:14:10.5491 [] ...completed (74). Current throughput (jobs/s ): 8, Max: 8 
2021-07-08 12:14:10.6074 [] ...finished. Complete Job... 
2021-07-08 12:14:10.6074 [] Invoke REST call... 
2021-07-08 12:14:10.7020 [] ...completed (75). Current throughput (jobs/s ): 8, Max: 8 
2021-07-08 12:14:10.7174 [] ...finished. Complete Job... 
2021-07-08 12:14:10.7174 [] Invoke REST call...
2021-07-08 12:14:10.7572 [] ...completed (76). Current throughput (jobs/s ): 8, Max: 8 
2021-07-08 12:14:10.8292 [] ...finished. Complete Job... 
2021-07-08 12:14:10.8292 [] Invoke REST call... 
2021-07-08 12:14:10.9114 [] ...completed (77). Current throughput (jobs/s ): 8, Max: 8 
2021-07-08 12:14:10.9404 [] ...finished. Complete Job... 
2021-07-08 12:14:10.9404 [] Invoke REST call... 
2021-07-08 12:14:10.9796 [] ...completed (78). Current throughput (jobs/s ): 8, Max: 8 
2021-07-08 12:14:11.0508 [] ...finished. Complete Job... 
2021-07-08 12:14:11.0508 [] Invoke REST call... 
2021-07-08 12:14:11.0938 [] ...completed (79). Current throughput (jobs/s ): 8, Max: 8 
2021-07-08 12:14:11.1625 [] ...finished. Complete Job... 
2021-07-08 12:14:11.1625 [] Invoke REST call... 
2021-07-08 12:14:11.2453 [] ...completed (80). Current throughput (jobs/s ): 8, Max: 8 
2021-07-08 12:14:11.2737 [] ...finished. Complete Job... 
2021-07-08 12:14:11.2737 [] Invoke REST call... 
2021-07-08 12:14:11.3126 [] ...completed (81). Current throughput (jobs/s ): 8, Max: 8 
2021-07-08 12:14:11.3826 [] ...finished. Complete Job... 
2021-07-08 12:14:11.3826 [] Invoke REST call... 
2021-07-08 12:14:11.4262 [] ...completed (82). Current throughput (jobs/s ): 8, Max: 8 
2021-07-08 12:14:11.4927 [] ...finished. Complete Job... 
2021-07-08 12:14:11.4927 [] Invoke REST call... 
2021-07-08 12:14:11.5715 [] ...completed (83). Current throughput (jobs/s ): 8, Max: 8 
2021-07-08 12:14:11.6027 [] ...finished. Complete Job... 
2021-07-08 12:14:11.6027 [] Invoke REST call... 
2021-07-08 12:14:11.6422 [] ...completed (84). Current throughput (jobs/s ): 8, Max: 8 
2021-07-08 12:14:11.7126 [] ...finished. Complete Job... 
2021-07-08 12:14:11.7126 [] Invoke REST call... 
2021-07-08 12:14:11.7927 [] ...completed (85). Current throughput (jobs/s ): 8, Max: 8 
2021-07-08 12:14:11.8238 [] ...finished. Complete Job... 
2021-07-08 12:14:11.8238 [] Invoke REST call... 
2021-07-08 12:14:11.8621 [] ...completed (86). Current throughput (jobs/s ): 8, Max: 8 
2021-07-08 12:14:11.9336 [] ...finished. Complete Job... 
2021-07-08 12:14:11.9336 [] Invoke REST call... 
2021-07-08 12:14:12.0136 [] ...completed (87). Current throughput (jobs/s ): 8, Max: 8 
2021-07-08 12:14:12.0445 [] ...finished. Complete Job... 
2021-07-08 12:14:12.0445 [] Invoke REST call... 
2021-07-08 12:14:12.0885 [] ...completed (88). Current throughput (jobs/s ): 8, Max: 8 
2021-07-08 12:14:12.1568 [] ...finished. Complete Job... 
2021-07-08 12:14:12.1568 [] Invoke REST call... 
2021-07-08 12:14:12.1936 [] ...completed (89). Current throughput (jobs/s ): 8, Max: 8 
2021-07-08 12:14:12.2665 [] ...finished. Complete Job... 
2021-07-08 12:14:12.2665 [] Invoke REST call... 
2021-07-08 12:14:12.3461 [] ...completed (90). Current throughput (jobs/s ): 8, Max: 8 
2021-07-08 12:14:12.3766 [] ...finished. Complete Job... 
2021-07-08 12:14:12.3766 [] Invoke REST call... 
2021-07-08 12:14:12.4140 [] ...completed (91). Current throughput (jobs/s ): 8, Max: 8 
2021-07-08 12:14:12.4853 [] ...finished. Complete Job... 
2021-07-08 12:14:12.4853 [] Invoke REST call... 
2021-07-08 12:14:12.5636 [] ...completed (92). Current throughput (jobs/s ): 8, Max: 8 
2021-07-08 12:14:12.5931 [] ...finished. Complete Job... 
2021-07-08 12:14:12.5931 [] Invoke REST call... 
2021-07-08 12:14:12.6352 [] ...completed (93). Current throughput (jobs/s ): 8, Max: 8 
2021-07-08 12:14:12.7031 [] ...finished. Complete Job... 
2021-07-08 12:14:12.7031 [] Invoke REST call... 
2021-07-08 12:14:12.7414 [] ...completed (94). Current throughput (jobs/s ): 8, Max: 8 
2021-07-08 12:14:12.8128 [] ...finished. Complete Job... 
2021-07-08 12:14:12.8128 [] Invoke REST call... 
2021-07-08 12:14:12.8915 [] ...completed (95). Current throughput (jobs/s ): 8, Max: 8 
2021-07-08 12:14:12.9250 [] ...finished. Complete Job... 
2021-07-08 12:14:12.9250 [] Invoke REST call... 
2021-07-08 12:14:12.9669 [] ...completed (96). Current throughput (jobs/s ): 8, Max: 8 
2021-07-08 12:14:13.0361 [] ...finished. Complete Job... 
2021-07-08 12:14:13.0368 [] Invoke REST call... 
2021-07-08 12:14:13.0742 [] ...completed (97). Current throughput (jobs/s ): 8, Max: 8 
2021-07-08 12:14:13.1470 [] ...finished. Complete Job... 
2021-07-08 12:14:13.1470 [] Invoke REST call... 
2021-07-08 12:14:13.2271 [] ...completed (98). Current throughput (jobs/s ): 8, Max: 8 
2021-07-08 12:14:13.2583 [] ...finished. Complete Job... 
2021-07-08 12:14:13.2583 [] Invoke REST call... 
2021-07-08 12:14:13.2986 [] ...completed (99). Current throughput (jobs/s ): 8, Max: 8 
2021-07-08 12:14:13.3692 [] ...finished. Complete Job... 
2021-07-08 12:14:13.3692 [] Invoke REST call... 
2021-07-08 12:14:13.4481 [] ...completed (100). Current throughput (jobs/s ): 8, Max: 8 
2021-07-08 12:14:13.4810 [] ...finished. Complete Job... 
2021-07-08 12:14:13.4810 [] Invoke REST call... 
2021-07-08 12:14:13.5200 [] ...completed (101). Current throughput (jobs/s ): 8, Max: 8 
2021-07-08 12:14:13.5910 [] ...finished. Complete Job... 
2021-07-08 12:14:13.5910 [] Invoke REST call... 
2021-07-08 12:14:13.6291 [] ...completed (102). Current throughput (jobs/s ): 8, Max: 8 
2021-07-08 12:14:13.7021 [] ...finished. Complete Job... 
2021-07-08 12:14:13.7021 [] Invoke REST call... 
2021-07-08 12:14:13.7807 [] ...completed (103). Current throughput (jobs/s ): 8, Max: 8 
2021-07-08 12:14:13.8108 [] ...finished. Complete Job... 
2021-07-08 12:14:13.8108 [] Invoke REST call... 
2021-07-08 12:14:13.8512 [] ...completed (104). Current throughput (jobs/s ): 8, Max: 8 
2021-07-08 12:14:13.9216 [] ...finished. Complete Job... 
2021-07-08 12:14:13.9216 [] Invoke REST call... 
2021-07-08 12:14:13.9594 [] ...completed (105). Current throughput (jobs/s ): 8, Max: 8 
2021-07-08 12:14:14.0327 [] ...finished. Complete Job... 
2021-07-08 12:14:14.0327 [] Invoke REST call... 
2021-07-08 12:14:14.0728 [] ...completed (106). Current throughput (jobs/s ): 8, Max: 8 
2021-07-08 12:14:14.1429 [] ...finished. Complete Job... 
2021-07-08 12:14:14.1429 [] Invoke REST call... 
2021-07-08 12:14:14.2211 [] ...completed (107). Current throughput (jobs/s ): 8, Max: 8 
2021-07-08 12:14:14.2552 [] ...finished. Complete Job... 
2021-07-08 12:14:14.2552 [] Invoke REST call... 
2021-07-08 12:14:14.2958 [] ...completed (108). Current throughput (jobs/s ): 8, Max: 8 
2021-07-08 12:14:14.3657 [] ...finished. Complete Job... 
2021-07-08 12:14:14.3657 [] Invoke REST call... 
2021-07-08 12:14:14.4189 [] ...completed (109). Current throughput (jobs/s ): 8, Max: 8 
2021-07-08 12:14:14.4749 [] ...finished. Complete Job... 
2021-07-08 12:14:14.4749 [] Invoke REST call... 
2021-07-08 12:14:14.5538 [] ...completed (110). Current throughput (jobs/s ): 8, Max: 8 
2021-07-08 12:14:14.5874 [] ...finished. Complete Job... 
2021-07-08 12:14:14.5874 [] Invoke REST call... 
2021-07-08 12:14:14.6256 [] ...completed (111). Current throughput (jobs/s ): 8, Max: 8 
2021-07-08 12:14:14.6967 [] ...finished. Complete Job... 
2021-07-08 12:14:14.6967 [] Invoke REST call... 
2021-07-08 12:14:14.7760 [] ...completed (112). Current throughput (jobs/s ): 8, Max: 8 
2021-07-08 12:14:14.8069 [] ...finished. Complete Job... 
2021-07-08 12:14:14.8069 [] Invoke REST call... 
2021-07-08 12:14:14.8464 [] ...completed (113). Current throughput (jobs/s ): 8, Max: 8 
2021-07-08 12:14:14.9177 [] ...finished. Complete Job... 
2021-07-08 12:14:14.9177 [] Invoke REST call... 
2021-07-08 12:14:14.9559 [] ...completed (114). Current throughput (jobs/s ): 8, Max: 8 
2021-07-08 12:14:15.0266 [] ...finished. Complete Job... 
2021-07-08 12:14:15.0266 [] Invoke REST call... 
2021-07-08 12:14:15.1064 [] ...completed (115). Current throughput (jobs/s ): 8, Max: 8 
2021-07-08 12:14:15.1378 [] ...finished. Complete Job... 
2021-07-08 12:14:15.1378 [] Invoke REST call... 
2021-07-08 12:14:15.1772 [] ...completed (116). Current throughput (jobs/s ): 8, Max: 8 
2021-07-08 12:14:15.2488 [] ...finished. Complete Job... 
2021-07-08 12:14:15.2488 [] Invoke REST call... 
2021-07-08 12:14:15.3323 [] ...completed (117). Current throughput (jobs/s ): 8, Max: 8 
2021-07-08 12:14:15.3575 [] ...finished. Complete Job... 
2021-07-08 12:14:15.3575 [] Invoke REST call...
2021-07-08 12:14:15.3980 [] ...completed (118). Current throughput (jobs/s ): 8, Max: 8 
2021-07-08 12:14:15.4675 [] ...finished. Complete Job... 
2021-07-08 12:14:15.4675 [] Invoke REST call... 
2021-07-08 12:14:15.5132 [] ...completed (119). Current throughput (jobs/s ): 8, Max: 8 
2021-07-08 12:14:15.5773 [] ...finished. Complete Job... 
2021-07-08 12:14:15.5773 [] Invoke REST call... 
2021-07-08 12:14:15.6565 [] ...completed (120). Current throughput (jobs/s ): 8, Max: 8 
2021-07-08 12:14:15.6894 [] ...finished. Complete Job... 
2021-07-08 12:14:15.6894 [] Invoke REST call... 
2021-07-08 12:14:15.7281 [] ...completed (121). Current throughput (jobs/s ): 8, Max: 8 
2021-07-08 12:14:15.8005 [] ...finished. Complete Job... 
2021-07-08 12:14:15.8005 [] Invoke REST call... 
2021-07-08 12:14:15.8426 [] ...completed (122). Current throughput (jobs/s ): 8, Max: 8 
2021-07-08 12:14:15.9103 [] ...finished. Complete Job... 
2021-07-08 12:14:15.9103 [] Invoke REST call... 
2021-07-08 12:14:15.9926 [] ...completed (123). Current throughput (jobs/s ): 8, Max: 8 
2021-07-08 12:14:16.0216 [] ...finished. Complete Job... 
2021-07-08 12:14:16.0216 [] Invoke REST call... 
2021-07-08 12:14:16.0597 [] ...completed (124). Current throughput (jobs/s ): 8, Max: 8 
2021-07-08 12:14:16.1336 [] ...finished. Complete Job... 
2021-07-08 12:14:16.1336 [] Invoke REST call... 
2021-07-08 12:14:16.1722 [] ...completed (125). Current throughput (jobs/s ): 8, Max: 8 
2021-07-08 12:14:16.2442 [] ...finished. Complete Job... 
2021-07-08 12:14:16.2442 [] Invoke REST call... 
2021-07-08 12:14:16.3237 [] ...completed (126). Current throughput (jobs/s ): 8, Max: 8 
2021-07-08 12:14:16.3555 [] ...finished. Complete Job... 
2021-07-08 12:14:16.3555 [] Invoke REST call... 
2021-07-08 12:14:16.3946 [] ...completed (127). Current throughput (jobs/s ): 8, Max: 8 
2021-07-08 12:14:16.4664 [] ...finished. Complete Job... 
2021-07-08 12:14:16.4664 [] Invoke REST call... 
2021-07-08 12:14:16.5452 [] ...completed (128). Current throughput (jobs/s ): 8, Max: 8 
2021-07-08 12:14:16.5764 [] ...finished. Complete Job... 
2021-07-08 12:14:16.5764 [] Invoke REST call... 
2021-07-08 12:14:16.6192 [] ...completed (129). Current throughput (jobs/s ): 8, Max: 8 
2021-07-08 12:14:16.6860 [] ...finished. Complete Job... 
2021-07-08 12:14:16.6860 [] Invoke REST call... 
2021-07-08 12:14:16.7257 [] ...completed (130). Current throughput (jobs/s ): 8, Max: 8 
2021-07-08 12:14:16.7958 [] ...finished. Complete Job... 
2021-07-08 12:14:16.7958 [] Invoke REST call... 
2021-07-08 12:14:16.8348 [] ...completed (131). Current throughput (jobs/s ): 8, Max: 8 
2021-07-08 12:14:16.9061 [] ...finished. Complete Job... 
2021-07-08 12:14:16.9061 [] Invoke REST call... 
2021-07-08 12:14:16.9526 [] ...completed (132). Current throughput (jobs/s ): 8, Max: 8 
2021-07-08 12:14:17.0159 [] ...finished. Complete Job... 
2021-07-08 12:14:17.0159 [] Invoke REST call... 
2021-07-08 12:14:17.0979 [] ...completed (133). Current throughput (jobs/s ): 8, Max: 8 
2021-07-08 12:14:17.1262 [] ...finished. Complete Job... 
2021-07-08 12:14:17.1262 [] Invoke REST call... 
2021-07-08 12:14:17.1636 [] ...completed (134). Current throughput (jobs/s ): 8, Max: 8 
2021-07-08 12:14:17.2383 [] ...finished. Complete Job... 
2021-07-08 12:14:17.2383 [] Invoke REST call... 
2021-07-08 12:14:17.3242 [] ...completed (135). Current throughput (jobs/s ): 8, Max: 8 
2021-07-08 12:14:17.3501 [] ...finished. Complete Job... 
2021-07-08 12:14:17.3501 [] Invoke REST call... 
2021-07-08 12:14:17.3922 [] ...completed (136). Current throughput (jobs/s ): 8, Max: 8 
2021-07-08 12:14:17.4589 [] ...finished. Complete Job... 
2021-07-08 12:14:17.4589 [] Invoke REST call... 
2021-07-08 12:14:17.5392 [] ...completed (137). Current throughput (jobs/s ): 8, Max: 8 
2021-07-08 12:14:17.5692 [] ...finished. Complete Job... 
2021-07-08 12:14:17.5692 [] Invoke REST call... 
2021-07-08 12:14:17.6097 [] ...completed (138). Current throughput (jobs/s ): 8, Max: 8 
2021-07-08 12:14:17.6809 [] ...finished. Complete Job... 
2021-07-08 12:14:17.6809 [] Invoke REST call... 
2021-07-08 12:14:17.7277 [] ...completed (139). Current throughput (jobs/s ): 8, Max: 8 
2021-07-08 12:14:17.7901 [] ...finished. Complete Job... 
2021-07-08 12:14:17.7901 [] Invoke REST call... 
2021-07-08 12:14:17.8783 [] ...completed (140). Current throughput (jobs/s ): 8, Max: 8 
2021-07-08 12:14:17.9020 [] ...finished. Complete Job... 
2021-07-08 12:14:17.9020 [] Invoke REST call...
2021-07-08 12:14:17.9452 [] ...completed (141). Current throughput (jobs/s ): 8, Max: 8 
2021-07-08 12:14:18.0109 [] ...finished. Complete Job... 
2021-07-08 12:14:18.0109 [] Invoke REST call... 
2021-07-08 12:14:18.0501 [] ...completed (142). Current throughput (jobs/s ): 8, Max: 8 
2021-07-08 12:14:18.1211 [] ...finished. Complete Job... 
2021-07-08 12:14:18.1211 [] Invoke REST call... 
2021-07-08 12:14:18.2005 [] ...completed (143). Current throughput (jobs/s ): 8, Max: 8 
2021-07-08 12:14:18.2302 [] ...finished. Complete Job... 
2021-07-08 12:14:18.2302 [] Invoke REST call... 
2021-07-08 12:14:18.2679 [] ...completed (144). Current throughput (jobs/s ): 8, Max: 8 
2021-07-08 12:14:18.3393 [] ...finished. Complete Job... 
2021-07-08 12:14:18.3393 [] Invoke REST call... 
2021-07-08 12:14:18.3766 [] ...completed (145). Current throughput (jobs/s ): 8, Max: 8 
2021-07-08 12:14:18.4513 [] ...finished. Complete Job... 
2021-07-08 12:14:18.4513 [] Invoke REST call... 
2021-07-08 12:14:18.5322 [] ...completed (146). Current throughput (jobs/s ): 8, Max: 8 
2021-07-08 12:14:18.5632 [] ...finished. Complete Job... 
2021-07-08 12:14:18.5632 [] Invoke REST call... 
2021-07-08 12:14:18.6033 [] ...completed (147). Current throughput (jobs/s ): 8, Max: 8 
2021-07-08 12:14:18.6744 [] ...finished. Complete Job... 
2021-07-08 12:14:18.6744 [] Invoke REST call... 
2021-07-08 12:14:18.7542 [] ...completed (148). Current throughput (jobs/s ): 8, Max: 8 
2021-07-08 12:14:18.7853 [] ...finished. Complete Job... 
2021-07-08 12:14:18.7853 [] Invoke REST call... 
2021-07-08 12:14:18.8248 [] ...completed (149). Current throughput (jobs/s ): 8, Max: 8 
2021-07-08 12:14:18.8961 [] ...finished. Complete Job... 
2021-07-08 12:14:18.8961 [] Invoke REST call... 
2021-07-08 12:14:18.9760 [] ...completed (150). Current throughput (jobs/s ): 8, Max: 8 
2021-07-08 12:14:19.0043 [] ...finished. Complete Job... 
2021-07-08 12:14:19.0043 [] Invoke REST call... 
2021-07-08 12:14:19.0425 [] ...completed (151). Current throughput (jobs/s ): 8, Max: 8 
2021-07-08 12:14:19.1163 [] ...finished. Complete Job... 
2021-07-08 12:14:19.1163 [] Invoke REST call... 
2021-07-08 12:14:19.1546 [] ...completed (152). Current throughput (jobs/s ): 8, Max: 8 
2021-07-08 12:14:19.2271 [] ...finished. Complete Job... 
2021-07-08 12:14:19.2271 [] Invoke REST call... 
2021-07-08 12:14:19.3134 [] ...completed (153). Current throughput (jobs/s ): 8, Max: 8 
2021-07-08 12:14:19.3373 [] ...finished. Complete Job... 
2021-07-08 12:14:19.3373 [] Invoke REST call...
2021-07-08 12:14:19.3761 [] ...completed (154). Current throughput (jobs/s ): 8, Max: 8 
2021-07-08 12:14:19.4482 [] ...finished. Complete Job... 
2021-07-08 12:14:19.4482 [] Invoke REST call... 
2021-07-08 12:14:19.5306 [] ...completed (155). Current throughput (jobs/s ): 8, Max: 8 
2021-07-08 12:14:19.5594 [] ...finished. Complete Job... 
2021-07-08 12:14:19.5594 [] Invoke REST call... 
2021-07-08 12:14:19.5996 [] ...completed (156). Current throughput (jobs/s ): 8, Max: 8 
2021-07-08 12:14:19.6699 [] ...finished. Complete Job... 
2021-07-08 12:14:19.6699 [] Invoke REST call... 
2021-07-08 12:14:19.7087 [] ...completed (157). Current throughput (jobs/s ): 8, Max: 8 
2021-07-08 12:14:19.7794 [] ...finished. Complete Job... 
2021-07-08 12:14:19.7794 [] Invoke REST call... 
2021-07-08 12:14:19.8680 [] ...completed (158). Current throughput (jobs/s ): 8, Max: 8 
2021-07-08 12:14:19.8888 [] ...finished. Complete Job... 
2021-07-08 12:14:19.8888 [] Invoke REST call...
2021-07-08 12:14:19.9322 [] ...completed (159). Current throughput (jobs/s ): 8, Max: 8 
2021-07-08 12:14:20.0007 [] ...finished. Complete Job... 
2021-07-08 12:14:20.0007 [] Invoke REST call... 
2021-07-08 12:14:20.0426 [] ...completed (160). Current throughput (jobs/s ): 8, Max: 8 
2021-07-08 12:14:20.1106 [] ...finished. Complete Job... 
2021-07-08 12:14:20.1106 [] Invoke REST call... 
2021-07-08 12:14:20.2002 [] ...completed (161). Current throughput (jobs/s ): 8, Max: 8 
2021-07-08 12:14:20.2219 [] ...finished. Complete Job... 
2021-07-08 12:14:20.2219 [] Invoke REST call...
2021-07-08 12:14:20.2616 [] ...completed (162). Current throughput (jobs/s ): 8, Max: 8 
2021-07-08 12:14:20.3325 [] ...finished. Complete Job... 
2021-07-08 12:14:20.3325 [] Invoke REST call... 
2021-07-08 12:14:20.4120 [] ...completed (163). Current throughput (jobs/s ): 8, Max: 8 
2021-07-08 12:14:20.4428 [] ...finished. Complete Job... 
2021-07-08 12:14:20.4428 [] Invoke REST call... 
2021-07-08 12:14:20.4821 [] ...completed (164). Current throughput (jobs/s ): 8, Max: 8 
2021-07-08 12:14:20.5547 [] ...finished. Complete Job... 
2021-07-08 12:14:20.5547 [] Invoke REST call... 
2021-07-08 12:14:20.6361 [] ...completed (165). Current throughput (jobs/s ): 8, Max: 8 
2021-07-08 12:14:20.6665 [] ...finished. Complete Job... 
2021-07-08 12:14:20.6665 [] Invoke REST call... 
2021-07-08 12:14:20.7057 [] ...completed (166). Current throughput (jobs/s ): 8, Max: 8 
2021-07-08 12:14:20.7756 [] ...finished. Complete Job... 
2021-07-08 12:14:20.7756 [] Invoke REST call... 
2021-07-08 12:14:20.8261 [] ...completed (167). Current throughput (jobs/s ): 8, Max: 8 
2021-07-08 12:14:20.8879 [] ...finished. Complete Job... 
2021-07-08 12:14:20.8879 [] Invoke REST call... 
2021-07-08 12:14:20.9665 [] ...completed (168). Current throughput (jobs/s ): 8, Max: 8 
2021-07-08 12:14:20.9976 [] ...finished. Complete Job... 
2021-07-08 12:14:20.9976 [] Invoke REST call... 
2021-07-08 12:14:21.0459 [] ...completed (169). Current throughput (jobs/s ): 8, Max: 8 
2021-07-08 12:14:21.1092 [] ...finished. Complete Job... 
2021-07-08 12:14:21.1092 [] Invoke REST call... 
2021-07-08 12:14:21.1477 [] ...completed (170). Current throughput (jobs/s ): 8, Max: 8 
2021-07-08 12:14:21.2211 [] ...finished. Complete Job... 
2021-07-08 12:14:21.2211 [] Invoke REST call... 
2021-07-08 12:14:21.2590 [] ...completed (171). Current throughput (jobs/s ): 8, Max: 8 
2021-07-08 12:14:21.3311 [] ...finished. Complete Job... 
2021-07-08 12:14:21.3311 [] Invoke REST call... 
2021-07-08 12:14:21.4090 [] ...completed (172). Current throughput (jobs/s ): 8, Max: 8 
2021-07-08 12:14:21.4420 [] ...finished. Complete Job... 
2021-07-08 12:14:21.4420 [] Invoke REST call... 
2021-07-08 12:14:21.4819 [] ...completed (173). Current throughput (jobs/s ): 8, Max: 8 
2021-07-08 12:14:21.5523 [] ...finished. Complete Job... 
2021-07-08 12:14:21.5523 [] Invoke REST call... 
2021-07-08 12:14:21.5941 [] ...completed (174). Current throughput (jobs/s ): 8, Max: 8 
2021-07-08 12:14:21.6618 [] ...finished. Complete Job... 
2021-07-08 12:14:21.6618 [] Invoke REST call... 
2021-07-08 12:14:21.7419 [] ...completed (175). Current throughput (jobs/s ): 8, Max: 8 
2021-07-08 12:14:21.7730 [] ...finished. Complete Job... 
2021-07-08 12:14:21.7730 [] Invoke REST call... 
2021-07-08 12:14:21.8122 [] ...completed (176). Current throughput (jobs/s ): 8, Max: 8 
2021-07-08 12:14:21.8819 [] ...finished. Complete Job... 
2021-07-08 12:14:21.8819 [] Invoke REST call... 
2021-07-08 12:14:21.9207 [] ...completed (177). Current throughput (jobs/s ): 8, Max: 8 
2021-07-08 12:14:21.9933 [] ...finished. Complete Job... 
2021-07-08 12:14:21.9933 [] Invoke REST call... 
2021-07-08 12:14:22.0730 [] ...completed (178). Current throughput (jobs/s ): 8, Max: 8 
2021-07-08 12:14:22.1040 [] ...finished. Complete Job... 
2021-07-08 12:14:22.1040 [] Invoke REST call... 
2021-07-08 12:14:22.1428 [] ...completed (179). Current throughput (jobs/s ): 8, Max: 8 
2021-07-08 12:14:22.2148 [] ...finished. Complete Job... 
2021-07-08 12:14:22.2148 [] Invoke REST call... 
2021-07-08 12:14:22.2562 [] ...completed (180). Current throughput (jobs/s ): 8, Max: 8 
2021-07-08 12:14:22.3240 [] ...finished. Complete Job... 
2021-07-08 12:14:22.3240 [] Invoke REST call... 
2021-07-08 12:14:22.4060 [] ...completed (181). Current throughput (jobs/s ): 8, Max: 8 
2021-07-08 12:14:22.4342 [] ...finished. Complete Job... 
2021-07-08 12:14:22.4342 [] Invoke REST call... 
2021-07-08 12:14:22.4736 [] ...completed (182). Current throughput (jobs/s ): 8, Max: 8 
2021-07-08 12:14:22.5440 [] ...finished. Complete Job... 
2021-07-08 12:14:22.5440 [] Invoke REST call... 
2021-07-08 12:14:22.5826 [] ...completed (183). Current throughput (jobs/s ): 8, Max: 8 
2021-07-08 12:14:22.6542 [] ...finished. Complete Job... 
2021-07-08 12:14:22.6542 [] Invoke REST call... 
2021-07-08 12:14:22.6930 [] ...completed (184). Current throughput (jobs/s ): 8, Max: 8 
2021-07-08 12:14:22.7639 [] ...finished. Complete Job... 
2021-07-08 12:14:22.7639 [] Invoke REST call... 
2021-07-08 12:14:22.8418 [] ...completed (185). Current throughput (jobs/s ): 8, Max: 8 
2021-07-08 12:14:22.8751 [] ...finished. Complete Job... 
2021-07-08 12:14:22.8751 [] Invoke REST call... 
2021-07-08 12:14:22.9123 [] ...completed (186). Current throughput (jobs/s ): 8, Max: 8 
2021-07-08 12:14:22.9851 [] ...finished. Complete Job... 
2021-07-08 12:14:22.9851 [] Invoke REST call... 
2021-07-08 12:14:23.0645 [] ...completed (187). Current throughput (jobs/s ): 8, Max: 8 
2021-07-08 12:14:23.0949 [] ...finished. Complete Job... 
2021-07-08 12:14:23.0949 [] Invoke REST call... 
2021-07-08 12:14:23.1435 [] ...completed (188). Current throughput (jobs/s ): 8, Max: 8 
2021-07-08 12:14:23.2059 [] ...finished. Complete Job... 
2021-07-08 12:14:23.2059 [] Invoke REST call... 
2021-07-08 12:14:23.2861 [] ...completed (189). Current throughput (jobs/s ): 8, Max: 8 
2021-07-08 12:14:23.3170 [] ...finished. Complete Job... 
2021-07-08 12:14:23.3170 [] Invoke REST call... 
2021-07-08 12:14:23.3584 [] ...completed (190). Current throughput (jobs/s ): 8, Max: 8 
2021-07-08 12:14:23.4269 [] ...finished. Complete Job... 
2021-07-08 12:14:23.4273 [] Invoke REST call... 
2021-07-08 12:14:23.5099 [] ...completed (191). Current throughput (jobs/s ): 8, Max: 8 
2021-07-08 12:14:23.5380 [] ...finished. Complete Job... 
2021-07-08 12:14:23.5380 [] Invoke REST call... 
2021-07-08 12:14:23.5768 [] ...completed (192). Current throughput (jobs/s ): 8, Max: 8 
2021-07-08 12:14:23.6480 [] ...finished. Complete Job... 
2021-07-08 12:14:23.6480 [] Invoke REST call... 
2021-07-08 12:14:23.6953 [] ...completed (193). Current throughput (jobs/s ): 8, Max: 8 
2021-07-08 12:14:23.7589 [] ...finished. Complete Job... 
2021-07-08 12:14:23.7589 [] Invoke REST call... 
2021-07-08 12:14:23.8389 [] ...completed (194). Current throughput (jobs/s ): 8, Max: 8 
2021-07-08 12:14:23.8700 [] ...finished. Complete Job... 
2021-07-08 12:14:23.8700 [] Invoke REST call... 
2021-07-08 12:14:23.9127 [] ...completed (195). Current throughput (jobs/s ): 8, Max: 8 
2021-07-08 12:14:23.9789 [] ...finished. Complete Job... 
2021-07-08 12:14:23.9789 [] Invoke REST call... 
2021-07-08 12:14:24.0173 [] ...completed (196). Current throughput (jobs/s ): 8, Max: 8 
2021-07-08 12:14:24.0899 [] ...finished. Complete Job... 
2021-07-08 12:14:24.0899 [] Invoke REST call... 
2021-07-08 12:14:24.1282 [] ...completed (197). Current throughput (jobs/s ): 8, Max: 8 
2021-07-08 12:14:24.2013 [] ...finished. Complete Job... 
2021-07-08 12:14:24.2013 [] Invoke REST call... 
2021-07-08 12:14:24.2384 [] ...completed (198). Current throughput (jobs/s ): 8, Max: 8 
2021-07-08 12:14:24.3108 [] ...finished. Complete Job... 
2021-07-08 12:14:24.3108 [] Invoke REST call... 
2021-07-08 12:14:24.3904 [] ...completed (199). Current throughput (jobs/s ): 8, Max: 8 