"C:\Program Files\Java\jdk-16.0.1\bin\java.exe" "-javaagent:C:\Program Files\JetBrains\IntelliJ IDEA Community Edition 2021.1.2\lib\idea_rt.jar=64440:C:\Program Files\JetBrains\IntelliJ IDEA Community Edition 2021.1.2\bin" -Dfile.encoding=UTF-8 -classpath C:\DEV\Camunda\camunda-cloud-clients-parallel-job-execution\camunda-cloud-parallel-jobs-java\target\classes;C:\Users\ruecker\.m2\repository\org\springframework\boot\spring-boot-starter-webflux\2.5.2\spring-boot-starter-webflux-2.5.2.jar;C:\Users\ruecker\.m2\repository\org\springframework\boot\spring-boot-starter\2.5.2\spring-boot-starter-2.5.2.jar;C:\Users\ruecker\.m2\repository\org\springframework\boot\spring-boot\2.5.2\spring-boot-2.5.2.jar;C:\Users\ruecker\.m2\repository\org\springframework\spring-context\5.3.8\spring-context-5.3.8.jar;C:\Users\ruecker\.m2\repository\org\springframework\spring-aop\5.3.8\spring-aop-5.3.8.jar;C:\Users\ruecker\.m2\repository\org\springframework\spring-expression\5.3.8\spring-expression-5.3.8.jar;C:\Users\ruecker\.m2\repository\org\springframework\boot\spring-boot-autoconfigure\2.5.2\spring-boot-autoconfigure-2.5.2.jar;C:\Users\ruecker\.m2\repository\org\springframework\boot\spring-boot-starter-logging\2.5.2\spring-boot-starter-logging-2.5.2.jar;C:\Users\ruecker\.m2\repository\ch\qos\logback\logback-classic\1.2.3\logback-classic-1.2.3.jar;C:\Users\ruecker\.m2\repository\ch\qos\logback\logback-core\1.2.3\logback-core-1.2.3.jar;C:\Users\ruecker\.m2\repository\org\apache\logging\log4j\log4j-to-slf4j\2.14.1\log4j-to-slf4j-2.14.1.jar;C:\Users\ruecker\.m2\repository\org\apache\logging\log4j\log4j-api\2.14.1\log4j-api-2.14.1.jar;C:\Users\ruecker\.m2\repository\org\slf4j\jul-to-slf4j\1.7.31\jul-to-slf4j-1.7.31.jar;C:\Users\ruecker\.m2\repository\jakarta\annotation\jakarta.annotation-api\1.3.5\jakarta.annotation-api-1.3.5.jar;C:\Users\ruecker\.m2\repository\org\yaml\snakeyaml\1.28\snakeyaml-1.28.jar;C:\Users\ruecker\.m2\repository\org\springframework\boot\spring-boot-starter-json\2.5.2\spring-boot-starter-json-2.5.2.jar;C:\Users\ruecker\.m2\repository\com\fasterxml\jackson\core\jackson-databind\2.12.3\jackson-databind-2.12.3.jar;C:\Users\ruecker\.m2\repository\com\fasterxml\jackson\core\jackson-annotations\2.12.3\jackson-annotations-2.12.3.jar;C:\Users\ruecker\.m2\repository\com\fasterxml\jackson\core\jackson-core\2.12.3\jackson-core-2.12.3.jar;C:\Users\ruecker\.m2\repository\com\fasterxml\jackson\datatype\jackson-datatype-jdk8\2.12.3\jackson-datatype-jdk8-2.12.3.jar;C:\Users\ruecker\.m2\repository\com\fasterxml\jackson\datatype\jackson-datatype-jsr310\2.12.3\jackson-datatype-jsr310-2.12.3.jar;C:\Users\ruecker\.m2\repository\com\fasterxml\jackson\module\jackson-module-parameter-names\2.12.3\jackson-module-parameter-names-2.12.3.jar;C:\Users\ruecker\.m2\repository\org\springframework\boot\spring-boot-starter-reactor-netty\2.5.2\spring-boot-starter-reactor-netty-2.5.2.jar;C:\Users\ruecker\.m2\repository\io\projectreactor\netty\reactor-netty-http\1.0.8\reactor-netty-http-1.0.8.jar;C:\Users\ruecker\.m2\repository\io\netty\netty-codec-http\4.1.65.Final\netty-codec-http-4.1.65.Final.jar;C:\Users\ruecker\.m2\repository\io\netty\netty-buffer\4.1.65.Final\netty-buffer-4.1.65.Final.jar;C:\Users\ruecker\.m2\repository\io\netty\netty-transport\4.1.65.Final\netty-transport-4.1.65.Final.jar;C:\Users\ruecker\.m2\repository\io\netty\netty-codec\4.1.65.Final\netty-codec-4.1.65.Final.jar;C:\Users\ruecker\.m2\repository\io\netty\netty-codec-http2\4.1.65.Final\netty-codec-http2-4.1.65.Final.jar;C:\Users\ruecker\.m2\repository\io\netty\netty-resolver-dns\4.1.65.Final\netty-resolver-dns-4.1.65.Final.jar;C:\Users\ruecker\.m2\repository\io\netty\netty-resolver\4.1.65.Final\netty-resolver-4.1.65.Final.jar;C:\Users\ruecker\.m2\repository\io\netty\netty-codec-dns\4.1.65.Final\netty-codec-dns-4.1.65.Final.jar;C:\Users\ruecker\.m2\repository\io\netty\netty-resolver-dns-native-macos\4.1.65.Final\netty-resolver-dns-native-macos-4.1.65.Final-osx-x86_64.jar;C:\Users\ruecker\.m2\repository\io\netty\netty-transport-native-unix-common\4.1.65.Final\netty-transport-native-unix-common-4.1.65.Final.jar;C:\Users\ruecker\.m2\repository\io\netty\netty-transport-native-epoll\4.1.65.Final\netty-transport-native-epoll-4.1.65.Final-linux-x86_64.jar;C:\Users\ruecker\.m2\repository\io\projectreactor\netty\reactor-netty-core\1.0.8\reactor-netty-core-1.0.8.jar;C:\Users\ruecker\.m2\repository\io\netty\netty-handler-proxy\4.1.65.Final\netty-handler-proxy-4.1.65.Final.jar;C:\Users\ruecker\.m2\repository\io\netty\netty-codec-socks\4.1.65.Final\netty-codec-socks-4.1.65.Final.jar;C:\Users\ruecker\.m2\repository\org\springframework\spring-web\5.3.8\spring-web-5.3.8.jar;C:\Users\ruecker\.m2\repository\org\springframework\spring-beans\5.3.8\spring-beans-5.3.8.jar;C:\Users\ruecker\.m2\repository\org\springframework\spring-webflux\5.3.8\spring-webflux-5.3.8.jar;C:\Users\ruecker\.m2\repository\io\camunda\spring-zeebe-starter\1.0.0\spring-zeebe-starter-1.0.0.jar;C:\Users\ruecker\.m2\repository\io\camunda\spring-zeebe\1.0.0\spring-zeebe-1.0.0.jar;C:\Users\ruecker\.m2\repository\io\camunda\zeebe-client-java\1.0.0-rc2\zeebe-client-java-1.0.0-rc2.jar;C:\Users\ruecker\.m2\repository\io\camunda\zeebe-bpmn-model\1.0.0-rc2\zeebe-bpmn-model-1.0.0-rc2.jar;C:\Users\ruecker\.m2\repository\org\camunda\bpm\model\camunda-xml-model\7.15.0\camunda-xml-model-7.15.0.jar;C:\Users\ruecker\.m2\repository\io\camunda\zeebe-gateway-protocol-impl\1.0.0-rc2\zeebe-gateway-protocol-impl-1.0.0-rc2.jar;C:\Users\ruecker\.m2\repository\io\camunda\zeebe-gateway-protocol\1.0.0-rc2\zeebe-gateway-protocol-1.0.0-rc2.jar;C:\Users\ruecker\.m2\repository\io\grpc\grpc-protobuf\1.37.0\grpc-protobuf-1.37.0.jar;C:\Users\ruecker\.m2\repository\com\google\api\grpc\proto-google-common-protos\2.0.1\proto-google-common-protos-2.0.1.jar;C:\Users\ruecker\.m2\repository\io\grpc\grpc-protobuf-lite\1.37.0\grpc-protobuf-lite-1.37.0.jar;C:\Users\ruecker\.m2\repository\com\google\guava\guava\30.1.1-jre\guava-30.1.1-jre.jar;C:\Users\ruecker\.m2\repository\com\google\guava\failureaccess\1.0.1\failureaccess-1.0.1.jar;C:\Users\ruecker\.m2\repository\com\google\guava\listenablefuture\9999.0-empty-to-avoid-conflict-with-guava\listenablefuture-9999.0-empty-to-avoid-conflict-with-guava.jar;C:\Users\ruecker\.m2\repository\org\checkerframework\checker-qual\3.8.0\checker-qual-3.8.0.jar;C:\Users\ruecker\.m2\repository\com\google\j2objc\j2objc-annotations\1.3\j2objc-annotations-1.3.jar;C:\Users\ruecker\.m2\repository\io\grpc\grpc-stub\1.37.0\grpc-stub-1.37.0.jar;C:\Users\ruecker\.m2\repository\com\google\errorprone\error_prone_annotations\2.4.0\error_prone_annotations-2.4.0.jar;C:\Users\ruecker\.m2\repository\org\codehaus\mojo\animal-sniffer-annotations\1.19\animal-sniffer-annotations-1.19.jar;C:\Users\ruecker\.m2\repository\com\google\code\findbugs\jsr305\3.0.2\jsr305-3.0.2.jar;C:\Users\ruecker\.m2\repository\io\grpc\grpc-core\1.37.0\grpc-core-1.37.0.jar;C:\Users\ruecker\.m2\repository\com\google\code\gson\gson\2.8.7\gson-2.8.7.jar;C:\Users\ruecker\.m2\repository\com\google\android\annotations\4.1.1.4\annotations-4.1.1.4.jar;C:\Users\ruecker\.m2\repository\io\perfmark\perfmark-api\0.23.0\perfmark-api-0.23.0.jar;C:\Users\ruecker\.m2\repository\io\grpc\grpc-api\1.37.0\grpc-api-1.37.0.jar;C:\Users\ruecker\.m2\repository\io\grpc\grpc-context\1.37.0\grpc-context-1.37.0.jar;C:\Users\ruecker\.m2\repository\io\grpc\grpc-netty\1.37.0\grpc-netty-1.37.0.jar;C:\Users\ruecker\.m2\repository\com\google\protobuf\protobuf-java\3.15.8\protobuf-java-3.15.8.jar;C:\Users\ruecker\.m2\repository\io\netty\netty-tcnative-boringssl-static\2.0.40.Final\netty-tcnative-boringssl-static-2.0.40.Final.jar;C:\Users\ruecker\.m2\repository\io\netty\netty-handler\4.1.65.Final\netty-handler-4.1.65.Final.jar;C:\Users\ruecker\.m2\repository\io\netty\netty-common\4.1.65.Final\netty-common-4.1.65.Final.jar;C:\Users\ruecker\.m2\repository\com\fasterxml\jackson\dataformat\jackson-dataformat-yaml\2.12.3\jackson-dataformat-yaml-2.12.3.jar;C:\Users\ruecker\.m2\repository\io\camunda\spring-zeebe-util\1.0.0\spring-zeebe-util-1.0.0.jar;C:\Users\ruecker\.m2\repository\org\slf4j\slf4j-api\1.7.31\slf4j-api-1.7.31.jar;C:\Users\ruecker\.m2\repository\org\springframework\spring-core\5.3.8\spring-core-5.3.8.jar;C:\Users\ruecker\.m2\repository\org\springframework\spring-jcl\5.3.8\spring-jcl-5.3.8.jar;C:\Users\ruecker\.m2\repository\io\projectreactor\reactor-core\3.4.7\reactor-core-3.4.7.jar;C:\Users\ruecker\.m2\repository\org\reactivestreams\reactive-streams\1.0.3\reactive-streams-1.0.3.jar io.berndruecker.experiments.cloudclient.java.ParallelJobsJavaApplication

  .   ____          _            __ _ _
 /\\ / ___'_ __ _ _(_)_ __  __ _ \ \ \ \
( ( )\___ | '_ | '_| | '_ \/ _` | \ \ \ \
 \\/  ___)| |_)| | | | | || (_| |  ) ) ) )
  '  |____| .__|_| |_|_| |_\__, | / / / /
 =========|_|==============|___/=/_/_/_/
 :: Spring Boot ::                (v2.5.2)

10:56:57.619 [           main] Starting ParallelJobsJavaApplication using Java 16.0.1 on LAPTOP-K4LTGPQQ with PID 21124 (C:\DEV\Camunda\camunda-cloud-clients-parallel-job-execution\camunda-cloud-parallel-jobs-java\target\classes started by ruecker in C:\DEV\Camunda\camunda-cloud-clients-parallel-job-execution\camunda-cloud-parallel-jobs-java)
10:56:57.623 [           main] No active profile set, falling back to default profiles: default
10:56:58.345 [           main] Bean 'io.camunda.zeebe.spring.client.config.processor.PostProcessorConfiguration' of type [io.camunda.zeebe.spring.client.config.processor.PostProcessorConfiguration] is not eligible for getting processed by all BeanPostProcessors (for example: not eligible for auto-proxying)
10:56:58.351 [           main] Bean 'io.camunda.zeebe.spring.client.bean.value.factory.ReadAnnotationValueConfiguration' of type [io.camunda.zeebe.spring.client.bean.value.factory.ReadAnnotationValueConfiguration] is not eligible for getting processed by all BeanPostProcessors (for example: not eligible for auto-proxying)
10:56:58.353 [           main] Bean 'zeebeExpressionResolver' of type [io.camunda.zeebe.spring.util.ZeebeExpressionResolver] is not eligible for getting processed by all BeanPostProcessors (for example: not eligible for auto-proxying)
10:56:58.356 [           main] Bean 'readZeebeDeploymentValue' of type [io.camunda.zeebe.spring.client.bean.value.factory.ReadZeebeDeploymentValue] is not eligible for getting processed by all BeanPostProcessors (for example: not eligible for auto-proxying)
10:56:58.358 [           main] Bean 'deploymentPostProcessor' of type [io.camunda.zeebe.spring.client.config.processor.DeploymentPostProcessor] is not eligible for getting processed by all BeanPostProcessors (for example: not eligible for auto-proxying)
10:56:58.360 [           main] Bean 'readZeebeWorkerValue' of type [io.camunda.zeebe.spring.client.bean.value.factory.ReadZeebeWorkerValue] is not eligible for getting processed by all BeanPostProcessors (for example: not eligible for auto-proxying)
10:56:58.361 [           main] Bean 'zeebeWorkerPostProcessor' of type [io.camunda.zeebe.spring.client.config.processor.ZeebeWorkerPostProcessor] is not eligible for getting processed by all BeanPostProcessors (for example: not eligible for auto-proxying)
10:56:58.413 [           main] Bean 'zeebe.client-io.camunda.zeebe.spring.client.properties.ZeebeClientConfigurationProperties' of type [io.camunda.zeebe.spring.client.properties.ZeebeClientConfigurationProperties] is not eligible for getting processed by all BeanPostProcessors (for example: not eligible for auto-proxying)
10:56:58.416 [           main] Bean 'io.camunda.zeebe.spring.client.config.ZeebeClientStarterAutoConfiguration' of type [io.camunda.zeebe.spring.client.config.ZeebeClientStarterAutoConfiguration$$EnhancerBySpringCGLIB$$235b1c6f] is not eligible for getting processed by all BeanPostProcessors (for example: not eligible for auto-proxying)
10:56:58.520 [           main] Bean 'builder' of type [io.camunda.zeebe.client.impl.ZeebeClientBuilderImpl] is not eligible for getting processed by all BeanPostProcessors (for example: not eligible for auto-proxying)
10:56:58.522 [           main] Bean 'io.camunda.zeebe.spring.client.config.ZeebeClientSpringConfiguration' of type [io.camunda.zeebe.spring.client.config.ZeebeClientSpringConfiguration] is not eligible for getting processed by all BeanPostProcessors (for example: not eligible for auto-proxying)
10:56:58.524 [           main] Bean 'zeebeClientObjectFactory' of type [io.camunda.zeebe.spring.client.config.ZeebeClientSpringConfiguration$$Lambda$392/0x0000000800e78000] is not eligible for getting processed by all BeanPostProcessors (for example: not eligible for auto-proxying)
10:56:58.528 [           main] Bean 'zeebeClientLifecycle' of type [io.camunda.zeebe.spring.client.ZeebeClientLifecycle] is not eligible for getting processed by all BeanPostProcessors (for example: not eligible for auto-proxying)
10:56:58.816 [           main] zeebeWorker: io.camunda.zeebe.spring.client.bean.ClassInfo@6e0cff20
10:56:59.744 [           main] register job worker: io.camunda.zeebe.spring.client.bean.value.ZeebeWorkerValue@67bd351e
10:56:59.834 [           main] Netty started on port 8080
10:56:59.846 [           main] Started ParallelJobsJavaApplication in 2.736 seconds (JVM running for 3.333)
10:57:00.258 [pool-4-thread-1] Invoke REST call...
10:57:00.258 [ault-executor-0] Activated 32 jobs for worker default and job type rest
10:57:00.398 [pool-4-thread-1] ...finished. Complete Job...
10:57:00.446 [pool-4-thread-1] ...completed (1). Current throughput (jobs/s ): 1
10:57:00.446 [pool-4-thread-1] Invoke REST call...
10:57:00.562 [pool-4-thread-1] ...finished. Complete Job...
10:57:00.648 [pool-4-thread-1] ...completed (2). Current throughput (jobs/s ): 2
10:57:00.648 [pool-4-thread-1] Invoke REST call...
10:57:00.764 [pool-4-thread-1] ...finished. Complete Job...
10:57:00.805 [pool-4-thread-1] ...completed (3). Current throughput (jobs/s ): 3
10:57:00.806 [pool-4-thread-1] Invoke REST call...
10:57:00.921 [pool-4-thread-1] ...finished. Complete Job...
10:57:01.002 [pool-4-thread-1] ...completed (4). Current throughput (jobs/s ): 4
10:57:01.003 [pool-4-thread-1] Invoke REST call...
10:57:01.109 [pool-4-thread-1] ...finished. Complete Job...
10:57:01.155 [pool-4-thread-1] ...completed (5). Current throughput (jobs/s ): 5
10:57:01.155 [pool-4-thread-1] Invoke REST call...
10:57:01.263 [pool-4-thread-1] ...finished. Complete Job...
10:57:01.348 [pool-4-thread-1] ...completed (6). Current throughput (jobs/s ): 6, Max: 6
10:57:01.348 [pool-4-thread-1] Invoke REST call...
10:57:01.452 [pool-4-thread-1] ...finished. Complete Job...
10:57:01.496 [pool-4-thread-1] ...completed (7). Current throughput (jobs/s ): 7, Max: 7
10:57:01.496 [pool-4-thread-1] Invoke REST call...
10:57:01.609 [pool-4-thread-1] ...finished. Complete Job...
10:57:01.692 [pool-4-thread-1] ...completed (8). Current throughput (jobs/s ): 8, Max: 8
10:57:01.692 [pool-4-thread-1] Invoke REST call...
10:57:01.796 [pool-4-thread-1] ...finished. Complete Job...
10:57:01.834 [pool-4-thread-1] ...completed (9). Current throughput (jobs/s ): 9, Max: 9
10:57:01.834 [pool-4-thread-1] Invoke REST call...
10:57:01.936 [pool-4-thread-1] ...finished. Complete Job...
10:57:02.020 [pool-4-thread-1] ...completed (10). Current throughput (jobs/s ): 10, Max: 10
10:57:02.020 [pool-4-thread-1] Invoke REST call...
10:57:02.122 [pool-4-thread-1] ...finished. Complete Job...
10:57:02.164 [pool-4-thread-1] ...completed (11). Current throughput (jobs/s ): 11, Max: 11
10:57:02.164 [pool-4-thread-1] Invoke REST call...
10:57:02.278 [pool-4-thread-1] ...finished. Complete Job...
10:57:02.359 [pool-4-thread-1] ...completed (12). Current throughput (jobs/s ): 6, Max: 11
10:57:02.359 [pool-4-thread-1] Invoke REST call...
10:57:02.466 [pool-4-thread-1] ...finished. Complete Job...
10:57:02.523 [pool-4-thread-1] ...completed (13). Current throughput (jobs/s ): 6, Max: 11
10:57:02.523 [pool-4-thread-1] Invoke REST call...
10:57:02.639 [pool-4-thread-1] ...finished. Complete Job...
10:57:02.719 [pool-4-thread-1] ...completed (14). Current throughput (jobs/s ): 7, Max: 11
10:57:02.719 [pool-4-thread-1] Invoke REST call...
10:57:02.827 [pool-4-thread-1] ...finished. Complete Job...
10:57:02.869 [pool-4-thread-1] ...completed (15). Current throughput (jobs/s ): 7, Max: 11
10:57:02.870 [pool-4-thread-1] Invoke REST call...
10:57:02.982 [pool-4-thread-1] ...finished. Complete Job...
10:57:03.067 [pool-4-thread-1] ...completed (16). Current throughput (jobs/s ): 8, Max: 11
10:57:03.067 [pool-4-thread-1] Invoke REST call...
10:57:03.171 [pool-4-thread-1] ...finished. Complete Job...
10:57:03.210 [pool-4-thread-1] ...completed (17). Current throughput (jobs/s ): 8, Max: 11
10:57:03.210 [pool-4-thread-1] Invoke REST call...
10:57:03.313 [pool-4-thread-1] ...finished. Complete Job...
10:57:03.357 [pool-4-thread-1] ...completed (18). Current throughput (jobs/s ): 6, Max: 11
10:57:03.357 [pool-4-thread-1] Invoke REST call...
10:57:03.472 [pool-4-thread-1] ...finished. Complete Job...
10:57:03.559 [pool-4-thread-1] ...completed (19). Current throughput (jobs/s ): 6, Max: 11
10:57:03.559 [pool-4-thread-1] Invoke REST call...
10:57:03.676 [pool-4-thread-1] ...finished. Complete Job...
10:57:03.715 [pool-4-thread-1] ...completed (20). Current throughput (jobs/s ): 6, Max: 11
10:57:03.716 [pool-4-thread-1] Invoke REST call...
10:57:03.832 [pool-4-thread-1] ...finished. Complete Job...
10:57:03.912 [pool-4-thread-1] ...completed (21). Current throughput (jobs/s ): 7, Max: 11
10:57:03.912 [pool-4-thread-1] Invoke REST call...
10:57:04.020 [pool-4-thread-1] ...finished. Complete Job...
10:57:04.059 [pool-4-thread-1] ...completed (22). Current throughput (jobs/s ): 7, Max: 11
10:57:04.060 [pool-4-thread-1] Invoke REST call...
10:57:04.110 [ault-executor-0] Activated 22 jobs for worker default and job type rest
10:57:04.176 [pool-4-thread-1] ...finished. Complete Job...
10:57:04.259 [pool-4-thread-1] ...completed (23). Current throughput (jobs/s ): 5, Max: 11
10:57:04.259 [pool-4-thread-1] Invoke REST call...
10:57:04.363 [pool-4-thread-1] ...finished. Complete Job...
10:57:04.424 [pool-4-thread-1] ...completed (24). Current throughput (jobs/s ): 6, Max: 11
10:57:04.424 [pool-4-thread-1] Invoke REST call...
10:57:04.537 [pool-4-thread-1] ...finished. Complete Job...
10:57:04.617 [pool-4-thread-1] ...completed (25). Current throughput (jobs/s ): 6, Max: 11
10:57:04.617 [pool-4-thread-1] Invoke REST call...
10:57:04.723 [pool-4-thread-1] ...finished. Complete Job...
10:57:04.767 [pool-4-thread-1] ...completed (26). Current throughput (jobs/s ): 6, Max: 11
10:57:04.767 [pool-4-thread-1] Invoke REST call...
10:57:04.880 [pool-4-thread-1] ...finished. Complete Job...
10:57:04.965 [pool-4-thread-1] ...completed (27). Current throughput (jobs/s ): 6, Max: 11
10:57:04.965 [pool-4-thread-1] Invoke REST call...
10:57:05.082 [pool-4-thread-1] ...finished. Complete Job...
10:57:05.121 [pool-4-thread-1] ...completed (28). Current throughput (jobs/s ): 7, Max: 11
10:57:05.121 [pool-4-thread-1] Invoke REST call...
10:57:05.223 [pool-4-thread-1] ...finished. Complete Job...
10:57:05.303 [pool-4-thread-1] ...completed (29). Current throughput (jobs/s ): 5, Max: 11
10:57:05.303 [pool-4-thread-1] Invoke REST call...
10:57:05.411 [pool-4-thread-1] ...finished. Complete Job...
10:57:05.456 [pool-4-thread-1] ...completed (30). Current throughput (jobs/s ): 6, Max: 11
10:57:05.457 [pool-4-thread-1] Invoke REST call...
10:57:05.565 [pool-4-thread-1] ...finished. Complete Job...
10:57:05.652 [pool-4-thread-1] ...completed (31). Current throughput (jobs/s ): 6, Max: 11
10:57:05.652 [pool-4-thread-1] Invoke REST call...
10:57:05.766 [pool-4-thread-1] ...finished. Complete Job...
10:57:05.811 [pool-4-thread-1] ...completed (32). Current throughput (jobs/s ): 6, Max: 11
10:57:05.811 [pool-4-thread-1] Invoke REST call...
10:57:05.923 [pool-4-thread-1] ...finished. Complete Job...
10:57:06.009 [pool-4-thread-1] ...completed (33). Current throughput (jobs/s ): 6, Max: 11
10:57:06.010 [pool-4-thread-1] Invoke REST call...
10:57:06.126 [pool-4-thread-1] ...finished. Complete Job...
10:57:06.166 [pool-4-thread-1] ...completed (34). Current throughput (jobs/s ): 6, Max: 11
10:57:06.166 [pool-4-thread-1] Invoke REST call...
10:57:06.270 [pool-4-thread-1] ...finished. Complete Job...
10:57:06.349 [pool-4-thread-1] ...completed (35). Current throughput (jobs/s ): 5, Max: 11
10:57:06.349 [pool-4-thread-1] Invoke REST call...
10:57:06.455 [pool-4-thread-1] ...finished. Complete Job...
10:57:06.493 [pool-4-thread-1] ...completed (36). Current throughput (jobs/s ): 6, Max: 11
10:57:06.493 [pool-4-thread-1] Invoke REST call...
10:57:06.595 [pool-4-thread-1] ...finished. Complete Job...
10:57:06.706 [pool-4-thread-1] ...completed (37). Current throughput (jobs/s ): 6, Max: 11
10:57:06.706 [pool-4-thread-1] Invoke REST call...
10:57:06.814 [pool-4-thread-1] ...finished. Complete Job...
10:57:06.861 [pool-4-thread-1] ...completed (38). Current throughput (jobs/s ): 6, Max: 11
10:57:06.861 [pool-4-thread-1] Invoke REST call...
10:57:06.969 [pool-4-thread-1] ...finished. Complete Job...
10:57:07.051 [pool-4-thread-1] ...completed (39). Current throughput (jobs/s ): 6, Max: 11
10:57:07.051 [pool-4-thread-1] Invoke REST call...
10:57:07.159 [pool-4-thread-1] ...finished. Complete Job...
10:57:07.198 [pool-4-thread-1] ...completed (40). Current throughput (jobs/s ): 6, Max: 11
10:57:07.198 [pool-4-thread-1] Invoke REST call...
10:57:07.301 [pool-4-thread-1] ...finished. Complete Job...
10:57:07.380 [pool-4-thread-1] ...completed (41). Current throughput (jobs/s ): 5, Max: 11
10:57:07.380 [pool-4-thread-1] Invoke REST call...
10:57:07.487 [pool-4-thread-1] ...finished. Complete Job...
10:57:07.526 [pool-4-thread-1] ...completed (42). Current throughput (jobs/s ): 6, Max: 11
10:57:07.526 [pool-4-thread-1] Invoke REST call...
10:57:07.628 [pool-4-thread-1] ...finished. Complete Job...
10:57:07.708 [pool-4-thread-1] ...completed (43). Current throughput (jobs/s ): 6, Max: 11
10:57:07.708 [pool-4-thread-1] Invoke REST call...
10:57:07.816 [pool-4-thread-1] ...finished. Complete Job...
10:57:07.856 [pool-4-thread-1] ...completed (44). Current throughput (jobs/s ): 6, Max: 11
10:57:07.857 [pool-4-thread-1] Invoke REST call...
10:57:07.954 [ault-executor-0] Activated 22 jobs for worker default and job type rest
10:57:07.972 [pool-4-thread-1] ...finished. Complete Job...
10:57:08.010 [pool-4-thread-1] ...completed (45). Current throughput (jobs/s ): 6, Max: 11
10:57:08.010 [pool-4-thread-1] Invoke REST call...
10:57:08.115 [pool-4-thread-1] ...finished. Complete Job...
10:57:08.198 [pool-4-thread-1] ...completed (46). Current throughput (jobs/s ): 6, Max: 11
10:57:08.198 [pool-4-thread-1] Invoke REST call...
10:57:08.305 [pool-4-thread-1] ...finished. Complete Job...
10:57:08.348 [pool-4-thread-1] ...completed (47). Current throughput (jobs/s ): 5, Max: 11
10:57:08.348 [pool-4-thread-1] Invoke REST call...
10:57:08.458 [pool-4-thread-1] ...finished. Complete Job...
10:57:08.539 [pool-4-thread-1] ...completed (48). Current throughput (jobs/s ): 6, Max: 11
10:57:08.540 [pool-4-thread-1] Invoke REST call...
10:57:08.646 [pool-4-thread-1] ...finished. Complete Job...
10:57:08.686 [pool-4-thread-1] ...completed (49). Current throughput (jobs/s ): 6, Max: 11
10:57:08.687 [pool-4-thread-1] Invoke REST call...
10:57:08.800 [pool-4-thread-1] ...finished. Complete Job...
10:57:08.884 [pool-4-thread-1] ...completed (50). Current throughput (jobs/s ): 6, Max: 11
10:57:08.884 [pool-4-thread-1] Invoke REST call...
10:57:08.987 [pool-4-thread-1] ...finished. Complete Job...
10:57:09.029 [pool-4-thread-1] ...completed (51). Current throughput (jobs/s ): 6, Max: 11
10:57:09.029 [pool-4-thread-1] Invoke REST call...
10:57:09.143 [pool-4-thread-1] ...finished. Complete Job...
10:57:09.226 [pool-4-thread-1] ...completed (52). Current throughput (jobs/s ): 6, Max: 11
10:57:09.226 [pool-4-thread-1] Invoke REST call...
10:57:09.330 [pool-4-thread-1] ...finished. Complete Job...
10:57:09.368 [pool-4-thread-1] ...completed (53). Current throughput (jobs/s ): 5, Max: 11
10:57:09.369 [pool-4-thread-1] Invoke REST call...
10:57:09.484 [pool-4-thread-1] ...finished. Complete Job...
10:57:09.564 [pool-4-thread-1] ...completed (54). Current throughput (jobs/s ): 6, Max: 11
10:57:09.564 [pool-4-thread-1] Invoke REST call...
10:57:09.672 [pool-4-thread-1] ...finished. Complete Job...
10:57:09.709 [pool-4-thread-1] ...completed (55). Current throughput (jobs/s ): 6, Max: 11
10:57:09.709 [pool-4-thread-1] Invoke REST call...
10:57:09.812 [pool-4-thread-1] ...finished. Complete Job...
10:57:09.894 [pool-4-thread-1] ...completed (56). Current throughput (jobs/s ): 6, Max: 11
10:57:09.895 [pool-4-thread-1] Invoke REST call...
10:57:09.998 [pool-4-thread-1] ...finished. Complete Job...
10:57:10.038 [pool-4-thread-1] ...completed (57). Current throughput (jobs/s ): 6, Max: 11
10:57:10.038 [pool-4-thread-1] Invoke REST call...
10:57:10.155 [pool-4-thread-1] ...finished. Complete Job...
10:57:10.240 [pool-4-thread-1] ...completed (58). Current throughput (jobs/s ): 6, Max: 11
10:57:10.240 [pool-4-thread-1] Invoke REST call...
10:57:10.356 [pool-4-thread-1] ...finished. Complete Job...
10:57:10.397 [pool-4-thread-1] ...completed (59). Current throughput (jobs/s ): 5, Max: 11
10:57:10.397 [pool-4-thread-1] Invoke REST call...
10:57:10.513 [pool-4-thread-1] ...finished. Complete Job...
10:57:10.592 [pool-4-thread-1] ...completed (60). Current throughput (jobs/s ): 6, Max: 11
10:57:10.592 [pool-4-thread-1] Invoke REST call...
10:57:10.702 [pool-4-thread-1] ...finished. Complete Job...
10:57:10.741 [pool-4-thread-1] ...completed (61). Current throughput (jobs/s ): 6, Max: 11
10:57:10.741 [pool-4-thread-1] Invoke REST call...
10:57:10.856 [pool-4-thread-1] ...finished. Complete Job...
10:57:10.937 [pool-4-thread-1] ...completed (62). Current throughput (jobs/s ): 6, Max: 11
10:57:10.937 [pool-4-thread-1] Invoke REST call...
10:57:11.042 [pool-4-thread-1] ...finished. Complete Job...
10:57:11.083 [pool-4-thread-1] ...completed (63). Current throughput (jobs/s ): 6, Max: 11
10:57:11.083 [pool-4-thread-1] Invoke REST call...
10:57:11.198 [pool-4-thread-1] ...finished. Complete Job...
10:57:11.281 [pool-4-thread-1] ...completed (64). Current throughput (jobs/s ): 5, Max: 11
10:57:11.282 [pool-4-thread-1] Invoke REST call...
10:57:11.390 [pool-4-thread-1] ...finished. Complete Job...
10:57:11.432 [pool-4-thread-1] ...completed (65). Current throughput (jobs/s ): 5, Max: 11
10:57:11.432 [pool-4-thread-1] Invoke REST call...
10:57:11.547 [pool-4-thread-1] ...finished. Complete Job...
10:57:11.633 [pool-4-thread-1] ...completed (66). Current throughput (jobs/s ): 6, Max: 11
10:57:11.633 [pool-4-thread-1] Invoke REST call...
10:57:11.682 [ault-executor-0] Activated 22 jobs for worker default and job type rest
10:57:11.737 [pool-4-thread-1] ...finished. Complete Job...
10:57:11.818 [pool-4-thread-1] ...completed (67). Current throughput (jobs/s ): 6, Max: 11
10:57:11.818 [pool-4-thread-1] Invoke REST call...
10:57:11.924 [pool-4-thread-1] ...finished. Complete Job...
10:57:11.966 [pool-4-thread-1] ...completed (68). Current throughput (jobs/s ): 6, Max: 11
10:57:11.967 [pool-4-thread-1] Invoke REST call...
10:57:12.080 [pool-4-thread-1] ...finished. Complete Job...
10:57:12.122 [pool-4-thread-1] ...completed (69). Current throughput (jobs/s ): 6, Max: 11
10:57:12.122 [pool-4-thread-1] Invoke REST call...
10:57:12.239 [pool-4-thread-1] ...finished. Complete Job...
10:57:12.320 [pool-4-thread-1] ...completed (70). Current throughput (jobs/s ): 5, Max: 11
10:57:12.321 [pool-4-thread-1] Invoke REST call...
10:57:12.428 [pool-4-thread-1] ...finished. Complete Job...
10:57:12.475 [pool-4-thread-1] ...completed (71). Current throughput (jobs/s ): 5, Max: 11
10:57:12.476 [pool-4-thread-1] Invoke REST call...
10:57:12.583 [pool-4-thread-1] ...finished. Complete Job...
10:57:12.676 [pool-4-thread-1] ...completed (72). Current throughput (jobs/s ): 6, Max: 11
10:57:12.676 [pool-4-thread-1] Invoke REST call...
10:57:12.783 [pool-4-thread-1] ...finished. Complete Job...
10:57:12.823 [pool-4-thread-1] ...completed (73). Current throughput (jobs/s ): 6, Max: 11
10:57:12.823 [pool-4-thread-1] Invoke REST call...
10:57:12.938 [pool-4-thread-1] ...finished. Complete Job...
10:57:12.976 [pool-4-thread-1] ...completed (74). Current throughput (jobs/s ): 6, Max: 11
10:57:12.977 [pool-4-thread-1] Invoke REST call...
10:57:13.080 [pool-4-thread-1] ...finished. Complete Job...
10:57:13.161 [pool-4-thread-1] ...completed (75). Current throughput (jobs/s ): 6, Max: 11
10:57:13.161 [pool-4-thread-1] Invoke REST call...
10:57:13.266 [pool-4-thread-1] ...finished. Complete Job...
10:57:13.306 [pool-4-thread-1] ...completed (76). Current throughput (jobs/s ): 5, Max: 11
10:57:13.306 [pool-4-thread-1] Invoke REST call...
10:57:13.410 [pool-4-thread-1] ...finished. Complete Job...
10:57:13.489 [pool-4-thread-1] ...completed (77). Current throughput (jobs/s ): 5, Max: 11
10:57:13.489 [pool-4-thread-1] Invoke REST call...
10:57:13.598 [pool-4-thread-1] ...finished. Complete Job...
10:57:13.643 [pool-4-thread-1] ...completed (78). Current throughput (jobs/s ): 6, Max: 11
10:57:13.643 [pool-4-thread-1] Invoke REST call...
10:57:13.753 [pool-4-thread-1] ...finished. Complete Job...
10:57:13.833 [pool-4-thread-1] ...completed (79). Current throughput (jobs/s ): 6, Max: 11
10:57:13.833 [pool-4-thread-1] Invoke REST call...
10:57:13.942 [pool-4-thread-1] ...finished. Complete Job...
10:57:13.982 [pool-4-thread-1] ...completed (80). Current throughput (jobs/s ): 6, Max: 11
10:57:13.982 [pool-4-thread-1] Invoke REST call...
10:57:14.099 [pool-4-thread-1] ...finished. Complete Job...
10:57:14.179 [pool-4-thread-1] ...completed (81). Current throughput (jobs/s ): 6, Max: 11
10:57:14.179 [pool-4-thread-1] Invoke REST call...
10:57:14.288 [pool-4-thread-1] ...finished. Complete Job...
10:57:14.325 [pool-4-thread-1] ...completed (82). Current throughput (jobs/s ): 5, Max: 11
10:57:14.326 [pool-4-thread-1] Invoke REST call...
10:57:14.430 [pool-4-thread-1] ...finished. Complete Job...
10:57:14.527 [pool-4-thread-1] ...completed (83). Current throughput (jobs/s ): 5, Max: 11
10:57:14.527 [pool-4-thread-1] Invoke REST call...
10:57:14.636 [pool-4-thread-1] ...finished. Complete Job...
10:57:14.679 [pool-4-thread-1] ...completed (84). Current throughput (jobs/s ): 6, Max: 11
10:57:14.679 [pool-4-thread-1] Invoke REST call...
10:57:14.793 [pool-4-thread-1] ...finished. Complete Job...
10:57:14.874 [pool-4-thread-1] ...completed (85). Current throughput (jobs/s ): 6, Max: 11
10:57:14.874 [pool-4-thread-1] Invoke REST call...
10:57:14.981 [pool-4-thread-1] ...finished. Complete Job...
10:57:15.023 [pool-4-thread-1] ...completed (86). Current throughput (jobs/s ): 6, Max: 11
10:57:15.023 [pool-4-thread-1] Invoke REST call...
10:57:15.136 [pool-4-thread-1] ...finished. Complete Job...
10:57:15.215 [pool-4-thread-1] ...completed (87). Current throughput (jobs/s ): 6, Max: 11
10:57:15.215 [pool-4-thread-1] Invoke REST call...
10:57:15.321 [pool-4-thread-1] ...finished. Complete Job...
10:57:15.360 [pool-4-thread-1] ...completed (88). Current throughput (jobs/s ): 5, Max: 11
10:57:15.361 [pool-4-thread-1] Invoke REST call...
10:57:15.449 [ault-executor-0] Activated 22 jobs for worker default and job type rest
10:57:15.476 [pool-4-thread-1] ...finished. Complete Job...
10:57:15.515 [pool-4-thread-1] ...completed (89). Current throughput (jobs/s ): 5, Max: 11
10:57:15.515 [pool-4-thread-1] Invoke REST call...
10:57:15.632 [pool-4-thread-1] ...finished. Complete Job...
10:57:15.708 [pool-4-thread-1] ...completed (90). Current throughput (jobs/s ): 6, Max: 11
10:57:15.709 [pool-4-thread-1] Invoke REST call...
10:57:15.817 [pool-4-thread-1] ...finished. Complete Job...
10:57:15.856 [pool-4-thread-1] ...completed (91). Current throughput (jobs/s ): 6, Max: 11
10:57:15.856 [pool-4-thread-1] Invoke REST call...
10:57:15.973 [pool-4-thread-1] ...finished. Complete Job...
10:57:16.057 [pool-4-thread-1] ...completed (92). Current throughput (jobs/s ): 6, Max: 11
10:57:16.058 [pool-4-thread-1] Invoke REST call...
10:57:16.164 [pool-4-thread-1] ...finished. Complete Job...
10:57:16.206 [pool-4-thread-1] ...completed (93). Current throughput (jobs/s ): 6, Max: 11
10:57:16.206 [pool-4-thread-1] Invoke REST call...
10:57:16.318 [pool-4-thread-1] ...finished. Complete Job...
10:57:16.666 [pool-4-thread-1] ...completed (94). Current throughput (jobs/s ): 5, Max: 11
10:57:16.666 [pool-4-thread-1] Invoke REST call...
10:57:16.771 [pool-4-thread-1] ...finished. Complete Job...
10:57:16.813 [pool-4-thread-1] ...completed (95). Current throughput (jobs/s ): 5, Max: 11
10:57:16.813 [pool-4-thread-1] Invoke REST call...
10:57:16.929 [pool-4-thread-1] ...finished. Complete Job...
10:57:16.972 [pool-4-thread-1] ...completed (96). Current throughput (jobs/s ): 6, Max: 11
10:57:16.972 [pool-4-thread-1] Invoke REST call...
10:57:17.085 [pool-4-thread-1] ...finished. Complete Job...
10:57:17.125 [pool-4-thread-1] ...completed (97). Current throughput (jobs/s ): 6, Max: 11
10:57:17.125 [pool-4-thread-1] Invoke REST call...
10:57:17.227 [pool-4-thread-1] ...finished. Complete Job...
10:57:17.308 [pool-4-thread-1] ...completed (98). Current throughput (jobs/s ): 5, Max: 11
10:57:17.308 [pool-4-thread-1] Invoke REST call...
10:57:17.416 [pool-4-thread-1] ...finished. Complete Job...
10:57:17.459 [pool-4-thread-1] ...completed (99). Current throughput (jobs/s ): 5, Max: 11
10:57:17.459 [pool-4-thread-1] Invoke REST call...
10:57:17.573 [pool-4-thread-1] ...finished. Complete Job...
10:57:17.653 [pool-4-thread-1] ...completed (100). Current throughput (jobs/s ): 5, Max: 11
10:57:17.653 [pool-4-thread-1] Invoke REST call...
10:57:17.762 [pool-4-thread-1] ...finished. Complete Job...
10:57:17.804 [pool-4-thread-1] ...completed (101). Current throughput (jobs/s ): 5, Max: 11
10:57:17.804 [pool-4-thread-1] Invoke REST call...
10:57:17.916 [pool-4-thread-1] ...finished. Complete Job...
10:57:17.958 [pool-4-thread-1] ...completed (102). Current throughput (jobs/s ): 6, Max: 11
10:57:17.958 [pool-4-thread-1] Invoke REST call...
10:57:18.072 [pool-4-thread-1] ...finished. Complete Job...
10:57:18.154 [pool-4-thread-1] ...completed (103). Current throughput (jobs/s ): 6, Max: 11
10:57:18.154 [pool-4-thread-1] Invoke REST call...
10:57:18.257 [pool-4-thread-1] ...finished. Complete Job...
10:57:18.298 [pool-4-thread-1] ...completed (104). Current throughput (jobs/s ): 5, Max: 11
10:57:18.298 [pool-4-thread-1] Invoke REST call...
10:57:18.412 [pool-4-thread-1] ...finished. Complete Job...
10:57:18.494 [pool-4-thread-1] ...completed (105). Current throughput (jobs/s ): 5, Max: 11
10:57:18.494 [pool-4-thread-1] Invoke REST call...
10:57:18.600 [pool-4-thread-1] ...finished. Complete Job...
10:57:18.642 [pool-4-thread-1] ...completed (106). Current throughput (jobs/s ): 5, Max: 11
10:57:18.642 [pool-4-thread-1] Invoke REST call...
10:57:18.756 [pool-4-thread-1] ...finished. Complete Job...
10:57:18.838 [pool-4-thread-1] ...completed (107). Current throughput (jobs/s ): 5, Max: 11
10:57:18.838 [pool-4-thread-1] Invoke REST call...
10:57:18.941 [pool-4-thread-1] ...finished. Complete Job...
10:57:18.980 [pool-4-thread-1] ...completed (108). Current throughput (jobs/s ): 6, Max: 11
10:57:18.980 [pool-4-thread-1] Invoke REST call...
10:57:19.083 [pool-4-thread-1] ...finished. Complete Job...
10:57:19.169 [pool-4-thread-1] ...completed (109). Current throughput (jobs/s ): 6, Max: 11
10:57:19.170 [pool-4-thread-1] Invoke REST call...
10:57:19.274 [pool-4-thread-1] ...finished. Complete Job...
10:57:19.314 [pool-4-thread-1] ...completed (110). Current throughput (jobs/s ): 5, Max: 11
10:57:19.315 [pool-4-thread-1] Invoke REST call...
10:57:19.402 [ault-executor-0] Activated 22 jobs for worker default and job type rest
10:57:19.429 [pool-4-thread-1] ...finished. Complete Job...
10:57:19.467 [pool-4-thread-1] ...completed (111). Current throughput (jobs/s ): 5, Max: 11
10:57:19.467 [pool-4-thread-1] Invoke REST call...
10:57:19.583 [pool-4-thread-1] ...finished. Complete Job...
10:57:19.664 [pool-4-thread-1] ...completed (112). Current throughput (jobs/s ): 5, Max: 11
10:57:19.664 [pool-4-thread-1] Invoke REST call...
10:57:19.769 [pool-4-thread-1] ...finished. Complete Job...
10:57:19.810 [pool-4-thread-1] ...completed (113). Current throughput (jobs/s ): 5, Max: 11
10:57:19.810 [pool-4-thread-1] Invoke REST call...
10:57:19.924 [pool-4-thread-1] ...finished. Complete Job...
10:57:19.961 [pool-4-thread-1] ...completed (114). Current throughput (jobs/s ): 6, Max: 11
10:57:19.962 [pool-4-thread-1] Invoke REST call...
10:57:20.064 [pool-4-thread-1] ...finished. Complete Job...
10:57:20.143 [pool-4-thread-1] ...completed (115). Current throughput (jobs/s ): 6, Max: 11
10:57:20.143 [pool-4-thread-1] Invoke REST call...
10:57:20.250 [pool-4-thread-1] ...finished. Complete Job...
10:57:20.289 [pool-4-thread-1] ...completed (116). Current throughput (jobs/s ): 5, Max: 11
10:57:20.289 [pool-4-thread-1] Invoke REST call...
10:57:20.405 [pool-4-thread-1] ...finished. Complete Job...
10:57:20.492 [pool-4-thread-1] ...completed (117). Current throughput (jobs/s ): 5, Max: 11
10:57:20.493 [pool-4-thread-1] Invoke REST call...
10:57:20.608 [pool-4-thread-1] ...finished. Complete Job...
10:57:20.650 [pool-4-thread-1] ...completed (118). Current throughput (jobs/s ): 5, Max: 11
10:57:20.650 [pool-4-thread-1] Invoke REST call...
10:57:20.764 [pool-4-thread-1] ...finished. Complete Job...
10:57:20.844 [pool-4-thread-1] ...completed (119). Current throughput (jobs/s ): 5, Max: 11
10:57:20.845 [pool-4-thread-1] Invoke REST call...
10:57:20.949 [pool-4-thread-1] ...finished. Complete Job...
10:57:20.989 [pool-4-thread-1] ...completed (120). Current throughput (jobs/s ): 6, Max: 11
10:57:20.989 [pool-4-thread-1] Invoke REST call...
10:57:21.106 [pool-4-thread-1] ...finished. Complete Job...
10:57:21.187 [pool-4-thread-1] ...completed (121). Current throughput (jobs/s ): 6, Max: 11
10:57:21.187 [pool-4-thread-1] Invoke REST call...
10:57:21.289 [pool-4-thread-1] ...finished. Complete Job...
10:57:21.329 [pool-4-thread-1] ...completed (122). Current throughput (jobs/s ): 5, Max: 11
10:57:21.329 [pool-4-thread-1] Invoke REST call...
10:57:21.431 [pool-4-thread-1] ...finished. Complete Job...
10:57:21.514 [pool-4-thread-1] ...completed (123). Current throughput (jobs/s ): 5, Max: 11
10:57:21.515 [pool-4-thread-1] Invoke REST call...
10:57:21.621 [pool-4-thread-1] ...finished. Complete Job...
10:57:21.663 [pool-4-thread-1] ...completed (124). Current throughput (jobs/s ): 5, Max: 11
10:57:21.663 [pool-4-thread-1] Invoke REST call...
10:57:21.778 [pool-4-thread-1] ...finished. Complete Job...
10:57:21.855 [pool-4-thread-1] ...completed (125). Current throughput (jobs/s ): 5, Max: 11
10:57:21.856 [pool-4-thread-1] Invoke REST call...
10:57:21.962 [pool-4-thread-1] ...finished. Complete Job...
10:57:22.000 [pool-4-thread-1] ...completed (126). Current throughput (jobs/s ): 6, Max: 11
10:57:22.000 [pool-4-thread-1] Invoke REST call...
10:57:22.104 [pool-4-thread-1] ...finished. Complete Job...
10:57:22.186 [pool-4-thread-1] ...completed (127). Current throughput (jobs/s ): 6, Max: 11
10:57:22.186 [pool-4-thread-1] Invoke REST call...
10:57:22.292 [pool-4-thread-1] ...finished. Complete Job...
10:57:22.330 [pool-4-thread-1] ...completed (128). Current throughput (jobs/s ): 5, Max: 11
10:57:22.330 [pool-4-thread-1] Invoke REST call...
10:57:22.433 [pool-4-thread-1] ...finished. Complete Job...
10:57:22.515 [pool-4-thread-1] ...completed (129). Current throughput (jobs/s ): 5, Max: 11
10:57:22.516 [pool-4-thread-1] Invoke REST call...
10:57:22.623 [pool-4-thread-1] ...finished. Complete Job...
10:57:22.662 [pool-4-thread-1] ...completed (130). Current throughput (jobs/s ): 5, Max: 11
10:57:22.662 [pool-4-thread-1] Invoke REST call...
10:57:22.778 [pool-4-thread-1] ...finished. Complete Job...
10:57:22.859 [pool-4-thread-1] ...completed (131). Current throughput (jobs/s ): 5, Max: 11
10:57:22.859 [pool-4-thread-1] Invoke REST call...
10:57:22.964 [pool-4-thread-1] ...finished. Complete Job...
10:57:23.001 [pool-4-thread-1] ...completed (132). Current throughput (jobs/s ): 6, Max: 11
10:57:23.001 [pool-4-thread-1] Invoke REST call...
10:57:23.093 [ault-executor-0] Activated 22 jobs for worker default and job type rest
10:57:23.104 [pool-4-thread-1] ...finished. Complete Job...
10:57:23.145 [pool-4-thread-1] ...completed (133). Current throughput (jobs/s ): 6, Max: 11
10:57:23.145 [pool-4-thread-1] Invoke REST call...
10:57:23.260 [pool-4-thread-1] ...finished. Complete Job...
10:57:23.298 [pool-4-thread-1] ...completed (134). Current throughput (jobs/s ): 5, Max: 11
10:57:23.299 [pool-4-thread-1] Invoke REST call...
10:57:23.417 [pool-4-thread-1] ...finished. Complete Job...
10:57:23.497 [pool-4-thread-1] ...completed (135). Current throughput (jobs/s ): 5, Max: 11
10:57:23.497 [pool-4-thread-1] Invoke REST call...
10:57:23.604 [pool-4-thread-1] ...finished. Complete Job...

Process finished with exit code -1
