14:15:53.723 | zeebe |  INFO: Authenticating client with Camunda Cloud...
Starting process instances...
14:15:53.901 | zeebe |  INFO: Established encrypted connection to Camunda Cloud.
...done
-----------------
Invoke REST call...
Invoke REST call...
Invoke REST call...
Invoke REST call...
Invoke REST call...
Invoke REST call...
Invoke REST call...
Invoke REST call...
Invoke REST call...
Invoke REST call...
Invoke REST call...
Invoke REST call...
Invoke REST call...
Invoke REST call...
Invoke REST call...
Invoke REST call...
Invoke REST call...
Invoke REST call...
Invoke REST call...
Invoke REST call...
Invoke REST call...
Invoke REST call...
Invoke REST call...
Invoke REST call...
Invoke REST call...
Invoke REST call...
Invoke REST call...
Invoke REST call...
Invoke REST call...
Invoke REST call...
Invoke REST call...
Invoke REST call...
...finished. Complete Job...
...finished. Complete Job...
...finished. Complete Job...
...finished. Complete Job...
...finished. Complete Job...
...finished. Complete Job...
...finished. Complete Job...
...finished. Complete Job...
...completed (1). Current throughput (jobs/s ): 1, Max: 1
...completed (2). Current throughput (jobs/s ): 2, Max: 2
...completed (3). Current throughput (jobs/s ): 3, Max: 3
...completed (4). Current throughput (jobs/s ): 4, Max: 4
...completed (5). Current throughput (jobs/s ): 5, Max: 5
...completed (6). Current throughput (jobs/s ): 6, Max: 6
...completed (7). Current throughput (jobs/s ): 7, Max: 7
...completed (8). Current throughput (jobs/s ): 8, Max: 8
...finished. Complete Job...
...finished. Complete Job...
...finished. Complete Job...
...finished. Complete Job...
...finished. Complete Job...
...finished. Complete Job...
...finished. Complete Job...
...finished. Complete Job...
...completed (9). Current throughput (jobs/s ): 9, Max: 9
...completed (10). Current throughput (jobs/s ): 10, Max: 10
...completed (11). Current throughput (jobs/s ): 11, Max: 11
...completed (12). Current throughput (jobs/s ): 12, Max: 12
...completed (13). Current throughput (jobs/s ): 13, Max: 13
...completed (14). Current throughput (jobs/s ): 14, Max: 14
...completed (15). Current throughput (jobs/s ): 15, Max: 15
...completed (16). Current throughput (jobs/s ): 16, Max: 16
...finished. Complete Job...
...finished. Complete Job...
...finished. Complete Job...
...finished. Complete Job...
...finished. Complete Job...
...finished. Complete Job...
...finished. Complete Job...
...finished. Complete Job...
...completed (17). Current throughput (jobs/s ): 17, Max: 17
...completed (18). Current throughput (jobs/s ): 18, Max: 18
...completed (19). Current throughput (jobs/s ): 19, Max: 19
...completed (20). Current throughput (jobs/s ): 20, Max: 20
...completed (21). Current throughput (jobs/s ): 21, Max: 21
...completed (22). Current throughput (jobs/s ): 22, Max: 22
...completed (23). Current throughput (jobs/s ): 23, Max: 23
...completed (24). Current throughput (jobs/s ): 24, Max: 24
...finished. Complete Job...
...finished. Complete Job...
...finished. Complete Job...
...finished. Complete Job...
...finished. Complete Job...
...finished. Complete Job...
...finished. Complete Job...
...finished. Complete Job...
...completed (25). Current throughput (jobs/s ): 25, Max: 25
...completed (26). Current throughput (jobs/s ): 26, Max: 26
...completed (27). Current throughput (jobs/s ): 27, Max: 27
...completed (28). Current throughput (jobs/s ): 28, Max: 28
...completed (29). Current throughput (jobs/s ): 29, Max: 29
...completed (30). Current throughput (jobs/s ): 30, Max: 30
...completed (31). Current throughput (jobs/s ): 31, Max: 31
...completed (32). Current throughput (jobs/s ): 32, Max: 32
Invoke REST call...
Invoke REST call...
Invoke REST call...
Invoke REST call...
Invoke REST call...
Invoke REST call...
Invoke REST call...
Invoke REST call...
Invoke REST call...
Invoke REST call...
Invoke REST call...
Invoke REST call...
Invoke REST call...
Invoke REST call...
Invoke REST call...
Invoke REST call...
Invoke REST call...
Invoke REST call...
Invoke REST call...
Invoke REST call...
Invoke REST call...
Invoke REST call...
Invoke REST call...
Invoke REST call...
Invoke REST call...
Invoke REST call...
Invoke REST call...
Invoke REST call...
Invoke REST call...
Invoke REST call...
...finished. Complete Job...
...finished. Complete Job...
...finished. Complete Job...
...finished. Complete Job...
...finished. Complete Job...
...finished. Complete Job...
...finished. Complete Job...
...finished. Complete Job...
...completed (33). Current throughput (jobs/s ): 17, Max: 32
...completed (34). Current throughput (jobs/s ): 17, Max: 32
...completed (35). Current throughput (jobs/s ): 18, Max: 32
...completed (36). Current throughput (jobs/s ): 18, Max: 32
...finished. Complete Job...
...finished. Complete Job...
...finished. Complete Job...
...finished. Complete Job...
...finished. Complete Job...
...finished. Complete Job...
...finished. Complete Job...
...finished. Complete Job...
...completed (37). Current throughput (jobs/s ): 19, Max: 32
...completed (38). Current throughput (jobs/s ): 19, Max: 32
...completed (39). Current throughput (jobs/s ): 20, Max: 32
...completed (40). Current throughput (jobs/s ): 20, Max: 32
...completed (41). Current throughput (jobs/s ): 21, Max: 32
...completed (42). Current throughput (jobs/s ): 21, Max: 32
...completed (43). Current throughput (jobs/s ): 22, Max: 32
...completed (44). Current throughput (jobs/s ): 22, Max: 32
...completed (45). Current throughput (jobs/s ): 23, Max: 32
...completed (46). Current throughput (jobs/s ): 23, Max: 32
...completed (47). Current throughput (jobs/s ): 24, Max: 32
...completed (48). Current throughput (jobs/s ): 24, Max: 32
...finished. Complete Job...
...finished. Complete Job...
...finished. Complete Job...
...finished. Complete Job...
...finished. Complete Job...
...finished. Complete Job...
...finished. Complete Job...
...finished. Complete Job...
...completed (49). Current throughput (jobs/s ): 25, Max: 32
...completed (50). Current throughput (jobs/s ): 25, Max: 32
...completed (51). Current throughput (jobs/s ): 26, Max: 32
...completed (52). Current throughput (jobs/s ): 26, Max: 32
...completed (53). Current throughput (jobs/s ): 27, Max: 32
...completed (54). Current throughput (jobs/s ): 27, Max: 32
...completed (55). Current throughput (jobs/s ): 28, Max: 32
...completed (56). Current throughput (jobs/s ): 28, Max: 32
...finished. Complete Job...
...finished. Complete Job...
...finished. Complete Job...
...finished. Complete Job...
...finished. Complete Job...
...finished. Complete Job...
...completed (57). Current throughput (jobs/s ): 29, Max: 32
...completed (58). Current throughput (jobs/s ): 29, Max: 32
...completed (59). Current throughput (jobs/s ): 30, Max: 32
...completed (60). Current throughput (jobs/s ): 30, Max: 32
...completed (61). Current throughput (jobs/s ): 31, Max: 32
...completed (62). Current throughput (jobs/s ): 31, Max: 32
Invoke REST call...
Invoke REST call...
Invoke REST call...
Invoke REST call...
Invoke REST call...
Invoke REST call...
Invoke REST call...
Invoke REST call...
Invoke REST call...
Invoke REST call...
Invoke REST call...
Invoke REST call...
Invoke REST call...
Invoke REST call...
Invoke REST call...
Invoke REST call...
Invoke REST call...
Invoke REST call...
Invoke REST call...
Invoke REST call...
Invoke REST call...
Invoke REST call...
Invoke REST call...
Invoke REST call...
Invoke REST call...
Invoke REST call...
Invoke REST call...
Invoke REST call...
Invoke REST call...
Invoke REST call...
Invoke REST call...
Invoke REST call...
...finished. Complete Job...
...finished. Complete Job...
...finished. Complete Job...
...finished. Complete Job...
...finished. Complete Job...
...finished. Complete Job...
...finished. Complete Job...
...finished. Complete Job...
...completed (63). Current throughput (jobs/s ): 32, Max: 32
...completed (64). Current throughput (jobs/s ): 32, Max: 32
...completed (65). Current throughput (jobs/s ): 33, Max: 33
...completed (66). Current throughput (jobs/s ): 33, Max: 33
...completed (67). Current throughput (jobs/s ): 34, Max: 34
...completed (68). Current throughput (jobs/s ): 34, Max: 34
...completed (69). Current throughput (jobs/s ): 35, Max: 35
...completed (70). Current throughput (jobs/s ): 35, Max: 35
...finished. Complete Job...
...finished. Complete Job...
...finished. Complete Job...
...finished. Complete Job...
...finished. Complete Job...
...finished. Complete Job...
...finished. Complete Job...
...finished. Complete Job...
...completed (71). Current throughput (jobs/s ): 36, Max: 36
...completed (72). Current throughput (jobs/s ): 36, Max: 36
...completed (73). Current throughput (jobs/s ): 37, Max: 37
...completed (74). Current throughput (jobs/s ): 37, Max: 37
...completed (75). Current throughput (jobs/s ): 38, Max: 38
...completed (76). Current throughput (jobs/s ): 38, Max: 38
...completed (77). Current throughput (jobs/s ): 39, Max: 39
...completed (78). Current throughput (jobs/s ): 39, Max: 39
...finished. Complete Job...
...finished. Complete Job...
...finished. Complete Job...
...finished. Complete Job...
...finished. Complete Job...
...finished. Complete Job...
...finished. Complete Job...
...finished. Complete Job...
...completed (79). Current throughput (jobs/s ): 26, Max: 39
...completed (80). Current throughput (jobs/s ): 27, Max: 39
...completed (81). Current throughput (jobs/s ): 27, Max: 39
...completed (82). Current throughput (jobs/s ): 27, Max: 39
...completed (83). Current throughput (jobs/s ): 28, Max: 39
...completed (84). Current throughput (jobs/s ): 28, Max: 39
...completed (85). Current throughput (jobs/s ): 28, Max: 39
...completed (86). Current throughput (jobs/s ): 29, Max: 39
...finished. Complete Job...
...finished. Complete Job...
...finished. Complete Job...
...finished. Complete Job...
...finished. Complete Job...
...finished. Complete Job...
...finished. Complete Job...
...finished. Complete Job...
...completed (87). Current throughput (jobs/s ): 29, Max: 39
...completed (88). Current throughput (jobs/s ): 29, Max: 39
...completed (89). Current throughput (jobs/s ): 30, Max: 39
...completed (90). Current throughput (jobs/s ): 30, Max: 39
...completed (91). Current throughput (jobs/s ): 30, Max: 39
...completed (92). Current throughput (jobs/s ): 31, Max: 39
...completed (93). Current throughput (jobs/s ): 31, Max: 39
...completed (94). Current throughput (jobs/s ): 31, Max: 39
Invoke REST call...
Invoke REST call...
Invoke REST call...
Invoke REST call...
Invoke REST call...
Invoke REST call...
Invoke REST call...
Invoke REST call...
Invoke REST call...
Invoke REST call...
Invoke REST call...
Invoke REST call...
Invoke REST call...
Invoke REST call...
Invoke REST call...
Invoke REST call...
Invoke REST call...
Invoke REST call...
Invoke REST call...
Invoke REST call...
Invoke REST call...
Invoke REST call...
Invoke REST call...
Invoke REST call...
Invoke REST call...
Invoke REST call...
Invoke REST call...
Invoke REST call...
Invoke REST call...
Invoke REST call...
Invoke REST call...
Invoke REST call...
...finished. Complete Job...
...finished. Complete Job...
...finished. Complete Job...
...finished. Complete Job...
...finished. Complete Job...
...finished. Complete Job...
...finished. Complete Job...
...finished. Complete Job...
...completed (95). Current throughput (jobs/s ): 32, Max: 39
...completed (96). Current throughput (jobs/s ): 32, Max: 39
...completed (97). Current throughput (jobs/s ): 32, Max: 39
...completed (98). Current throughput (jobs/s ): 33, Max: 39
...completed (99). Current throughput (jobs/s ): 33, Max: 39
...completed (100). Current throughput (jobs/s ): 33, Max: 39
...completed (101). Current throughput (jobs/s ): 34, Max: 39
...completed (102). Current throughput (jobs/s ): 34, Max: 39
...finished. Complete Job...
...finished. Complete Job...
...finished. Complete Job...
...finished. Complete Job...
...finished. Complete Job...
...finished. Complete Job...
...finished. Complete Job...
...finished. Complete Job...
...completed (103). Current throughput (jobs/s ): 34, Max: 39
...completed (104). Current throughput (jobs/s ): 35, Max: 39
...completed (105). Current throughput (jobs/s ): 35, Max: 39
...completed (106). Current throughput (jobs/s ): 35, Max: 39
...completed (107). Current throughput (jobs/s ): 36, Max: 39
...completed (108). Current throughput (jobs/s ): 36, Max: 39
...completed (109). Current throughput (jobs/s ): 36, Max: 39
...completed (110). Current throughput (jobs/s ): 37, Max: 39
...finished. Complete Job...
...finished. Complete Job...
...finished. Complete Job...
...finished. Complete Job...
...finished. Complete Job...
...finished. Complete Job...
...finished. Complete Job...
...finished. Complete Job...
...completed (111). Current throughput (jobs/s ): 37, Max: 39
...completed (112). Current throughput (jobs/s ): 37, Max: 39
...completed (113). Current throughput (jobs/s ): 38, Max: 39
...completed (114). Current throughput (jobs/s ): 38, Max: 39
...completed (115). Current throughput (jobs/s ): 38, Max: 39
...completed (116). Current throughput (jobs/s ): 39, Max: 39
...completed (117). Current throughput (jobs/s ): 39, Max: 39
...completed (118). Current throughput (jobs/s ): 39, Max: 39
...finished. Complete Job...
...finished. Complete Job...
...finished. Complete Job...
...finished. Complete Job...
...finished. Complete Job...
...finished. Complete Job...
...finished. Complete Job...
...finished. Complete Job...
...completed (119). Current throughput (jobs/s ): 40, Max: 40
...completed (120). Current throughput (jobs/s ): 40, Max: 40
...completed (121). Current throughput (jobs/s ): 40, Max: 40
...completed (122). Current throughput (jobs/s ): 41, Max: 41
...completed (123). Current throughput (jobs/s ): 41, Max: 41
...completed (124). Current throughput (jobs/s ): 41, Max: 41
...completed (125). Current throughput (jobs/s ): 42, Max: 42
...completed (126). Current throughput (jobs/s ): 42, Max: 42
Invoke REST call...
Invoke REST call...
Invoke REST call...
Invoke REST call...
Invoke REST call...
Invoke REST call...
Invoke REST call...
Invoke REST call...
Invoke REST call...
Invoke REST call...
Invoke REST call...
Invoke REST call...
Invoke REST call...
Invoke REST call...
Invoke REST call...
Invoke REST call...
Invoke REST call...
Invoke REST call...
Invoke REST call...
Invoke REST call...
Invoke REST call...
Invoke REST call...
Invoke REST call...
Invoke REST call...
Invoke REST call...
Invoke REST call...
Invoke REST call...
Invoke REST call...
Invoke REST call...
Invoke REST call...
Invoke REST call...
Invoke REST call...
...finished. Complete Job...
...finished. Complete Job...
...finished. Complete Job...
...finished. Complete Job...
...finished. Complete Job...
...finished. Complete Job...
...finished. Complete Job...
...finished. Complete Job...
...completed (127). Current throughput (jobs/s ): 32, Max: 42
...completed (128). Current throughput (jobs/s ): 32, Max: 42
...completed (129). Current throughput (jobs/s ): 32, Max: 42
...completed (130). Current throughput (jobs/s ): 33, Max: 42
...completed (131). Current throughput (jobs/s ): 33, Max: 42
...completed (132). Current throughput (jobs/s ): 33, Max: 42
...completed (133). Current throughput (jobs/s ): 33, Max: 42
...completed (134). Current throughput (jobs/s ): 34, Max: 42
...finished. Complete Job...
...finished. Complete Job...
...finished. Complete Job...
...finished. Complete Job...
...finished. Complete Job...
...finished. Complete Job...
...finished. Complete Job...
...finished. Complete Job...
...completed (135). Current throughput (jobs/s ): 34, Max: 42
...completed (136). Current throughput (jobs/s ): 34, Max: 42
...completed (137). Current throughput (jobs/s ): 34, Max: 42
...completed (138). Current throughput (jobs/s ): 35, Max: 42
...completed (139). Current throughput (jobs/s ): 35, Max: 42
...completed (140). Current throughput (jobs/s ): 35, Max: 42
...completed (141). Current throughput (jobs/s ): 35, Max: 42
...completed (142). Current throughput (jobs/s ): 36, Max: 42
...finished. Complete Job...
...finished. Complete Job...
...finished. Complete Job...
...finished. Complete Job...
...finished. Complete Job...
...finished. Complete Job...
...finished. Complete Job...
...finished. Complete Job...
...completed (143). Current throughput (jobs/s ): 36, Max: 42
...completed (144). Current throughput (jobs/s ): 36, Max: 42
...completed (145). Current throughput (jobs/s ): 36, Max: 42
...completed (146). Current throughput (jobs/s ): 37, Max: 42
...completed (147). Current throughput (jobs/s ): 37, Max: 42
...completed (148). Current throughput (jobs/s ): 37, Max: 42
...completed (149). Current throughput (jobs/s ): 37, Max: 42
...completed (150). Current throughput (jobs/s ): 38, Max: 42
...finished. Complete Job...
...finished. Complete Job...
...finished. Complete Job...
...finished. Complete Job...
...finished. Complete Job...
...finished. Complete Job...
...finished. Complete Job...
...finished. Complete Job...
...completed (151). Current throughput (jobs/s ): 38, Max: 42
...completed (152). Current throughput (jobs/s ): 38, Max: 42
...completed (153). Current throughput (jobs/s ): 38, Max: 42
...completed (154). Current throughput (jobs/s ): 39, Max: 42
...completed (155). Current throughput (jobs/s ): 39, Max: 42
...completed (156). Current throughput (jobs/s ): 39, Max: 42
...completed (157). Current throughput (jobs/s ): 39, Max: 42
...completed (158). Current throughput (jobs/s ): 40, Max: 42
Invoke REST call...
Invoke REST call...
Invoke REST call...
Invoke REST call...
Invoke REST call...
Invoke REST call...
Invoke REST call...
Invoke REST call...
Invoke REST call...
Invoke REST call...
Invoke REST call...
Invoke REST call...
Invoke REST call...
Invoke REST call...
Invoke REST call...
Invoke REST call...
Invoke REST call...
Invoke REST call...
Invoke REST call...
Invoke REST call...
Invoke REST call...
Invoke REST call...
Invoke REST call...
Invoke REST call...
Invoke REST call...
Invoke REST call...
Invoke REST call...
Invoke REST call...
Invoke REST call...
Invoke REST call...
Invoke REST call...
Invoke REST call...
...finished. Complete Job...
...finished. Complete Job...
...finished. Complete Job...
...finished. Complete Job...
...finished. Complete Job...
...finished. Complete Job...
...finished. Complete Job...
...finished. Complete Job...
...completed (159). Current throughput (jobs/s ): 40, Max: 42
...completed (160). Current throughput (jobs/s ): 40, Max: 42
...completed (161). Current throughput (jobs/s ): 40, Max: 42
...completed (162). Current throughput (jobs/s ): 41, Max: 42
...completed (163). Current throughput (jobs/s ): 41, Max: 42
...completed (164). Current throughput (jobs/s ): 41, Max: 42
...completed (165). Current throughput (jobs/s ): 41, Max: 42
...completed (166). Current throughput (jobs/s ): 42, Max: 42
...finished. Complete Job...
...finished. Complete Job...
...finished. Complete Job...
...finished. Complete Job...
...finished. Complete Job...
...finished. Complete Job...
...finished. Complete Job...
...finished. Complete Job...
...completed (167). Current throughput (jobs/s ): 42, Max: 42
...completed (168). Current throughput (jobs/s ): 42, Max: 42
...completed (169). Current throughput (jobs/s ): 42, Max: 42
...completed (170). Current throughput (jobs/s ): 43, Max: 43
...completed (171). Current throughput (jobs/s ): 43, Max: 43
...completed (172). Current throughput (jobs/s ): 43, Max: 43
...completed (173). Current throughput (jobs/s ): 43, Max: 43
...completed (174). Current throughput (jobs/s ): 44, Max: 44
...finished. Complete Job...
...finished. Complete Job...
...finished. Complete Job...
...finished. Complete Job...
...finished. Complete Job...
...finished. Complete Job...
...finished. Complete Job...
...finished. Complete Job...
...completed (175). Current throughput (jobs/s ): 44, Max: 44
...completed (176). Current throughput (jobs/s ): 44, Max: 44
...completed (177). Current throughput (jobs/s ): 44, Max: 44
...completed (178). Current throughput (jobs/s ): 45, Max: 45
...completed (179). Current throughput (jobs/s ): 45, Max: 45
...completed (180). Current throughput (jobs/s ): 45, Max: 45
...completed (181). Current throughput (jobs/s ): 45, Max: 45
...completed (182). Current throughput (jobs/s ): 46, Max: 46
...finished. Complete Job...
...finished. Complete Job...
...finished. Complete Job...
...finished. Complete Job...
...finished. Complete Job...
...finished. Complete Job...
...finished. Complete Job...
...finished. Complete Job...
...completed (183). Current throughput (jobs/s ): 46, Max: 46
...completed (184). Current throughput (jobs/s ): 46, Max: 46
...completed (185). Current throughput (jobs/s ): 46, Max: 46
...completed (186). Current throughput (jobs/s ): 47, Max: 47
...completed (187). Current throughput (jobs/s ): 47, Max: 47
...completed (188). Current throughput (jobs/s ): 47, Max: 47
...completed (189). Current throughput (jobs/s ): 47, Max: 47
...completed (190). Current throughput (jobs/s ): 48, Max: 48
Invoke REST call...
Invoke REST call...
Invoke REST call...
Invoke REST call...
Invoke REST call...
Invoke REST call...
Invoke REST call...
Invoke REST call...
Invoke REST call...
Invoke REST call...
Invoke REST call...
Invoke REST call...
Invoke REST call...
Invoke REST call...
Invoke REST call...
Invoke REST call...
Invoke REST call...
Invoke REST call...
Invoke REST call...
Invoke REST call...
Invoke REST call...
Invoke REST call...
Invoke REST call...
Invoke REST call...
Invoke REST call...
Invoke REST call...
Invoke REST call...
Invoke REST call...
Invoke REST call...
Invoke REST call...
Invoke REST call...
Invoke REST call...
...finished. Complete Job...
...finished. Complete Job...
...finished. Complete Job...
...finished. Complete Job...
...finished. Complete Job...
...finished. Complete Job...
...finished. Complete Job...
...finished. Complete Job...
...completed (191). Current throughput (jobs/s ): 38, Max: 48
...completed (192). Current throughput (jobs/s ): 38, Max: 48
...completed (193). Current throughput (jobs/s ): 39, Max: 48
...completed (194). Current throughput (jobs/s ): 39, Max: 48
...completed (195). Current throughput (jobs/s ): 39, Max: 48
...completed (196). Current throughput (jobs/s ): 39, Max: 48
...completed (197). Current throughput (jobs/s ): 39, Max: 48
...completed (198). Current throughput (jobs/s ): 40, Max: 48
...finished. Complete Job...
...finished. Complete Job...
...finished. Complete Job...
...finished. Complete Job...
...finished. Complete Job...
...finished. Complete Job...
...finished. Complete Job...
...finished. Complete Job...
...completed (199). Current throughput (jobs/s ): 40, Max: 48
...completed (200). Current throughput (jobs/s ): 40, Max: 48
...completed (201). Current throughput (jobs/s ): 40, Max: 48
...completed (202). Current throughput (jobs/s ): 40, Max: 48
...completed (203). Current throughput (jobs/s ): 41, Max: 48
...completed (204). Current throughput (jobs/s ): 41, Max: 48
...completed (205). Current throughput (jobs/s ): 41, Max: 48
...completed (206). Current throughput (jobs/s ): 41, Max: 48
...finished. Complete Job...
...finished. Complete Job...
...finished. Complete Job...
...finished. Complete Job...
...finished. Complete Job...
...finished. Complete Job...
...finished. Complete Job...
...finished. Complete Job...
...completed (207). Current throughput (jobs/s ): 41, Max: 48
...completed (208). Current throughput (jobs/s ): 42, Max: 48
...completed (209). Current throughput (jobs/s ): 42, Max: 48
...completed (210). Current throughput (jobs/s ): 42, Max: 48
...completed (211). Current throughput (jobs/s ): 42, Max: 48
...completed (212). Current throughput (jobs/s ): 42, Max: 48
...completed (213). Current throughput (jobs/s ): 43, Max: 48
...completed (214). Current throughput (jobs/s ): 43, Max: 48
...finished. Complete Job...
...finished. Complete Job...
...finished. Complete Job...
...finished. Complete Job...
...finished. Complete Job...
...finished. Complete Job...
...finished. Complete Job...
...finished. Complete Job...
...completed (215). Current throughput (jobs/s ): 43, Max: 48
...completed (216). Current throughput (jobs/s ): 43, Max: 48
...completed (217). Current throughput (jobs/s ): 43, Max: 48
...completed (218). Current throughput (jobs/s ): 44, Max: 48
...completed (219). Current throughput (jobs/s ): 44, Max: 48
...completed (220). Current throughput (jobs/s ): 44, Max: 48
...completed (221). Current throughput (jobs/s ): 44, Max: 48
...completed (222). Current throughput (jobs/s ): 44, Max: 48
Invoke REST call...
Invoke REST call...
Invoke REST call...
Invoke REST call...
Invoke REST call...
Invoke REST call...
Invoke REST call...
Invoke REST call...
Invoke REST call...
Invoke REST call...
Invoke REST call...
Invoke REST call...
Invoke REST call...
Invoke REST call...
Invoke REST call...
Invoke REST call...
Invoke REST call...
Invoke REST call...
Invoke REST call...
Invoke REST call...
Invoke REST call...
Invoke REST call...
Invoke REST call...
Invoke REST call...
Invoke REST call...
Invoke REST call...
Invoke REST call...
Invoke REST call...
Invoke REST call...
Invoke REST call...
Invoke REST call...
Invoke REST call...
...finished. Complete Job...
...finished. Complete Job...
...finished. Complete Job...
...finished. Complete Job...
...finished. Complete Job...
...finished. Complete Job...
...finished. Complete Job...
...finished. Complete Job...
...completed (223). Current throughput (jobs/s ): 45, Max: 48
...completed (224). Current throughput (jobs/s ): 45, Max: 48
...completed (225). Current throughput (jobs/s ): 45, Max: 48
...completed (226). Current throughput (jobs/s ): 45, Max: 48
...completed (227). Current throughput (jobs/s ): 45, Max: 48
...completed (228). Current throughput (jobs/s ): 46, Max: 48
...completed (229). Current throughput (jobs/s ): 46, Max: 48
...completed (230). Current throughput (jobs/s ): 46, Max: 48
...finished. Complete Job...
...finished. Complete Job...
...finished. Complete Job...
...finished. Complete Job...
...finished. Complete Job...
...finished. Complete Job...
...finished. Complete Job...
...finished. Complete Job...
...completed (231). Current throughput (jobs/s ): 46, Max: 48
...completed (232). Current throughput (jobs/s ): 46, Max: 48
...completed (233). Current throughput (jobs/s ): 47, Max: 48
...completed (234). Current throughput (jobs/s ): 47, Max: 48
...completed (235). Current throughput (jobs/s ): 47, Max: 48
...completed (236). Current throughput (jobs/s ): 47, Max: 48
...completed (237). Current throughput (jobs/s ): 47, Max: 48
...completed (238). Current throughput (jobs/s ): 48, Max: 48
...finished. Complete Job...
...finished. Complete Job...
...finished. Complete Job...
...finished. Complete Job...
...finished. Complete Job...
...finished. Complete Job...
...finished. Complete Job...
...finished. Complete Job...
...completed (239). Current throughput (jobs/s ): 40, Max: 48
...completed (240). Current throughput (jobs/s ): 40, Max: 48
...completed (241). Current throughput (jobs/s ): 40, Max: 48
...completed (242). Current throughput (jobs/s ): 40, Max: 48
...completed (243). Current throughput (jobs/s ): 41, Max: 48
...completed (244). Current throughput (jobs/s ): 41, Max: 48
...completed (245). Current throughput (jobs/s ): 41, Max: 48
...completed (246). Current throughput (jobs/s ): 41, Max: 48
...finished. Complete Job...
...finished. Complete Job...
...finished. Complete Job...
...finished. Complete Job...
...finished. Complete Job...
...finished. Complete Job...
...finished. Complete Job...
...finished. Complete Job...
...completed (247). Current throughput (jobs/s ): 41, Max: 48
...completed (248). Current throughput (jobs/s ): 41, Max: 48
...completed (249). Current throughput (jobs/s ): 42, Max: 48
...completed (250). Current throughput (jobs/s ): 42, Max: 48
...completed (251). Current throughput (jobs/s ): 42, Max: 48
...completed (252). Current throughput (jobs/s ): 42, Max: 48
...completed (253). Current throughput (jobs/s ): 42, Max: 48
...completed (254). Current throughput (jobs/s ): 42, Max: 48
Invoke REST call...
Invoke REST call...
Invoke REST call...
Invoke REST call...
Invoke REST call...
Invoke REST call...
Invoke REST call...
Invoke REST call...
Invoke REST call...
Invoke REST call...
Invoke REST call...
Invoke REST call...
Invoke REST call...
Invoke REST call...
Invoke REST call...
Invoke REST call...
Invoke REST call...
Invoke REST call...
Invoke REST call...
Invoke REST call...
Invoke REST call...
Invoke REST call...
Invoke REST call...
Invoke REST call...
Invoke REST call...
Invoke REST call...
Invoke REST call...
Invoke REST call...
Invoke REST call...
Invoke REST call...
Invoke REST call...
Invoke REST call...
...finished. Complete Job...
...finished. Complete Job...
...finished. Complete Job...
...finished. Complete Job...
...finished. Complete Job...
...finished. Complete Job...
...finished. Complete Job...
...finished. Complete Job...
...completed (255). Current throughput (jobs/s ): 43, Max: 48
...completed (256). Current throughput (jobs/s ): 43, Max: 48
...completed (257). Current throughput (jobs/s ): 43, Max: 48
...completed (258). Current throughput (jobs/s ): 43, Max: 48
...completed (259). Current throughput (jobs/s ): 43, Max: 48
...completed (260). Current throughput (jobs/s ): 43, Max: 48
...completed (261). Current throughput (jobs/s ): 44, Max: 48
...completed (262). Current throughput (jobs/s ): 44, Max: 48
...finished. Complete Job...
...finished. Complete Job...
...finished. Complete Job...
...finished. Complete Job...
...finished. Complete Job...
...finished. Complete Job...
...finished. Complete Job...
...finished. Complete Job...
...completed (263). Current throughput (jobs/s ): 44, Max: 48
...completed (264). Current throughput (jobs/s ): 44, Max: 48
...completed (265). Current throughput (jobs/s ): 44, Max: 48
...completed (266). Current throughput (jobs/s ): 44, Max: 48
...completed (267). Current throughput (jobs/s ): 45, Max: 48
...completed (268). Current throughput (jobs/s ): 45, Max: 48
...completed (269). Current throughput (jobs/s ): 45, Max: 48
...completed (270). Current throughput (jobs/s ): 45, Max: 48
...finished. Complete Job...
...finished. Complete Job...
...finished. Complete Job...
...finished. Complete Job...
...finished. Complete Job...
...finished. Complete Job...
...finished. Complete Job...
...finished. Complete Job...
...completed (271). Current throughput (jobs/s ): 45, Max: 48
...completed (272). Current throughput (jobs/s ): 45, Max: 48
...completed (273). Current throughput (jobs/s ): 46, Max: 48
...completed (274). Current throughput (jobs/s ): 46, Max: 48
...completed (275). Current throughput (jobs/s ): 46, Max: 48
...completed (276). Current throughput (jobs/s ): 46, Max: 48
...completed (277). Current throughput (jobs/s ): 46, Max: 48
...completed (278). Current throughput (jobs/s ): 46, Max: 48
...finished. Complete Job...
...finished. Complete Job...
...finished. Complete Job...
...finished. Complete Job...
...finished. Complete Job...
...finished. Complete Job...
...finished. Complete Job...
...finished. Complete Job...
...completed (279). Current throughput (jobs/s ): 47, Max: 48
...completed (280). Current throughput (jobs/s ): 47, Max: 48
...completed (281). Current throughput (jobs/s ): 47, Max: 48
...completed (282). Current throughput (jobs/s ): 47, Max: 48
...completed (283). Current throughput (jobs/s ): 47, Max: 48
...completed (284). Current throughput (jobs/s ): 47, Max: 48
...completed (285). Current throughput (jobs/s ): 48, Max: 48
...completed (286). Current throughput (jobs/s ): 48, Max: 48
Invoke REST call...
Invoke REST call...
Invoke REST call...
Invoke REST call...
Invoke REST call...
Invoke REST call...
Invoke REST call...
Invoke REST call...
Invoke REST call...
Invoke REST call...
Invoke REST call...
Invoke REST call...
Invoke REST call...
Invoke REST call...
Invoke REST call...
Invoke REST call...
Invoke REST call...
Invoke REST call...
Invoke REST call...
Invoke REST call...
Invoke REST call...
Invoke REST call...
Invoke REST call...
Invoke REST call...
Invoke REST call...
Invoke REST call...
Invoke REST call...
Invoke REST call...
Invoke REST call...
Invoke REST call...
Invoke REST call...
Invoke REST call...
...finished. Complete Job...
...finished. Complete Job...
...finished. Complete Job...
...finished. Complete Job...
...finished. Complete Job...
...finished. Complete Job...
...finished. Complete Job...
...finished. Complete Job...
...completed (287). Current throughput (jobs/s ): 41, Max: 48
...completed (288). Current throughput (jobs/s ): 41, Max: 48
...completed (289). Current throughput (jobs/s ): 41, Max: 48
...completed (290). Current throughput (jobs/s ): 41, Max: 48
...completed (291). Current throughput (jobs/s ): 42, Max: 48
...completed (292). Current throughput (jobs/s ): 42, Max: 48
...completed (293). Current throughput (jobs/s ): 42, Max: 48
...completed (294). Current throughput (jobs/s ): 42, Max: 48
...finished. Complete Job...
...finished. Complete Job...
...finished. Complete Job...
...finished. Complete Job...
...finished. Complete Job...
...finished. Complete Job...
...finished. Complete Job...
...finished. Complete Job...
...completed (295). Current throughput (jobs/s ): 42, Max: 48
...completed (296). Current throughput (jobs/s ): 42, Max: 48
...completed (297). Current throughput (jobs/s ): 42, Max: 48
...completed (298). Current throughput (jobs/s ): 43, Max: 48
...completed (299). Current throughput (jobs/s ): 43, Max: 48
...completed (300). Current throughput (jobs/s ): 43, Max: 48
...completed (301). Current throughput (jobs/s ): 43, Max: 48
...completed (302). Current throughput (jobs/s ): 43, Max: 48
...finished. Complete Job...
...finished. Complete Job...
...finished. Complete Job...
...finished. Complete Job...
...finished. Complete Job...
...finished. Complete Job...
...finished. Complete Job...
...finished. Complete Job...
...completed (303). Current throughput (jobs/s ): 43, Max: 48
...completed (304). Current throughput (jobs/s ): 43, Max: 48
...completed (305). Current throughput (jobs/s ): 44, Max: 48
...completed (306). Current throughput (jobs/s ): 44, Max: 48
...completed (307). Current throughput (jobs/s ): 44, Max: 48
...completed (308). Current throughput (jobs/s ): 44, Max: 48
...completed (309). Current throughput (jobs/s ): 44, Max: 48
...completed (310). Current throughput (jobs/s ): 44, Max: 48
...finished. Complete Job...
...finished. Complete Job...
...finished. Complete Job...
...finished. Complete Job...
...finished. Complete Job...
...finished. Complete Job...
...finished. Complete Job...
...finished. Complete Job...
...completed (311). Current throughput (jobs/s ): 44, Max: 48
...completed (312). Current throughput (jobs/s ): 45, Max: 48
...completed (313). Current throughput (jobs/s ): 45, Max: 48
...completed (314). Current throughput (jobs/s ): 45, Max: 48
...completed (315). Current throughput (jobs/s ): 45, Max: 48
...completed (316). Current throughput (jobs/s ): 45, Max: 48
...completed (317). Current throughput (jobs/s ): 45, Max: 48
...completed (318). Current throughput (jobs/s ): 45, Max: 48
Invoke REST call...
Invoke REST call...
Invoke REST call...
Invoke REST call...
Invoke REST call...
Invoke REST call...
Invoke REST call...
Invoke REST call...
Invoke REST call...
Invoke REST call...
Invoke REST call...
Invoke REST call...
Invoke REST call...
Invoke REST call...
Invoke REST call...
Invoke REST call...
Invoke REST call...
Invoke REST call...
Invoke REST call...
Invoke REST call...
Invoke REST call...
Invoke REST call...
Invoke REST call...
Invoke REST call...
Invoke REST call...
Invoke REST call...
Invoke REST call...
Invoke REST call...
Invoke REST call...
Invoke REST call...
Invoke REST call...
Invoke REST call...
...finished. Complete Job...
...finished. Complete Job...
...finished. Complete Job...
...finished. Complete Job...
...finished. Complete Job...
...finished. Complete Job...
...finished. Complete Job...
...finished. Complete Job...
...completed (319). Current throughput (jobs/s ): 46, Max: 48
...completed (320). Current throughput (jobs/s ): 46, Max: 48
...completed (321). Current throughput (jobs/s ): 46, Max: 48
...completed (322). Current throughput (jobs/s ): 46, Max: 48
...completed (323). Current throughput (jobs/s ): 46, Max: 48
...completed (324). Current throughput (jobs/s ): 46, Max: 48
...completed (325). Current throughput (jobs/s ): 46, Max: 48
...completed (326). Current throughput (jobs/s ): 47, Max: 48
...finished. Complete Job...
...finished. Complete Job...
...finished. Complete Job...
...finished. Complete Job...
...finished. Complete Job...
...finished. Complete Job...
...finished. Complete Job...
...finished. Complete Job...
...completed (327). Current throughput (jobs/s ): 47, Max: 48
...completed (328). Current throughput (jobs/s ): 47, Max: 48
...completed (329). Current throughput (jobs/s ): 47, Max: 48
...completed (330). Current throughput (jobs/s ): 47, Max: 48
...completed (331). Current throughput (jobs/s ): 47, Max: 48
...completed (332). Current throughput (jobs/s ): 47, Max: 48
...completed (333). Current throughput (jobs/s ): 48, Max: 48
...completed (334). Current throughput (jobs/s ): 48, Max: 48
...finished. Complete Job...
...finished. Complete Job...
...finished. Complete Job...
...finished. Complete Job...
...finished. Complete Job...
...finished. Complete Job...
...finished. Complete Job...
...finished. Complete Job...
...completed (335). Current throughput (jobs/s ): 48, Max: 48
...completed (336). Current throughput (jobs/s ): 48, Max: 48
...completed (337). Current throughput (jobs/s ): 48, Max: 48
...completed (338). Current throughput (jobs/s ): 48, Max: 48
...completed (339). Current throughput (jobs/s ): 48, Max: 48
...completed (340). Current throughput (jobs/s ): 49, Max: 49
...completed (341). Current throughput (jobs/s ): 49, Max: 49
...completed (342). Current throughput (jobs/s ): 49, Max: 49
...finished. Complete Job...
...finished. Complete Job...
...finished. Complete Job...
...finished. Complete Job...
...finished. Complete Job...
...finished. Complete Job...
...finished. Complete Job...
...finished. Complete Job...
...completed (343). Current throughput (jobs/s ): 43, Max: 49
...completed (344). Current throughput (jobs/s ): 43, Max: 49
...completed (345). Current throughput (jobs/s ): 43, Max: 49
...completed (346). Current throughput (jobs/s ): 43, Max: 49
...completed (347). Current throughput (jobs/s ): 43, Max: 49
...completed (348). Current throughput (jobs/s ): 44, Max: 49
...completed (349). Current throughput (jobs/s ): 44, Max: 49
...completed (350). Current throughput (jobs/s ): 44, Max: 49
Invoke REST call...
Invoke REST call...
Invoke REST call...
Invoke REST call...
Invoke REST call...
Invoke REST call...
Invoke REST call...
Invoke REST call...
Invoke REST call...
Invoke REST call...
Invoke REST call...
Invoke REST call...
Invoke REST call...
Invoke REST call...
Invoke REST call...
Invoke REST call...
Invoke REST call...
Invoke REST call...
Invoke REST call...
Invoke REST call...
Invoke REST call...
Invoke REST call...
Invoke REST call...
Invoke REST call...
Invoke REST call...
Invoke REST call...
Invoke REST call...
Invoke REST call...
Invoke REST call...
Invoke REST call...
Invoke REST call...
Invoke REST call...
...finished. Complete Job...
...finished. Complete Job...
...finished. Complete Job...
...finished. Complete Job...
...finished. Complete Job...
...finished. Complete Job...
...finished. Complete Job...
...finished. Complete Job...
...completed (351). Current throughput (jobs/s ): 44, Max: 49
...completed (352). Current throughput (jobs/s ): 44, Max: 49
...completed (353). Current throughput (jobs/s ): 44, Max: 49
...completed (354). Current throughput (jobs/s ): 44, Max: 49
...completed (355). Current throughput (jobs/s ): 44, Max: 49
...completed (356). Current throughput (jobs/s ): 45, Max: 49
...completed (357). Current throughput (jobs/s ): 45, Max: 49
...completed (358). Current throughput (jobs/s ): 45, Max: 49
...finished. Complete Job...
...finished. Complete Job...
...finished. Complete Job...
...finished. Complete Job...
...finished. Complete Job...
...finished. Complete Job...
...finished. Complete Job...
...finished. Complete Job...
...completed (359). Current throughput (jobs/s ): 45, Max: 49
...completed (360). Current throughput (jobs/s ): 45, Max: 49
...completed (361). Current throughput (jobs/s ): 45, Max: 49
...completed (362). Current throughput (jobs/s ): 45, Max: 49
...completed (363). Current throughput (jobs/s ): 45, Max: 49
...completed (364). Current throughput (jobs/s ): 46, Max: 49
...completed (365). Current throughput (jobs/s ): 46, Max: 49
...completed (366). Current throughput (jobs/s ): 46, Max: 49
...finished. Complete Job...
...finished. Complete Job...
...finished. Complete Job...
...finished. Complete Job...
...finished. Complete Job...
...finished. Complete Job...
...finished. Complete Job...
...finished. Complete Job...
...completed (367). Current throughput (jobs/s ): 46, Max: 49
...completed (368). Current throughput (jobs/s ): 46, Max: 49
...completed (369). Current throughput (jobs/s ): 46, Max: 49
...completed (370). Current throughput (jobs/s ): 46, Max: 49
...completed (371). Current throughput (jobs/s ): 46, Max: 49
...completed (372). Current throughput (jobs/s ): 47, Max: 49
...completed (373). Current throughput (jobs/s ): 47, Max: 49
...completed (374). Current throughput (jobs/s ): 47, Max: 49
...finished. Complete Job...
...finished. Complete Job...
...finished. Complete Job...
...finished. Complete Job...
...finished. Complete Job...
...finished. Complete Job...
...finished. Complete Job...
...finished. Complete Job...
...completed (375). Current throughput (jobs/s ): 47, Max: 49
...completed (376). Current throughput (jobs/s ): 47, Max: 49
...completed (377). Current throughput (jobs/s ): 47, Max: 49
...completed (378). Current throughput (jobs/s ): 47, Max: 49
...completed (379). Current throughput (jobs/s ): 47, Max: 49
...completed (380). Current throughput (jobs/s ): 48, Max: 49
...completed (381). Current throughput (jobs/s ): 48, Max: 49
...completed (382). Current throughput (jobs/s ): 48, Max: 49
Invoke REST call...
Invoke REST call...
Invoke REST call...
Invoke REST call...
Invoke REST call...
Invoke REST call...
Invoke REST call...
Invoke REST call...
Invoke REST call...
Invoke REST call...
Invoke REST call...
Invoke REST call...
Invoke REST call...
Invoke REST call...
Invoke REST call...
Invoke REST call...
Invoke REST call...
Invoke REST call...
Invoke REST call...
Invoke REST call...
Invoke REST call...
Invoke REST call...
Invoke REST call...
Invoke REST call...
Invoke REST call...
Invoke REST call...
Invoke REST call...
Invoke REST call...
Invoke REST call...
Invoke REST call...
Invoke REST call...
Invoke REST call...
...finished. Complete Job...
...finished. Complete Job...
...finished. Complete Job...
...finished. Complete Job...
...finished. Complete Job...
...finished. Complete Job...
...finished. Complete Job...
...finished. Complete Job...
...completed (383). Current throughput (jobs/s ): 48, Max: 49
...completed (384). Current throughput (jobs/s ): 48, Max: 49
...completed (385). Current throughput (jobs/s ): 48, Max: 49
...completed (386). Current throughput (jobs/s ): 48, Max: 49
...completed (387). Current throughput (jobs/s ): 48, Max: 49
...completed (388). Current throughput (jobs/s ): 49, Max: 49
...completed (389). Current throughput (jobs/s ): 49, Max: 49
...completed (390). Current throughput (jobs/s ): 49, Max: 49
...finished. Complete Job...
...finished. Complete Job...
...finished. Complete Job...
...finished. Complete Job...
...finished. Complete Job...
...finished. Complete Job...
...finished. Complete Job...
...finished. Complete Job...
...completed (391). Current throughput (jobs/s ): 43, Max: 49
...completed (392). Current throughput (jobs/s ): 44, Max: 49
...completed (393). Current throughput (jobs/s ): 44, Max: 49
...completed (394). Current throughput (jobs/s ): 44, Max: 49
...completed (395). Current throughput (jobs/s ): 44, Max: 49
...completed (396). Current throughput (jobs/s ): 44, Max: 49
...completed (397). Current throughput (jobs/s ): 44, Max: 49
...completed (398). Current throughput (jobs/s ): 44, Max: 49
...finished. Complete Job...
...finished. Complete Job...
...finished. Complete Job...
...finished. Complete Job...
...finished. Complete Job...
...finished. Complete Job...
...finished. Complete Job...
...finished. Complete Job...
...completed (399). Current throughput (jobs/s ): 44, Max: 49
...completed (400). Current throughput (jobs/s ): 44, Max: 49
...completed (401). Current throughput (jobs/s ): 45, Max: 49
...completed (402). Current throughput (jobs/s ): 45, Max: 49
...completed (403). Current throughput (jobs/s ): 45, Max: 49
...completed (404). Current throughput (jobs/s ): 45, Max: 49
...completed (405). Current throughput (jobs/s ): 45, Max: 49
...completed (406). Current throughput (jobs/s ): 45, Max: 49
...finished. Complete Job...
...finished. Complete Job...
...finished. Complete Job...
...finished. Complete Job...
...finished. Complete Job...
...finished. Complete Job...
...finished. Complete Job...
...finished. Complete Job...
...completed (407). Current throughput (jobs/s ): 45, Max: 49
...completed (408). Current throughput (jobs/s ): 45, Max: 49
...completed (409). Current throughput (jobs/s ): 45, Max: 49
...completed (410). Current throughput (jobs/s ): 46, Max: 49
...completed (411). Current throughput (jobs/s ): 46, Max: 49
...completed (412). Current throughput (jobs/s ): 46, Max: 49
...completed (413). Current throughput (jobs/s ): 46, Max: 49
...completed (414). Current throughput (jobs/s ): 46, Max: 49
Invoke REST call...
Invoke REST call...
Invoke REST call...
Invoke REST call...
Invoke REST call...
Invoke REST call...
Invoke REST call...
Invoke REST call...
Invoke REST call...
Invoke REST call...
Invoke REST call...
Invoke REST call...
Invoke REST call...
Invoke REST call...
Invoke REST call...
Invoke REST call...
Invoke REST call...
Invoke REST call...
Invoke REST call...
Invoke REST call...
Invoke REST call...
Invoke REST call...
Invoke REST call...
Invoke REST call...
Invoke REST call...
Invoke REST call...
Invoke REST call...
Invoke REST call...
Invoke REST call...
Invoke REST call...
Invoke REST call...
Invoke REST call...
...finished. Complete Job...
...finished. Complete Job...
...finished. Complete Job...
...finished. Complete Job...
...finished. Complete Job...
...finished. Complete Job...
...finished. Complete Job...
...finished. Complete Job...
...completed (415). Current throughput (jobs/s ): 46, Max: 49
...completed (416). Current throughput (jobs/s ): 46, Max: 49
...completed (417). Current throughput (jobs/s ): 46, Max: 49
...completed (418). Current throughput (jobs/s ): 46, Max: 49
...completed (419). Current throughput (jobs/s ): 47, Max: 49
...completed (420). Current throughput (jobs/s ): 47, Max: 49
...completed (421). Current throughput (jobs/s ): 47, Max: 49
...completed (422). Current throughput (jobs/s ): 47, Max: 49
...finished. Complete Job...
...finished. Complete Job...
...finished. Complete Job...
...finished. Complete Job...
...finished. Complete Job...
...finished. Complete Job...
...finished. Complete Job...
...finished. Complete Job...
...completed (423). Current throughput (jobs/s ): 47, Max: 49
...completed (424). Current throughput (jobs/s ): 47, Max: 49
...completed (425). Current throughput (jobs/s ): 47, Max: 49
...completed (426). Current throughput (jobs/s ): 47, Max: 49
...completed (427). Current throughput (jobs/s ): 47, Max: 49
...completed (428). Current throughput (jobs/s ): 48, Max: 49
...completed (429). Current throughput (jobs/s ): 48, Max: 49
...completed (430). Current throughput (jobs/s ): 48, Max: 49
...finished. Complete Job...
...finished. Complete Job...
...finished. Complete Job...
...finished. Complete Job...
...finished. Complete Job...
...finished. Complete Job...
...finished. Complete Job...
...finished. Complete Job...
...completed (431). Current throughput (jobs/s ): 48, Max: 49
...completed (432). Current throughput (jobs/s ): 48, Max: 49
...completed (433). Current throughput (jobs/s ): 48, Max: 49
...completed (434). Current throughput (jobs/s ): 48, Max: 49
...completed (435). Current throughput (jobs/s ): 48, Max: 49
...completed (436). Current throughput (jobs/s ): 48, Max: 49
...completed (437). Current throughput (jobs/s ): 49, Max: 49
...completed (438). Current throughput (jobs/s ): 49, Max: 49
...finished. Complete Job...
...finished. Complete Job...
...finished. Complete Job...
...finished. Complete Job...
...finished. Complete Job...
...finished. Complete Job...
...finished. Complete Job...
...finished. Complete Job...
...completed (439). Current throughput (jobs/s ): 49, Max: 49
...completed (440). Current throughput (jobs/s ): 49, Max: 49
...completed (441). Current throughput (jobs/s ): 49, Max: 49
...completed (442). Current throughput (jobs/s ): 49, Max: 49
...completed (443). Current throughput (jobs/s ): 49, Max: 49
...completed (444). Current throughput (jobs/s ): 49, Max: 49
...completed (445). Current throughput (jobs/s ): 49, Max: 49
...completed (446). Current throughput (jobs/s ): 50, Max: 50
Invoke REST call...
Invoke REST call...
Invoke REST call...
Invoke REST call...
Invoke REST call...
Invoke REST call...
Invoke REST call...
Invoke REST call...
Invoke REST call...
Invoke REST call...
Invoke REST call...
Invoke REST call...
Invoke REST call...
Invoke REST call...
Invoke REST call...
Invoke REST call...
Invoke REST call...
Invoke REST call...
Invoke REST call...
Invoke REST call...
Invoke REST call...
Invoke REST call...
Invoke REST call...
Invoke REST call...
Invoke REST call...
Invoke REST call...
Invoke REST call...
Invoke REST call...
Invoke REST call...
Invoke REST call...
Invoke REST call...
Invoke REST call...
...finished. Complete Job...
...finished. Complete Job...
...finished. Complete Job...
...finished. Complete Job...
...finished. Complete Job...
...finished. Complete Job...
...finished. Complete Job...
...finished. Complete Job...
...completed (447). Current throughput (jobs/s ): 45, Max: 50
...completed (448). Current throughput (jobs/s ): 45, Max: 50
...completed (449). Current throughput (jobs/s ): 45, Max: 50
...completed (450). Current throughput (jobs/s ): 45, Max: 50
...completed (451). Current throughput (jobs/s ): 45, Max: 50
...completed (452). Current throughput (jobs/s ): 45, Max: 50
...completed (453). Current throughput (jobs/s ): 45, Max: 50
...completed (454). Current throughput (jobs/s ): 45, Max: 50
...finished. Complete Job...
...finished. Complete Job...
...finished. Complete Job...
...finished. Complete Job...
...finished. Complete Job...
...finished. Complete Job...
...finished. Complete Job...
...finished. Complete Job...
...completed (455). Current throughput (jobs/s ): 46, Max: 50
...completed (456). Current throughput (jobs/s ): 46, Max: 50
...completed (457). Current throughput (jobs/s ): 46, Max: 50
...completed (458). Current throughput (jobs/s ): 46, Max: 50
...completed (459). Current throughput (jobs/s ): 46, Max: 50
...completed (460). Current throughput (jobs/s ): 46, Max: 50
...completed (461). Current throughput (jobs/s ): 46, Max: 50
...completed (462). Current throughput (jobs/s ): 46, Max: 50
...finished. Complete Job...
...finished. Complete Job...
...finished. Complete Job...
...finished. Complete Job...
...finished. Complete Job...
...finished. Complete Job...
...finished. Complete Job...
...finished. Complete Job...
...completed (463). Current throughput (jobs/s ): 46, Max: 50
...completed (464). Current throughput (jobs/s ): 46, Max: 50
...completed (465). Current throughput (jobs/s ): 47, Max: 50
...completed (466). Current throughput (jobs/s ): 47, Max: 50
...completed (467). Current throughput (jobs/s ): 47, Max: 50
...completed (468). Current throughput (jobs/s ): 47, Max: 50
...completed (469). Current throughput (jobs/s ): 47, Max: 50
...completed (470). Current throughput (jobs/s ): 47, Max: 50
...finished. Complete Job...
...finished. Complete Job...
...finished. Complete Job...
...finished. Complete Job...
...finished. Complete Job...
...finished. Complete Job...
...finished. Complete Job...
...finished. Complete Job...
...completed (471). Current throughput (jobs/s ): 47, Max: 50
...completed (472). Current throughput (jobs/s ): 47, Max: 50
...completed (473). Current throughput (jobs/s ): 47, Max: 50
...completed (474). Current throughput (jobs/s ): 47, Max: 50
...completed (475). Current throughput (jobs/s ): 48, Max: 50
...completed (476). Current throughput (jobs/s ): 48, Max: 50
...completed (477). Current throughput (jobs/s ): 48, Max: 50
...completed (478). Current throughput (jobs/s ): 48, Max: 50
Invoke REST call...
Invoke REST call...
Invoke REST call...
Invoke REST call...
Invoke REST call...
Invoke REST call...
Invoke REST call...
Invoke REST call...
Invoke REST call...
Invoke REST call...
Invoke REST call...
Invoke REST call...
Invoke REST call...
Invoke REST call...
Invoke REST call...
Invoke REST call...
Invoke REST call...
Invoke REST call...
Invoke REST call...
Invoke REST call...
Invoke REST call...
Invoke REST call...
...finished. Complete Job...
...finished. Complete Job...
...finished. Complete Job...
...finished. Complete Job...
...finished. Complete Job...
...finished. Complete Job...
...finished. Complete Job...
...finished. Complete Job...
...completed (479). Current throughput (jobs/s ): 48, Max: 50
...completed (480). Current throughput (jobs/s ): 48, Max: 50
...completed (481). Current throughput (jobs/s ): 48, Max: 50
...completed (482). Current throughput (jobs/s ): 48, Max: 50
...completed (483). Current throughput (jobs/s ): 48, Max: 50
...completed (484). Current throughput (jobs/s ): 48, Max: 50
...completed (485). Current throughput (jobs/s ): 49, Max: 50
...completed (486). Current throughput (jobs/s ): 49, Max: 50
...finished. Complete Job...
...finished. Complete Job...
...finished. Complete Job...
...finished. Complete Job...
...finished. Complete Job...
...finished. Complete Job...
...finished. Complete Job...
...finished. Complete Job...
...completed (487). Current throughput (jobs/s ): 49, Max: 50
...completed (488). Current throughput (jobs/s ): 49, Max: 50
...completed (489). Current throughput (jobs/s ): 49, Max: 50
...completed (490). Current throughput (jobs/s ): 49, Max: 50
...completed (491). Current throughput (jobs/s ): 49, Max: 50
...completed (492). Current throughput (jobs/s ): 49, Max: 50
...completed (493). Current throughput (jobs/s ): 49, Max: 50
...completed (494). Current throughput (jobs/s ): 49, Max: 50
...finished. Complete Job...
...finished. Complete Job...
...finished. Complete Job...
...finished. Complete Job...
...finished. Complete Job...
...finished. Complete Job...
...completed (495). Current throughput (jobs/s ): 45, Max: 50
...completed (496). Current throughput (jobs/s ): 45, Max: 50
...completed (497). Current throughput (jobs/s ): 45, Max: 50
...completed (498). Current throughput (jobs/s ): 45, Max: 50
...completed (499). Current throughput (jobs/s ): 45, Max: 50
...completed (500). Current throughput (jobs/s ): 45, Max: 50
